[ 2015-03-10T14:39:16+08:00 ] 127.0.0.1 /blog/
INFO: [ app_init ] --START--
INFO: Run Behavior\BuildLiteBehavior [ RunTime:0.000000s ]
INFO: [ app_init ] --END-- [ RunTime:0.000000s ]
INFO: [ app_begin ] --START--
INFO: Run Behavior\ReadHtmlCacheBehavior [ RunTime:0.003000s ]
INFO: [ app_begin ] --END-- [ RunTime:0.003000s ]
INFO: [ view_parse ] --START--
INFO: [ template_filter ] --START--
INFO: Run Behavior\ContentReplaceBehavior [ RunTime:0.000000s ]
INFO: [ template_filter ] --END-- [ RunTime:0.000000s ]
INFO: Run Behavior\ParseTemplateBehavior [ RunTime:0.028002s ]
INFO: [ view_parse ] --END-- [ RunTime:0.028002s ]
INFO: [ view_filter ] --START--
INFO: Run Behavior\WriteHtmlCacheBehavior [ RunTime:0.001000s ]
INFO: [ view_filter ] --END-- [ RunTime:0.002000s ]
INFO: [ app_end ] --START--
INFO: Run Behavior\ShowPageTraceBehavior [ RunTime:0.001000s ]
INFO: [ app_end ] --END-- [ RunTime:0.002000s ]

[ 2015-03-10T14:55:36+08:00 ] 127.0.0.1 /blog/
INFO: [ app_init ] --START--
INFO: Run Behavior\BuildLiteBehavior [ RunTime:0.000000s ]
INFO: [ app_init ] --END-- [ RunTime:0.015001s ]
INFO: [ app_begin ] --START--
INFO: Run Behavior\ReadHtmlCacheBehavior [ RunTime:0.001000s ]
INFO: [ app_begin ] --END-- [ RunTime:0.002000s ]
INFO: [ view_parse ] --START--
INFO: Run Behavior\ParseTemplateBehavior [ RunTime:0.062003s ]
INFO: [ view_parse ] --END-- [ RunTime:0.063003s ]
INFO: [ view_filter ] --START--
INFO: Run Behavior\WriteHtmlCacheBehavior [ RunTime:0.001000s ]
INFO: [ view_filter ] --END-- [ RunTime:0.002001s ]
INFO: [ app_end ] --START--
INFO: Run Behavior\ShowPageTraceBehavior [ RunTime:0.014000s ]
INFO: [ app_end ] --END-- [ RunTime:0.014000s ]

[ 2015-03-10T14:56:10+08:00 ] 127.0.0.1 /blog/
INFO: [ app_init ] --START--
INFO: Run Behavior\BuildLiteBehavior [ RunTime:0.000000s ]
INFO: [ app_init ] --END-- [ RunTime:0.001000s ]
INFO: [ app_begin ] --START--
INFO: Run Behavior\ReadHtmlCacheBehavior [ RunTime:0.001000s ]
INFO: [ app_begin ] --END-- [ RunTime:0.001000s ]

[ 2015-03-10T14:56:52+08:00 ] 127.0.0.1 /blog/
INFO: [ app_init ] --START--
INFO: Run Behavior\BuildLiteBehavior [ RunTime:0.000000s ]
INFO: [ app_init ] --END-- [ RunTime:0.002000s ]
INFO: [ app_begin ] --START--
INFO: Run Behavior\ReadHtmlCacheBehavior [ RunTime:0.001000s ]
INFO: [ app_begin ] --END-- [ RunTime:0.002000s ]

[ 2015-03-10T14:56:53+08:00 ] 127.0.0.1 /blog/
INFO: [ app_init ] --START--
INFO: Run Behavior\BuildLiteBehavior [ RunTime:0.000000s ]
INFO: [ app_init ] --END-- [ RunTime:0.001000s ]
INFO: [ app_begin ] --START--
INFO: Run Behavior\ReadHtmlCacheBehavior [ RunTime:0.002000s ]
INFO: [ app_begin ] --END-- [ RunTime:0.002000s ]

[ 2015-03-10T14:56:53+08:00 ] 127.0.0.1 /blog/
INFO: [ app_init ] --START--
INFO: Run Behavior\BuildLiteBehavior [ RunTime:0.000000s ]
INFO: [ app_init ] --END-- [ RunTime:0.001000s ]
INFO: [ app_begin ] --START--
INFO: Run Behavior\ReadHtmlCacheBehavior [ RunTime:0.001000s ]
INFO: [ app_begin ] --END-- [ RunTime:0.001000s ]

[ 2015-03-10T14:56:53+08:00 ] 127.0.0.1 /blog/
INFO: [ app_init ] --START--
INFO: Run Behavior\BuildLiteBehavior [ RunTime:0.000000s ]
INFO: [ app_init ] --END-- [ RunTime:0.002000s ]
INFO: [ app_begin ] --START--
INFO: Run Behavior\ReadHtmlCacheBehavior [ RunTime:0.001001s ]
INFO: [ app_begin ] --END-- [ RunTime:0.002001s ]

[ 2015-03-10T14:57:18+08:00 ] 127.0.0.1 /blog/
INFO: [ app_init ] --START--
INFO: Run Behavior\BuildLiteBehavior [ RunTime:0.000000s ]
INFO: [ app_init ] --END-- [ RunTime:0.001000s ]
INFO: [ app_begin ] --START--
INFO: Run Behavior\ReadHtmlCacheBehavior [ RunTime:0.001000s ]
INFO: [ app_begin ] --END-- [ RunTime:0.001000s ]

[ 2015-03-10T14:57:27+08:00 ] 127.0.0.1 /blog/
INFO: [ app_init ] --START--
INFO: Run Behavior\BuildLiteBehavior [ RunTime:0.000000s ]
INFO: [ app_init ] --END-- [ RunTime:0.001000s ]
INFO: [ app_begin ] --START--
INFO: Run Behavior\ReadHtmlCacheBehavior [ RunTime:0.001000s ]
INFO: [ app_begin ] --END-- [ RunTime:0.002000s ]

[ 2015-03-10T14:57:42+08:00 ] 127.0.0.1 /blog/
INFO: [ app_init ] --START--
INFO: Run Behavior\BuildLiteBehavior [ RunTime:0.000000s ]
INFO: [ app_init ] --END-- [ RunTime:0.001001s ]
INFO: [ app_begin ] --START--
INFO: Run Behavior\ReadHtmlCacheBehavior [ RunTime:0.002000s ]
INFO: [ app_begin ] --END-- [ RunTime:0.002000s ]
INFO: [ view_parse ] --START--
INFO: [ template_filter ] --START--
INFO: Run Behavior\ContentReplaceBehavior [ RunTime:0.000000s ]
INFO: [ template_filter ] --END-- [ RunTime:0.000000s ]
INFO: Run Behavior\ParseTemplateBehavior [ RunTime:0.082005s ]
INFO: [ view_parse ] --END-- [ RunTime:0.082005s ]
INFO: [ view_filter ] --START--
INFO: Run Behavior\WriteHtmlCacheBehavior [ RunTime:0.001000s ]
INFO: [ view_filter ] --END-- [ RunTime:0.001000s ]
INFO: [ app_end ] --START--
INFO: Run Behavior\ShowPageTraceBehavior [ RunTime:0.001000s ]
INFO: [ app_end ] --END-- [ RunTime:0.002000s ]

[ 2015-03-10T14:58:21+08:00 ] 127.0.0.1 /blog/
INFO: [ app_init ] --START--
INFO: Run Behavior\BuildLiteBehavior [ RunTime:0.000000s ]
INFO: [ app_init ] --END-- [ RunTime:0.001000s ]
INFO: [ app_begin ] --START--
INFO: Run Behavior\ReadHtmlCacheBehavior [ RunTime:0.002000s ]
INFO: [ app_begin ] --END-- [ RunTime:0.002000s ]
INFO: [ view_parse ] --START--
INFO: [ template_filter ] --START--
INFO: Run Behavior\ContentReplaceBehavior [ RunTime:0.000000s ]
INFO: [ template_filter ] --END-- [ RunTime:0.001000s ]
INFO: Run Behavior\ParseTemplateBehavior [ RunTime:0.024002s ]
INFO: [ view_parse ] --END-- [ RunTime:0.024002s ]
INFO: [ view_filter ] --START--
INFO: Run Behavior\WriteHtmlCacheBehavior [ RunTime:0.001000s ]
INFO: [ view_filter ] --END-- [ RunTime:0.001000s ]
INFO: [ app_end ] --START--
INFO: Run Behavior\ShowPageTraceBehavior [ RunTime:0.001000s ]
INFO: [ app_end ] --END-- [ RunTime:0.001000s ]

[ 2015-03-10T14:58:22+08:00 ] 127.0.0.1 /blog/
INFO: [ app_init ] --START--
INFO: Run Behavior\BuildLiteBehavior [ RunTime:0.000000s ]
INFO: [ app_init ] --END-- [ RunTime:0.001000s ]
INFO: [ app_begin ] --START--
INFO: Run Behavior\ReadHtmlCacheBehavior [ RunTime:0.001000s ]
INFO: [ app_begin ] --END-- [ RunTime:0.002000s ]
INFO: [ view_parse ] --START--
INFO: [ template_filter ] --START--
INFO: Run Behavior\ContentReplaceBehavior [ RunTime:0.000000s ]
INFO: [ template_filter ] --END-- [ RunTime:0.005000s ]
INFO: Run Behavior\ParseTemplateBehavior [ RunTime:0.021001s ]
INFO: [ view_parse ] --END-- [ RunTime:0.021001s ]
INFO: [ view_filter ] --START--
INFO: Run Behavior\WriteHtmlCacheBehavior [ RunTime:0.001000s ]
INFO: [ view_filter ] --END-- [ RunTime:0.002000s ]
INFO: [ app_end ] --START--
INFO: Run Behavior\ShowPageTraceBehavior [ RunTime:0.002000s ]
INFO: [ app_end ] --END-- [ RunTime:0.002000s ]

[ 2015-03-10T14:58:22+08:00 ] 127.0.0.1 /blog/
INFO: [ app_init ] --START--
INFO: Run Behavior\BuildLiteBehavior [ RunTime:0.000000s ]
INFO: [ app_init ] --END-- [ RunTime:0.001000s ]
INFO: [ app_begin ] --START--
INFO: Run Behavior\ReadHtmlCacheBehavior [ RunTime:0.002000s ]
INFO: [ app_begin ] --END-- [ RunTime:0.002000s ]
INFO: [ view_parse ] --START--
INFO: [ template_filter ] --START--
INFO: Run Behavior\ContentReplaceBehavior [ RunTime:0.000000s ]
INFO: [ template_filter ] --END-- [ RunTime:0.001000s ]
INFO: Run Behavior\ParseTemplateBehavior [ RunTime:0.040003s ]
INFO: [ view_parse ] --END-- [ RunTime:0.041003s ]
INFO: [ view_filter ] --START--
INFO: Run Behavior\WriteHtmlCacheBehavior [ RunTime:0.001000s ]
INFO: [ view_filter ] --END-- [ RunTime:0.001000s ]
INFO: [ app_end ] --START--
INFO: Run Behavior\ShowPageTraceBehavior [ RunTime:0.001000s ]
INFO: [ app_end ] --END-- [ RunTime:0.002000s ]

[ 2015-03-10T14:59:56+08:00 ] 127.0.0.1 /blog/
INFO: [ app_init ] --START--
INFO: Run Behavior\BuildLiteBehavior [ RunTime:0.000000s ]
INFO: [ app_init ] --END-- [ RunTime:0.002000s ]
INFO: [ app_begin ] --START--
INFO: Run Behavior\ReadHtmlCacheBehavior [ RunTime:0.002001s ]
INFO: [ app_begin ] --END-- [ RunTime:0.002001s ]
INFO: [ view_parse ] --START--
INFO: [ template_filter ] --START--
INFO: Run Behavior\ContentReplaceBehavior [ RunTime:0.001000s ]
INFO: [ template_filter ] --END-- [ RunTime:0.001000s ]
INFO: Run Behavior\ParseTemplateBehavior [ RunTime:0.018001s ]
INFO: [ view_parse ] --END-- [ RunTime:0.018001s ]
INFO: [ view_filter ] --START--
INFO: Run Behavior\WriteHtmlCacheBehavior [ RunTime:0.000000s ]
INFO: [ view_filter ] --END-- [ RunTime:0.002000s ]
INFO: [ app_end ] --START--
INFO: Run Behavior\ShowPageTraceBehavior [ RunTime:0.002000s ]
INFO: [ app_end ] --END-- [ RunTime:0.003000s ]

[ 2015-03-10T15:42:23+08:00 ] 127.0.0.1 /blog/index.php/Admin/Index/js/silder.js
ERR: 非法操作:js

[ 2015-03-10T16:01:35+08:00 ] 127.0.0.1 /blog/index.php/Admin/User/index?_=1425974495336
INFO: [ app_begin ] --START--
INFO: Run Behavior\ReadHtmlCacheBehavior [ RunTime:0.002000s ]
INFO: [ app_begin ] --END-- [ RunTime:0.003000s ]
NOTIC: [8192] mysql_connect(): The mysql extension is deprecated and will be removed in the future: use mysqli or PDO instead E:\env\wamp\www\blog\ThinkPHP\Library\Think\Db\Driver\Mysql.class.php 第 52 行.
SQL: SHOW COLUMNS FROM `xzj_user` [ RunTime:0.007000s ]
SQL: SHOW COLUMNS FROM `xzj_user` [ RunTime:0.005001s ]
SQL: SELECT COUNT(*) AS tp_count FROM `xzj_user` LIMIT 1   [ RunTime:0.000000s ]
SQL: SELECT * FROM `xzj_user` ORDER BY id desc LIMIT 0,10   [ RunTime:0.001000s ]
NOTIC: [8] Undefined variable: search E:\env\wamp\www\blog\xzj\Admin\Controller\CommonController.class.php 第 255 行.
NOTIC: [8] Undefined index: values E:\env\wamp\www\blog\xzj\Admin\Controller\CommonController.class.php 第 256 行.
INFO: [ view_parse ] --START--
INFO: [ template_filter ] --START--
INFO: Run Behavior\ContentReplaceBehavior [ RunTime:0.000000s ]
INFO: [ template_filter ] --END-- [ RunTime:0.000000s ]
NOTIC: [8] Undefined index: _order E:\env\wamp\www\blog\xzj\Runtime\Cache\Admin\8d007e73c2feaaf336fe1ab98088ab09.php 第 5 行.
NOTIC: [8] Undefined index: _sort E:\env\wamp\www\blog\xzj\Runtime\Cache\Admin\8d007e73c2feaaf336fe1ab98088ab09.php 第 6 行.
NOTIC: [8] Undefined index: username E:\env\wamp\www\blog\xzj\Runtime\Cache\Admin\8d007e73c2feaaf336fe1ab98088ab09.php 第 15 行.
NOTIC: [8] Undefined index: _order E:\env\wamp\www\blog\xzj\Runtime\Cache\Admin\8d007e73c2feaaf336fe1ab98088ab09.php 第 39 行.
NOTIC: [8] Undefined index: _order E:\env\wamp\www\blog\xzj\Runtime\Cache\Admin\8d007e73c2feaaf336fe1ab98088ab09.php 第 40 行.
NOTIC: [8] Undefined index: _order E:\env\wamp\www\blog\xzj\Runtime\Cache\Admin\8d007e73c2feaaf336fe1ab98088ab09.php 第 46 行.
NOTIC: [8] Undefined index: username E:\env\wamp\www\blog\xzj\Runtime\Cache\Admin\8d007e73c2feaaf336fe1ab98088ab09.php 第 55 行.
NOTIC: [8] Undefined index: points E:\env\wamp\www\blog\xzj\Runtime\Cache\Admin\8d007e73c2feaaf336fe1ab98088ab09.php 第 57 行.
NOTIC: [8] Undefined index: avatar E:\env\wamp\www\blog\xzj\Runtime\Cache\Admin\8d007e73c2feaaf336fe1ab98088ab09.php 第 59 行.
NOTIC: [8] Undefined index: status E:\env\wamp\www\blog\xzj\Runtime\Cache\Admin\8d007e73c2feaaf336fe1ab98088ab09.php 第 66 行.
NOTIC: [8] Undefined variable: sta E:\env\wamp\www\blog\xzj\Runtime\Cache\Admin\8d007e73c2feaaf336fe1ab98088ab09.php 第 66 行.
NOTIC: [8] Undefined index: lovestatus E:\env\wamp\www\blog\xzj\Runtime\Cache\Admin\8d007e73c2feaaf336fe1ab98088ab09.php 第 67 行.
NOTIC: [8] Undefined variable: loveSta E:\env\wamp\www\blog\xzj\Runtime\Cache\Admin\8d007e73c2feaaf336fe1ab98088ab09.php 第 67 行.
NOTIC: [8] Undefined index: loginviews E:\env\wamp\www\blog\xzj\Runtime\Cache\Admin\8d007e73c2feaaf336fe1ab98088ab09.php 第 68 行.
NOTIC: [8] Undefined index: logintime E:\env\wamp\www\blog\xzj\Runtime\Cache\Admin\8d007e73c2feaaf336fe1ab98088ab09.php 第 69 行.
NOTIC: [8] Undefined index: regtime E:\env\wamp\www\blog\xzj\Runtime\Cache\Admin\8d007e73c2feaaf336fe1ab98088ab09.php 第 70 行.
INFO: Run Behavior\ParseTemplateBehavior [ RunTime:0.064004s ]
INFO: [ view_parse ] --END-- [ RunTime:0.065004s ]
INFO: [ view_filter ] --START--
INFO: Run Behavior\WriteHtmlCacheBehavior [ RunTime:0.001000s ]
INFO: [ view_filter ] --END-- [ RunTime:0.001000s ]
INFO: [ app_end ] --START--
INFO: Run Behavior\ShowPageTraceBehavior [ RunTime:0.002000s ]
INFO: [ app_end ] --END-- [ RunTime:0.002000s ]

[ 2015-03-10T16:02:02+08:00 ] 127.0.0.1 /blog/index.php/Admin/User/index?_=1425974521997
INFO: [ app_begin ] --START--
INFO: Run Behavior\ReadHtmlCacheBehavior [ RunTime:0.001000s ]
INFO: [ app_begin ] --END-- [ RunTime:0.002000s ]
NOTIC: [8192] mysql_connect(): The mysql extension is deprecated and will be removed in the future: use mysqli or PDO instead E:\env\wamp\www\blog\ThinkPHP\Library\Think\Db\Driver\Mysql.class.php 第 52 行.
SQL: SHOW COLUMNS FROM `xzj_user` [ RunTime:0.005001s ]
SQL: SELECT * FROM `xzj_user` LIMIT 1   [ RunTime:0.000000s ]
INFO: [ view_parse ] --START--
INFO: [ template_filter ] --START--
INFO: Run Behavior\ContentReplaceBehavior [ RunTime:0.000000s ]
INFO: [ template_filter ] --END-- [ RunTime:0.000000s ]
NOTIC: [8] Undefined variable: numPerPage E:\env\wamp\www\blog\xzj\Runtime\Cache\Admin\8d007e73c2feaaf336fe1ab98088ab09.php 第 4 行.
NOTIC: [8] Undefined index: _order E:\env\wamp\www\blog\xzj\Runtime\Cache\Admin\8d007e73c2feaaf336fe1ab98088ab09.php 第 5 行.
NOTIC: [8] Undefined index: _sort E:\env\wamp\www\blog\xzj\Runtime\Cache\Admin\8d007e73c2feaaf336fe1ab98088ab09.php 第 6 行.
NOTIC: [8] Undefined variable: numPerPage E:\env\wamp\www\blog\xzj\Runtime\Cache\Admin\8d007e73c2feaaf336fe1ab98088ab09.php 第 10 行.
NOTIC: [8] Undefined index: username E:\env\wamp\www\blog\xzj\Runtime\Cache\Admin\8d007e73c2feaaf336fe1ab98088ab09.php 第 15 行.
NOTIC: [8] Undefined index: _order E:\env\wamp\www\blog\xzj\Runtime\Cache\Admin\8d007e73c2feaaf336fe1ab98088ab09.php 第 39 行.
NOTIC: [8] Undefined index: _order E:\env\wamp\www\blog\xzj\Runtime\Cache\Admin\8d007e73c2feaaf336fe1ab98088ab09.php 第 40 行.
NOTIC: [8] Undefined index: _order E:\env\wamp\www\blog\xzj\Runtime\Cache\Admin\8d007e73c2feaaf336fe1ab98088ab09.php 第 46 行.
NOTIC: [8] Undefined variable: list E:\env\wamp\www\blog\xzj\Runtime\Cache\Admin\8d007e73c2feaaf336fe1ab98088ab09.php 第 53 行.
NOTIC: [8] Undefined variable: numPerPage E:\env\wamp\www\blog\xzj\Runtime\Cache\Admin\8d007e73c2feaaf336fe1ab98088ab09.php 第 82 行.
NOTIC: [8] Undefined variable: numPerPage E:\env\wamp\www\blog\xzj\Runtime\Cache\Admin\8d007e73c2feaaf336fe1ab98088ab09.php 第 83 行.
NOTIC: [8] Undefined variable: numPerPage E:\env\wamp\www\blog\xzj\Runtime\Cache\Admin\8d007e73c2feaaf336fe1ab98088ab09.php 第 84 行.
NOTIC: [8] Undefined variable: numPerPage E:\env\wamp\www\blog\xzj\Runtime\Cache\Admin\8d007e73c2feaaf336fe1ab98088ab09.php 第 85 行.
NOTIC: [8] Undefined variable: numPerPage E:\env\wamp\www\blog\xzj\Runtime\Cache\Admin\8d007e73c2feaaf336fe1ab98088ab09.php 第 86 行.
NOTIC: [8] Undefined variable: totalCount E:\env\wamp\www\blog\xzj\Runtime\Cache\Admin\8d007e73c2feaaf336fe1ab98088ab09.php 第 88 行.
NOTIC: [8] Undefined variable: totalCount E:\env\wamp\www\blog\xzj\Runtime\Cache\Admin\8d007e73c2feaaf336fe1ab98088ab09.php 第 93 行.
NOTIC: [8] Undefined variable: numPerPage E:\env\wamp\www\blog\xzj\Runtime\Cache\Admin\8d007e73c2feaaf336fe1ab98088ab09.php 第 93 行.
NOTIC: [8] Undefined variable: currentPage E:\env\wamp\www\blog\xzj\Runtime\Cache\Admin\8d007e73c2feaaf336fe1ab98088ab09.php 第 93 行.
INFO: Run Behavior\ParseTemplateBehavior [ RunTime:0.034002s ]
INFO: [ view_parse ] --END-- [ RunTime:0.034002s ]
INFO: [ view_filter ] --START--
INFO: Run Behavior\WriteHtmlCacheBehavior [ RunTime:0.001000s ]
INFO: [ view_filter ] --END-- [ RunTime:0.001000s ]
INFO: [ app_end ] --START--
INFO: Run Behavior\ShowPageTraceBehavior [ RunTime:0.001000s ]
INFO: [ app_end ] --END-- [ RunTime:0.002000s ]

[ 2015-03-10T16:04:17+08:00 ] 127.0.0.1 /blog/index.php/Admin/User/index?_=1425974656945
INFO: [ app_begin ] --START--
INFO: Run Behavior\ReadHtmlCacheBehavior [ RunTime:0.002000s ]
INFO: [ app_begin ] --END-- [ RunTime:0.002000s ]
NOTIC: [8192] mysql_connect(): The mysql extension is deprecated and will be removed in the future: use mysqli or PDO instead E:\env\wamp\www\blog\ThinkPHP\Library\Think\Db\Driver\Mysql.class.php 第 52 行.
SQL: SHOW COLUMNS FROM `xzj_user` [ RunTime:0.005001s ]
SQL: SELECT * FROM `xzj_user` WHERE ( id=1 ) LIMIT 1   [ RunTime:0.000000s ]
INFO: [ view_parse ] --START--
INFO: [ template_filter ] --START--
INFO: Run Behavior\ContentReplaceBehavior [ RunTime:0.000000s ]
INFO: [ template_filter ] --END-- [ RunTime:0.001000s ]
NOTIC: [8] Undefined variable: numPerPage E:\env\wamp\www\blog\xzj\Runtime\Cache\Admin\8d007e73c2feaaf336fe1ab98088ab09.php 第 4 行.
NOTIC: [8] Undefined index: _order E:\env\wamp\www\blog\xzj\Runtime\Cache\Admin\8d007e73c2feaaf336fe1ab98088ab09.php 第 5 行.
NOTIC: [8] Undefined index: _sort E:\env\wamp\www\blog\xzj\Runtime\Cache\Admin\8d007e73c2feaaf336fe1ab98088ab09.php 第 6 行.
NOTIC: [8] Undefined variable: numPerPage E:\env\wamp\www\blog\xzj\Runtime\Cache\Admin\8d007e73c2feaaf336fe1ab98088ab09.php 第 10 行.
NOTIC: [8] Undefined index: username E:\env\wamp\www\blog\xzj\Runtime\Cache\Admin\8d007e73c2feaaf336fe1ab98088ab09.php 第 15 行.
NOTIC: [8] Undefined index: _order E:\env\wamp\www\blog\xzj\Runtime\Cache\Admin\8d007e73c2feaaf336fe1ab98088ab09.php 第 39 行.
NOTIC: [8] Undefined index: _order E:\env\wamp\www\blog\xzj\Runtime\Cache\Admin\8d007e73c2feaaf336fe1ab98088ab09.php 第 40 行.
NOTIC: [8] Undefined variable: vo E:\env\wamp\www\blog\xzj\Runtime\Cache\Admin\8d007e73c2feaaf336fe1ab98088ab09.php 第 56 行.
NOTIC: [8] Undefined variable: numPerPage E:\env\wamp\www\blog\xzj\Runtime\Cache\Admin\8d007e73c2feaaf336fe1ab98088ab09.php 第 80 行.
NOTIC: [8] Undefined variable: numPerPage E:\env\wamp\www\blog\xzj\Runtime\Cache\Admin\8d007e73c2feaaf336fe1ab98088ab09.php 第 81 行.
NOTIC: [8] Undefined variable: numPerPage E:\env\wamp\www\blog\xzj\Runtime\Cache\Admin\8d007e73c2feaaf336fe1ab98088ab09.php 第 82 行.
NOTIC: [8] Undefined variable: numPerPage E:\env\wamp\www\blog\xzj\Runtime\Cache\Admin\8d007e73c2feaaf336fe1ab98088ab09.php 第 83 行.
NOTIC: [8] Undefined variable: numPerPage E:\env\wamp\www\blog\xzj\Runtime\Cache\Admin\8d007e73c2feaaf336fe1ab98088ab09.php 第 84 行.
NOTIC: [8] Undefined variable: totalCount E:\env\wamp\www\blog\xzj\Runtime\Cache\Admin\8d007e73c2feaaf336fe1ab98088ab09.php 第 86 行.
NOTIC: [8] Undefined variable: totalCount E:\env\wamp\www\blog\xzj\Runtime\Cache\Admin\8d007e73c2feaaf336fe1ab98088ab09.php 第 91 行.
NOTIC: [8] Undefined variable: numPerPage E:\env\wamp\www\blog\xzj\Runtime\Cache\Admin\8d007e73c2feaaf336fe1ab98088ab09.php 第 91 行.
NOTIC: [8] Undefined variable: currentPage E:\env\wamp\www\blog\xzj\Runtime\Cache\Admin\8d007e73c2feaaf336fe1ab98088ab09.php 第 91 行.
INFO: Run Behavior\ParseTemplateBehavior [ RunTime:0.027002s ]
INFO: [ view_parse ] --END-- [ RunTime:0.028002s ]
INFO: [ view_filter ] --START--
INFO: Run Behavior\WriteHtmlCacheBehavior [ RunTime:0.001000s ]
INFO: [ view_filter ] --END-- [ RunTime:0.001000s ]
INFO: [ app_end ] --START--
INFO: Run Behavior\ShowPageTraceBehavior [ RunTime:0.001000s ]
INFO: [ app_end ] --END-- [ RunTime:0.001000s ]

[ 2015-03-10T16:05:52+08:00 ] 127.0.0.1 /blog/index.php/Admin/User/index?_=1425974752446
INFO: [ app_begin ] --START--
INFO: Run Behavior\ReadHtmlCacheBehavior [ RunTime:0.001000s ]
INFO: [ app_begin ] --END-- [ RunTime:0.002000s ]
NOTIC: [8192] mysql_connect(): The mysql extension is deprecated and will be removed in the future: use mysqli or PDO instead E:\env\wamp\www\blog\ThinkPHP\Library\Think\Db\Driver\Mysql.class.php 第 52 行.
SQL: SHOW COLUMNS FROM `xzj_user` [ RunTime:0.005001s ]
SQL: SELECT * FROM `xzj_user` WHERE ( id=1 ) LIMIT 1   [ RunTime:0.001000s ]
INFO: [ view_parse ] --START--
INFO: [ template_filter ] --START--
INFO: Run Behavior\ContentReplaceBehavior [ RunTime:0.000000s ]
INFO: [ template_filter ] --END-- [ RunTime:0.001000s ]
NOTIC: [8] Undefined variable: numPerPage E:\env\wamp\www\blog\xzj\Runtime\Cache\Admin\8d007e73c2feaaf336fe1ab98088ab09.php 第 4 行.
NOTIC: [8] Undefined index: _order E:\env\wamp\www\blog\xzj\Runtime\Cache\Admin\8d007e73c2feaaf336fe1ab98088ab09.php 第 5 行.
NOTIC: [8] Undefined index: _sort E:\env\wamp\www\blog\xzj\Runtime\Cache\Admin\8d007e73c2feaaf336fe1ab98088ab09.php 第 6 行.
NOTIC: [8] Undefined variable: numPerPage E:\env\wamp\www\blog\xzj\Runtime\Cache\Admin\8d007e73c2feaaf336fe1ab98088ab09.php 第 10 行.
NOTIC: [8] Undefined index: username E:\env\wamp\www\blog\xzj\Runtime\Cache\Admin\8d007e73c2feaaf336fe1ab98088ab09.php 第 15 行.
NOTIC: [8] Undefined index: _order E:\env\wamp\www\blog\xzj\Runtime\Cache\Admin\8d007e73c2feaaf336fe1ab98088ab09.php 第 39 行.
NOTIC: [8] Undefined index: _order E:\env\wamp\www\blog\xzj\Runtime\Cache\Admin\8d007e73c2feaaf336fe1ab98088ab09.php 第 40 行.
NOTIC: [8] Undefined variable: vo E:\env\wamp\www\blog\xzj\Runtime\Cache\Admin\8d007e73c2feaaf336fe1ab98088ab09.php 第 56 行.
NOTIC: [8] Undefined variable: numPerPage E:\env\wamp\www\blog\xzj\Runtime\Cache\Admin\8d007e73c2feaaf336fe1ab98088ab09.php 第 80 行.
NOTIC: [8] Undefined variable: numPerPage E:\env\wamp\www\blog\xzj\Runtime\Cache\Admin\8d007e73c2feaaf336fe1ab98088ab09.php 第 81 行.
NOTIC: [8] Undefined variable: numPerPage E:\env\wamp\www\blog\xzj\Runtime\Cache\Admin\8d007e73c2feaaf336fe1ab98088ab09.php 第 82 行.
NOTIC: [8] Undefined variable: numPerPage E:\env\wamp\www\blog\xzj\Runtime\Cache\Admin\8d007e73c2feaaf336fe1ab98088ab09.php 第 83 行.
NOTIC: [8] Undefined variable: numPerPage E:\env\wamp\www\blog\xzj\Runtime\Cache\Admin\8d007e73c2feaaf336fe1ab98088ab09.php 第 84 行.
NOTIC: [8] Undefined variable: totalCount E:\env\wamp\www\blog\xzj\Runtime\Cache\Admin\8d007e73c2feaaf336fe1ab98088ab09.php 第 86 行.
NOTIC: [8] Undefined variable: totalCount E:\env\wamp\www\blog\xzj\Runtime\Cache\Admin\8d007e73c2feaaf336fe1ab98088ab09.php 第 91 行.
NOTIC: [8] Undefined variable: numPerPage E:\env\wamp\www\blog\xzj\Runtime\Cache\Admin\8d007e73c2feaaf336fe1ab98088ab09.php 第 91 行.
NOTIC: [8] Undefined variable: currentPage E:\env\wamp\www\blog\xzj\Runtime\Cache\Admin\8d007e73c2feaaf336fe1ab98088ab09.php 第 91 行.
INFO: Run Behavior\ParseTemplateBehavior [ RunTime:0.026001s ]
INFO: [ view_parse ] --END-- [ RunTime:0.028001s ]
INFO: [ view_filter ] --START--
INFO: Run Behavior\WriteHtmlCacheBehavior [ RunTime:0.001001s ]
INFO: [ view_filter ] --END-- [ RunTime:0.001001s ]
INFO: [ app_end ] --START--
INFO: Run Behavior\ShowPageTraceBehavior [ RunTime:0.001000s ]
INFO: [ app_end ] --END-- [ RunTime:0.001000s ]

[ 2015-03-10T16:06:27+08:00 ] 127.0.0.1 /blog/index.php/Admin/User/index?_=1425974787359
INFO: [ app_begin ] --START--
INFO: Run Behavior\ReadHtmlCacheBehavior [ RunTime:0.002000s ]
INFO: [ app_begin ] --END-- [ RunTime:0.002000s ]
NOTIC: [8192] mysql_connect(): The mysql extension is deprecated and will be removed in the future: use mysqli or PDO instead E:\env\wamp\www\blog\ThinkPHP\Library\Think\Db\Driver\Mysql.class.php 第 52 行.
SQL: SHOW COLUMNS FROM `xzj_user` [ RunTime:0.005000s ]
SQL: SELECT * FROM `xzj_user` WHERE ( id=1 ) LIMIT 1   [ RunTime:0.001000s ]
INFO: [ view_parse ] --START--
INFO: [ template_filter ] --START--
INFO: Run Behavior\ContentReplaceBehavior [ RunTime:0.000000s ]
INFO: [ template_filter ] --END-- [ RunTime:0.000000s ]
NOTIC: [8] Undefined variable: numPerPage E:\env\wamp\www\blog\xzj\Runtime\Cache\Admin\8d007e73c2feaaf336fe1ab98088ab09.php 第 4 行.
NOTIC: [8] Undefined index: _order E:\env\wamp\www\blog\xzj\Runtime\Cache\Admin\8d007e73c2feaaf336fe1ab98088ab09.php 第 5 行.
NOTIC: [8] Undefined index: _sort E:\env\wamp\www\blog\xzj\Runtime\Cache\Admin\8d007e73c2feaaf336fe1ab98088ab09.php 第 6 行.
NOTIC: [8] Undefined variable: numPerPage E:\env\wamp\www\blog\xzj\Runtime\Cache\Admin\8d007e73c2feaaf336fe1ab98088ab09.php 第 10 行.
NOTIC: [8] Undefined index: username E:\env\wamp\www\blog\xzj\Runtime\Cache\Admin\8d007e73c2feaaf336fe1ab98088ab09.php 第 15 行.
NOTIC: [8] Undefined index: _order E:\env\wamp\www\blog\xzj\Runtime\Cache\Admin\8d007e73c2feaaf336fe1ab98088ab09.php 第 39 行.
NOTIC: [8] Undefined index: _order E:\env\wamp\www\blog\xzj\Runtime\Cache\Admin\8d007e73c2feaaf336fe1ab98088ab09.php 第 40 行.
NOTIC: [8] Undefined variable: vo E:\env\wamp\www\blog\xzj\Runtime\Cache\Admin\8d007e73c2feaaf336fe1ab98088ab09.php 第 56 行.
NOTIC: [8] Undefined variable: numPerPage E:\env\wamp\www\blog\xzj\Runtime\Cache\Admin\8d007e73c2feaaf336fe1ab98088ab09.php 第 80 行.
NOTIC: [8] Undefined variable: numPerPage E:\env\wamp\www\blog\xzj\Runtime\Cache\Admin\8d007e73c2feaaf336fe1ab98088ab09.php 第 81 行.
NOTIC: [8] Undefined variable: numPerPage E:\env\wamp\www\blog\xzj\Runtime\Cache\Admin\8d007e73c2feaaf336fe1ab98088ab09.php 第 82 行.
NOTIC: [8] Undefined variable: numPerPage E:\env\wamp\www\blog\xzj\Runtime\Cache\Admin\8d007e73c2feaaf336fe1ab98088ab09.php 第 83 行.
NOTIC: [8] Undefined variable: numPerPage E:\env\wamp\www\blog\xzj\Runtime\Cache\Admin\8d007e73c2feaaf336fe1ab98088ab09.php 第 84 行.
NOTIC: [8] Undefined variable: totalCount E:\env\wamp\www\blog\xzj\Runtime\Cache\Admin\8d007e73c2feaaf336fe1ab98088ab09.php 第 86 行.
NOTIC: [8] Undefined variable: totalCount E:\env\wamp\www\blog\xzj\Runtime\Cache\Admin\8d007e73c2feaaf336fe1ab98088ab09.php 第 91 行.
NOTIC: [8] Undefined variable: numPerPage E:\env\wamp\www\blog\xzj\Runtime\Cache\Admin\8d007e73c2feaaf336fe1ab98088ab09.php 第 91 行.
NOTIC: [8] Undefined variable: currentPage E:\env\wamp\www\blog\xzj\Runtime\Cache\Admin\8d007e73c2feaaf336fe1ab98088ab09.php 第 91 行.
INFO: Run Behavior\ParseTemplateBehavior [ RunTime:0.027002s ]
INFO: [ view_parse ] --END-- [ RunTime:0.027002s ]
INFO: [ view_filter ] --START--
INFO: Run Behavior\WriteHtmlCacheBehavior [ RunTime:0.001000s ]
INFO: [ view_filter ] --END-- [ RunTime:0.001000s ]
INFO: [ app_end ] --START--
INFO: Run Behavior\ShowPageTraceBehavior [ RunTime:0.001000s ]
INFO: [ app_end ] --END-- [ RunTime:0.002000s ]

[ 2015-03-10T16:29:58+08:00 ] 127.0.0.1 /blog/index.php/Admin/User/index?_=1425976198644
INFO: [ app_begin ] --START--
INFO: Run Behavior\ReadHtmlCacheBehavior [ RunTime:0.002000s ]
INFO: [ app_begin ] --END-- [ RunTime:0.003000s ]
NOTIC: [2048] Declaration of Admin\Controller\UserController::edit() should be compatible with Admin\Controller\CommonController::edit() E:\env\wamp\www\blog\xzj\Admin\Controller\UserController.class.php 第 5 行.
NOTIC: [8192] mysql_connect(): The mysql extension is deprecated and will be removed in the future: use mysqli or PDO instead E:\env\wamp\www\blog\ThinkPHP\Library\Think\Db\Driver\Mysql.class.php 第 52 行.
SQL: SHOW COLUMNS FROM `xzj_user` [ RunTime:0.011000s ]
SQL: SELECT * FROM `xzj_user` WHERE ( id=1 ) LIMIT 1   [ RunTime:0.001000s ]
INFO: [ view_parse ] --START--
INFO: [ template_filter ] --START--
INFO: Run Behavior\ContentReplaceBehavior [ RunTime:0.000000s ]
INFO: [ template_filter ] --END-- [ RunTime:0.000000s ]
NOTIC: [8] Undefined variable: numPerPage E:\env\wamp\www\blog\xzj\Runtime\Cache\Admin\8d007e73c2feaaf336fe1ab98088ab09.php 第 4 行.
NOTIC: [8] Undefined index: _order E:\env\wamp\www\blog\xzj\Runtime\Cache\Admin\8d007e73c2feaaf336fe1ab98088ab09.php 第 5 行.
NOTIC: [8] Undefined index: _sort E:\env\wamp\www\blog\xzj\Runtime\Cache\Admin\8d007e73c2feaaf336fe1ab98088ab09.php 第 6 行.
NOTIC: [8] Undefined variable: numPerPage E:\env\wamp\www\blog\xzj\Runtime\Cache\Admin\8d007e73c2feaaf336fe1ab98088ab09.php 第 10 行.
NOTIC: [8] Undefined index: username E:\env\wamp\www\blog\xzj\Runtime\Cache\Admin\8d007e73c2feaaf336fe1ab98088ab09.php 第 15 行.
NOTIC: [8] Undefined index: _order E:\env\wamp\www\blog\xzj\Runtime\Cache\Admin\8d007e73c2feaaf336fe1ab98088ab09.php 第 38 行.
NOTIC: [8] Undefined index: _order E:\env\wamp\www\blog\xzj\Runtime\Cache\Admin\8d007e73c2feaaf336fe1ab98088ab09.php 第 39 行.
NOTIC: [8] Undefined variable: numPerPage E:\env\wamp\www\blog\xzj\Runtime\Cache\Admin\8d007e73c2feaaf336fe1ab98088ab09.php 第 79 行.
NOTIC: [8] Undefined variable: numPerPage E:\env\wamp\www\blog\xzj\Runtime\Cache\Admin\8d007e73c2feaaf336fe1ab98088ab09.php 第 80 行.
NOTIC: [8] Undefined variable: numPerPage E:\env\wamp\www\blog\xzj\Runtime\Cache\Admin\8d007e73c2feaaf336fe1ab98088ab09.php 第 81 行.
NOTIC: [8] Undefined variable: numPerPage E:\env\wamp\www\blog\xzj\Runtime\Cache\Admin\8d007e73c2feaaf336fe1ab98088ab09.php 第 82 行.
NOTIC: [8] Undefined variable: numPerPage E:\env\wamp\www\blog\xzj\Runtime\Cache\Admin\8d007e73c2feaaf336fe1ab98088ab09.php 第 83 行.
NOTIC: [8] Undefined variable: totalCount E:\env\wamp\www\blog\xzj\Runtime\Cache\Admin\8d007e73c2feaaf336fe1ab98088ab09.php 第 85 行.
NOTIC: [8] Undefined variable: totalCount E:\env\wamp\www\blog\xzj\Runtime\Cache\Admin\8d007e73c2feaaf336fe1ab98088ab09.php 第 90 行.
NOTIC: [8] Undefined variable: numPerPage E:\env\wamp\www\blog\xzj\Runtime\Cache\Admin\8d007e73c2feaaf336fe1ab98088ab09.php 第 90 行.
NOTIC: [8] Undefined variable: currentPage E:\env\wamp\www\blog\xzj\Runtime\Cache\Admin\8d007e73c2feaaf336fe1ab98088ab09.php 第 90 行.
INFO: Run Behavior\ParseTemplateBehavior [ RunTime:0.034002s ]
INFO: [ view_parse ] --END-- [ RunTime:0.036002s ]
INFO: [ view_filter ] --START--
INFO: Run Behavior\WriteHtmlCacheBehavior [ RunTime:0.002000s ]
INFO: [ view_filter ] --END-- [ RunTime:0.002000s ]
INFO: [ app_end ] --START--
INFO: Run Behavior\ShowPageTraceBehavior [ RunTime:0.001000s ]
INFO: [ app_end ] --END-- [ RunTime:0.001000s ]

[ 2015-03-10T16:30:00+08:00 ] 127.0.0.1 /blog/index.php/Admin/User/edit/id/1?_=1425976200220
INFO: [ app_begin ] --START--
INFO: Run Behavior\ReadHtmlCacheBehavior [ RunTime:0.002000s ]
INFO: [ app_begin ] --END-- [ RunTime:0.008001s ]
NOTIC: [2048] Declaration of Admin\Controller\UserController::edit() should be compatible with Admin\Controller\CommonController::edit() E:\env\wamp\www\blog\xzj\Admin\Controller\UserController.class.php 第 5 行.
NOTIC: [8192] mysql_connect(): The mysql extension is deprecated and will be removed in the future: use mysqli or PDO instead E:\env\wamp\www\blog\ThinkPHP\Library\Think\Db\Driver\Mysql.class.php 第 52 行.
SQL: SHOW COLUMNS FROM `xzj_user` [ RunTime:0.022001s ]
SQL: SELECT * FROM `xzj_user` WHERE ( id=1 ) LIMIT 1   [ RunTime:0.000000s ]
ERR: 模板不存在:./xzj/Admin/View/User/edit.html

[ 2015-03-10T16:30:34+08:00 ] 127.0.0.1 /blog/index.php/Admin/User/edit/id/1?_=1425976233931
INFO: [ app_begin ] --START--
INFO: Run Behavior\ReadHtmlCacheBehavior [ RunTime:0.003000s ]
INFO: [ app_begin ] --END-- [ RunTime:0.004000s ]
NOTIC: [2048] Declaration of Admin\Controller\UserController::edit() should be compatible with Admin\Controller\CommonController::edit() E:\env\wamp\www\blog\xzj\Admin\Controller\UserController.class.php 第 5 行.
NOTIC: [8192] mysql_connect(): The mysql extension is deprecated and will be removed in the future: use mysqli or PDO instead E:\env\wamp\www\blog\ThinkPHP\Library\Think\Db\Driver\Mysql.class.php 第 52 行.
SQL: SHOW COLUMNS FROM `xzj_user` [ RunTime:0.025002s ]
SQL: SELECT * FROM `xzj_user` WHERE ( id=1 ) LIMIT 1   [ RunTime:0.002000s ]
ERR: 模板不存在:./xzj/Admin/View/User/editInfo.html

[ 2015-03-10T16:32:36+08:00 ] 127.0.0.1 /blog/index.php/Admin/User/edit/id/1?_=1425976356488
INFO: [ app_begin ] --START--
INFO: Run Behavior\ReadHtmlCacheBehavior [ RunTime:0.001000s ]
INFO: [ app_begin ] --END-- [ RunTime:0.002000s ]
NOTIC: [2048] Declaration of Admin\Controller\UserController::edit() should be compatible with Admin\Controller\CommonController::edit() E:\env\wamp\www\blog\xzj\Admin\Controller\UserController.class.php 第 5 行.
NOTIC: [8192] mysql_connect(): The mysql extension is deprecated and will be removed in the future: use mysqli or PDO instead E:\env\wamp\www\blog\ThinkPHP\Library\Think\Db\Driver\Mysql.class.php 第 52 行.
SQL: SHOW COLUMNS FROM `xzj_user` [ RunTime:0.016001s ]
SQL: SELECT * FROM `xzj_user` WHERE ( id=1 ) LIMIT 1   [ RunTime:0.001000s ]
INFO: [ view_parse ] --START--
INFO: [ template_filter ] --START--
INFO: Run Behavior\ContentReplaceBehavior [ RunTime:0.000000s ]
INFO: [ template_filter ] --END-- [ RunTime:0.001000s ]
NOTIC: [8] Undefined variable: find E:\env\wamp\www\blog\xzj\Runtime\Cache\Admin\18f216a68d25233706ce98e858822222.php 第 4 行.
INFO: Run Behavior\ParseTemplateBehavior [ RunTime:0.055003s ]
INFO: [ view_parse ] --END-- [ RunTime:0.056003s ]
INFO: [ view_filter ] --START--
INFO: Run Behavior\WriteHtmlCacheBehavior [ RunTime:0.001000s ]
INFO: [ view_filter ] --END-- [ RunTime:0.002001s ]
INFO: [ app_end ] --START--
INFO: Run Behavior\ShowPageTraceBehavior [ RunTime:0.001000s ]
INFO: [ app_end ] --END-- [ RunTime:0.001000s ]

[ 2015-03-10T16:33:19+08:00 ] 127.0.0.1 /blog/index.php/Admin/User/edit/id/1?_=1425976399154
INFO: [ app_begin ] --START--
INFO: Run Behavior\ReadHtmlCacheBehavior [ RunTime:0.001000s ]
INFO: [ app_begin ] --END-- [ RunTime:0.008001s ]
NOTIC: [2048] Declaration of Admin\Controller\UserController::edit() should be compatible with Admin\Controller\CommonController::edit() E:\env\wamp\www\blog\xzj\Admin\Controller\UserController.class.php 第 5 行.
NOTIC: [8192] mysql_connect(): The mysql extension is deprecated and will be removed in the future: use mysqli or PDO instead E:\env\wamp\www\blog\ThinkPHP\Library\Think\Db\Driver\Mysql.class.php 第 52 行.
SQL: SHOW COLUMNS FROM `xzj_user` [ RunTime:0.005001s ]
SQL: SELECT * FROM `xzj_user` WHERE ( id=1 ) LIMIT 1   [ RunTime:0.001000s ]
INFO: [ view_parse ] --START--
INFO: [ template_filter ] --START--
INFO: Run Behavior\ContentReplaceBehavior [ RunTime:0.000000s ]
INFO: [ template_filter ] --END-- [ RunTime:0.001000s ]
NOTIC: [8] Undefined variable: find E:\env\wamp\www\blog\xzj\Runtime\Cache\Admin\18f216a68d25233706ce98e858822222.php 第 4 行.
INFO: Run Behavior\ParseTemplateBehavior [ RunTime:0.022001s ]
INFO: [ view_parse ] --END-- [ RunTime:0.022001s ]
INFO: [ view_filter ] --START--
INFO: Run Behavior\WriteHtmlCacheBehavior [ RunTime:0.003000s ]
INFO: [ view_filter ] --END-- [ RunTime:0.003000s ]
INFO: [ app_end ] --START--
INFO: Run Behavior\ShowPageTraceBehavior [ RunTime:0.003000s ]
INFO: [ app_end ] --END-- [ RunTime:0.003000s ]

[ 2015-03-10T16:33:43+08:00 ] 127.0.0.1 /blog/index.php/Admin/User/edit/id/1?_=1425976422997
INFO: [ app_begin ] --START--
INFO: Run Behavior\ReadHtmlCacheBehavior [ RunTime:0.002000s ]
INFO: [ app_begin ] --END-- [ RunTime:0.004000s ]
NOTIC: [2048] Declaration of Admin\Controller\UserController::edit() should be compatible with Admin\Controller\CommonController::edit() E:\env\wamp\www\blog\xzj\Admin\Controller\UserController.class.php 第 5 行.
NOTIC: [8192] mysql_connect(): The mysql extension is deprecated and will be removed in the future: use mysqli or PDO instead E:\env\wamp\www\blog\ThinkPHP\Library\Think\Db\Driver\Mysql.class.php 第 52 行.
SQL: SHOW COLUMNS FROM `xzj_user` [ RunTime:0.025001s ]
SQL: SELECT * FROM `xzj_user` WHERE ( id=1 ) LIMIT 1   [ RunTime:0.000000s ]
INFO: [ view_parse ] --START--
INFO: [ template_filter ] --START--
INFO: Run Behavior\ContentReplaceBehavior [ RunTime:0.001000s ]
INFO: [ template_filter ] --END-- [ RunTime:0.001000s ]
NOTIC: [8] Undefined variable: find E:\env\wamp\www\blog\xzj\Runtime\Cache\Admin\18f216a68d25233706ce98e858822222.php 第 4 行.
INFO: Run Behavior\ParseTemplateBehavior [ RunTime:0.025001s ]
INFO: [ view_parse ] --END-- [ RunTime:0.025001s ]
INFO: [ view_filter ] --START--
INFO: Run Behavior\WriteHtmlCacheBehavior [ RunTime:0.001000s ]
INFO: [ view_filter ] --END-- [ RunTime:0.002000s ]
INFO: [ app_end ] --START--
INFO: Run Behavior\ShowPageTraceBehavior [ RunTime:0.003000s ]
INFO: [ app_end ] --END-- [ RunTime:0.003000s ]

[ 2015-03-10T16:34:17+08:00 ] 127.0.0.1 /blog/index.php/Admin/User/edit/id/1?_=1425976457520
INFO: [ app_begin ] --START--
INFO: Run Behavior\ReadHtmlCacheBehavior [ RunTime:0.005000s ]
INFO: [ app_begin ] --END-- [ RunTime:0.006000s ]
NOTIC: [2048] Declaration of Admin\Controller\UserController::edit() should be compatible with Admin\Controller\CommonController::edit() E:\env\wamp\www\blog\xzj\Admin\Controller\UserController.class.php 第 5 行.
NOTIC: [8192] mysql_connect(): The mysql extension is deprecated and will be removed in the future: use mysqli or PDO instead E:\env\wamp\www\blog\ThinkPHP\Library\Think\Db\Driver\Mysql.class.php 第 52 行.
SQL: SHOW COLUMNS FROM `xzj_user` [ RunTime:0.006000s ]
SQL: SELECT * FROM `xzj_user` WHERE ( id=1 ) LIMIT 1   [ RunTime:0.001000s ]
INFO: [ view_parse ] --START--
INFO: [ template_filter ] --START--
INFO: Run Behavior\ContentReplaceBehavior [ RunTime:0.000000s ]
INFO: [ template_filter ] --END-- [ RunTime:0.000000s ]
NOTIC: [8] Undefined variable: find E:\env\wamp\www\blog\xzj\Runtime\Cache\Admin\18f216a68d25233706ce98e858822222.php 第 4 行.
INFO: Run Behavior\ParseTemplateBehavior [ RunTime:0.020001s ]
INFO: [ view_parse ] --END-- [ RunTime:0.020001s ]
INFO: [ view_filter ] --START--
INFO: Run Behavior\WriteHtmlCacheBehavior [ RunTime:0.001000s ]
INFO: [ view_filter ] --END-- [ RunTime:0.001000s ]
INFO: [ app_end ] --START--
INFO: Run Behavior\ShowPageTraceBehavior [ RunTime:0.002000s ]
INFO: [ app_end ] --END-- [ RunTime:0.002000s ]

[ 2015-03-10T16:34:22+08:00 ] 127.0.0.1 /blog/index.php/Admin/User/index?_=1425976462528
INFO: [ app_begin ] --START--
INFO: Run Behavior\ReadHtmlCacheBehavior [ RunTime:0.001000s ]
INFO: [ app_begin ] --END-- [ RunTime:0.002000s ]
NOTIC: [2048] Declaration of Admin\Controller\UserController::edit() should be compatible with Admin\Controller\CommonController::edit() E:\env\wamp\www\blog\xzj\Admin\Controller\UserController.class.php 第 5 行.
NOTIC: [8192] mysql_connect(): The mysql extension is deprecated and will be removed in the future: use mysqli or PDO instead E:\env\wamp\www\blog\ThinkPHP\Library\Think\Db\Driver\Mysql.class.php 第 52 行.
SQL: SHOW COLUMNS FROM `xzj_user` [ RunTime:0.007000s ]
SQL: SELECT * FROM `xzj_user` WHERE ( id=1 ) LIMIT 1   [ RunTime:0.004000s ]
INFO: [ view_parse ] --START--
INFO: [ template_filter ] --START--
INFO: Run Behavior\ContentReplaceBehavior [ RunTime:0.000000s ]
INFO: [ template_filter ] --END-- [ RunTime:0.001001s ]
NOTIC: [8] Undefined variable: numPerPage E:\env\wamp\www\blog\xzj\Runtime\Cache\Admin\8d007e73c2feaaf336fe1ab98088ab09.php 第 4 行.
NOTIC: [8] Undefined index: _order E:\env\wamp\www\blog\xzj\Runtime\Cache\Admin\8d007e73c2feaaf336fe1ab98088ab09.php 第 5 行.
NOTIC: [8] Undefined index: _sort E:\env\wamp\www\blog\xzj\Runtime\Cache\Admin\8d007e73c2feaaf336fe1ab98088ab09.php 第 6 行.
NOTIC: [8] Undefined variable: numPerPage E:\env\wamp\www\blog\xzj\Runtime\Cache\Admin\8d007e73c2feaaf336fe1ab98088ab09.php 第 10 行.
NOTIC: [8] Undefined index: username E:\env\wamp\www\blog\xzj\Runtime\Cache\Admin\8d007e73c2feaaf336fe1ab98088ab09.php 第 15 行.
NOTIC: [8] Undefined index: _order E:\env\wamp\www\blog\xzj\Runtime\Cache\Admin\8d007e73c2feaaf336fe1ab98088ab09.php 第 38 行.
NOTIC: [8] Undefined index: _order E:\env\wamp\www\blog\xzj\Runtime\Cache\Admin\8d007e73c2feaaf336fe1ab98088ab09.php 第 39 行.
NOTIC: [8] Undefined variable: numPerPage E:\env\wamp\www\blog\xzj\Runtime\Cache\Admin\8d007e73c2feaaf336fe1ab98088ab09.php 第 79 行.
NOTIC: [8] Undefined variable: numPerPage E:\env\wamp\www\blog\xzj\Runtime\Cache\Admin\8d007e73c2feaaf336fe1ab98088ab09.php 第 80 行.
NOTIC: [8] Undefined variable: numPerPage E:\env\wamp\www\blog\xzj\Runtime\Cache\Admin\8d007e73c2feaaf336fe1ab98088ab09.php 第 81 行.
NOTIC: [8] Undefined variable: numPerPage E:\env\wamp\www\blog\xzj\Runtime\Cache\Admin\8d007e73c2feaaf336fe1ab98088ab09.php 第 82 行.
NOTIC: [8] Undefined variable: numPerPage E:\env\wamp\www\blog\xzj\Runtime\Cache\Admin\8d007e73c2feaaf336fe1ab98088ab09.php 第 83 行.
NOTIC: [8] Undefined variable: totalCount E:\env\wamp\www\blog\xzj\Runtime\Cache\Admin\8d007e73c2feaaf336fe1ab98088ab09.php 第 85 行.
NOTIC: [8] Undefined variable: totalCount E:\env\wamp\www\blog\xzj\Runtime\Cache\Admin\8d007e73c2feaaf336fe1ab98088ab09.php 第 90 行.
NOTIC: [8] Undefined variable: numPerPage E:\env\wamp\www\blog\xzj\Runtime\Cache\Admin\8d007e73c2feaaf336fe1ab98088ab09.php 第 90 行.
NOTIC: [8] Undefined variable: currentPage E:\env\wamp\www\blog\xzj\Runtime\Cache\Admin\8d007e73c2feaaf336fe1ab98088ab09.php 第 90 行.
INFO: Run Behavior\ParseTemplateBehavior [ RunTime:0.038002s ]
INFO: [ view_parse ] --END-- [ RunTime:0.038002s ]
INFO: [ view_filter ] --START--
INFO: Run Behavior\WriteHtmlCacheBehavior [ RunTime:0.001000s ]
INFO: [ view_filter ] --END-- [ RunTime:0.002000s ]
INFO: [ app_end ] --START--
INFO: Run Behavior\ShowPageTraceBehavior [ RunTime:0.001000s ]
INFO: [ app_end ] --END-- [ RunTime:0.004000s ]

[ 2015-03-10T16:34:24+08:00 ] 127.0.0.1 /blog/index.php/Admin/User/edit/id/1?_=1425976464540
INFO: [ app_begin ] --START--
INFO: Run Behavior\ReadHtmlCacheBehavior [ RunTime:0.002000s ]
INFO: [ app_begin ] --END-- [ RunTime:0.003000s ]
NOTIC: [2048] Declaration of Admin\Controller\UserController::edit() should be compatible with Admin\Controller\CommonController::edit() E:\env\wamp\www\blog\xzj\Admin\Controller\UserController.class.php 第 5 行.
NOTIC: [8192] mysql_connect(): The mysql extension is deprecated and will be removed in the future: use mysqli or PDO instead E:\env\wamp\www\blog\ThinkPHP\Library\Think\Db\Driver\Mysql.class.php 第 52 行.
SQL: SHOW COLUMNS FROM `xzj_user` [ RunTime:0.006001s ]
SQL: SELECT * FROM `xzj_user` WHERE ( id=1 ) LIMIT 1   [ RunTime:0.001000s ]
INFO: [ view_parse ] --START--
INFO: [ template_filter ] --START--
INFO: Run Behavior\ContentReplaceBehavior [ RunTime:0.000000s ]
INFO: [ template_filter ] --END-- [ RunTime:0.000000s ]
NOTIC: [8] Undefined variable: find E:\env\wamp\www\blog\xzj\Runtime\Cache\Admin\18f216a68d25233706ce98e858822222.php 第 4 行.
INFO: Run Behavior\ParseTemplateBehavior [ RunTime:0.019001s ]
INFO: [ view_parse ] --END-- [ RunTime:0.019001s ]
INFO: [ view_filter ] --START--
INFO: Run Behavior\WriteHtmlCacheBehavior [ RunTime:0.001000s ]
INFO: [ view_filter ] --END-- [ RunTime:0.001000s ]
INFO: [ app_end ] --START--
INFO: Run Behavior\ShowPageTraceBehavior [ RunTime:0.000000s ]
INFO: [ app_end ] --END-- [ RunTime:0.002000s ]

[ 2015-03-10T16:38:26+08:00 ] 127.0.0.1 /blog/index.php/Admin/User/index?_=1425976706331
INFO: [ app_begin ] --START--
INFO: Run Behavior\ReadHtmlCacheBehavior [ RunTime:0.001000s ]
INFO: [ app_begin ] --END-- [ RunTime:0.002000s ]

[ 2015-03-10T16:38:31+08:00 ] 127.0.0.1 /blog/index.php/Admin/User/index?_=1425976710948
INFO: [ app_begin ] --START--
INFO: Run Behavior\ReadHtmlCacheBehavior [ RunTime:0.001001s ]
INFO: [ app_begin ] --END-- [ RunTime:0.003001s ]

[ 2015-03-10T16:38:48+08:00 ] 127.0.0.1 /blog/index.php/Admin/User/index?_=1425976728483
INFO: [ app_begin ] --START--
INFO: Run Behavior\ReadHtmlCacheBehavior [ RunTime:0.001000s ]
INFO: [ app_begin ] --END-- [ RunTime:0.003000s ]
NOTIC: [2048] Declaration of Admin\Controller\UserController::edit() should be compatible with Admin\Controller\CommonController::edit() E:\env\wamp\www\blog\xzj\Admin\Controller\UserController.class.php 第 5 行.
NOTIC: [8192] mysql_connect(): The mysql extension is deprecated and will be removed in the future: use mysqli or PDO instead E:\env\wamp\www\blog\ThinkPHP\Library\Think\Db\Driver\Mysql.class.php 第 52 行.
SQL: SHOW COLUMNS FROM `xzj_user` [ RunTime:0.007001s ]
SQL: SELECT * FROM `xzj_user` WHERE ( id=1 ) LIMIT 1   [ RunTime:0.002000s ]
INFO: [ view_parse ] --START--
INFO: [ template_filter ] --START--
INFO: Run Behavior\ContentReplaceBehavior [ RunTime:0.000000s ]
INFO: [ template_filter ] --END-- [ RunTime:0.001000s ]
NOTIC: [8] Undefined variable: numPerPage E:\env\wamp\www\blog\xzj\Runtime\Cache\Admin\8d007e73c2feaaf336fe1ab98088ab09.php 第 4 行.
NOTIC: [8] Undefined index: _order E:\env\wamp\www\blog\xzj\Runtime\Cache\Admin\8d007e73c2feaaf336fe1ab98088ab09.php 第 5 行.
NOTIC: [8] Undefined index: _sort E:\env\wamp\www\blog\xzj\Runtime\Cache\Admin\8d007e73c2feaaf336fe1ab98088ab09.php 第 6 行.
NOTIC: [8] Undefined variable: numPerPage E:\env\wamp\www\blog\xzj\Runtime\Cache\Admin\8d007e73c2feaaf336fe1ab98088ab09.php 第 10 行.
NOTIC: [8] Undefined index: username E:\env\wamp\www\blog\xzj\Runtime\Cache\Admin\8d007e73c2feaaf336fe1ab98088ab09.php 第 15 行.
NOTIC: [8] Undefined index: _order E:\env\wamp\www\blog\xzj\Runtime\Cache\Admin\8d007e73c2feaaf336fe1ab98088ab09.php 第 38 行.
NOTIC: [8] Undefined index: _order E:\env\wamp\www\blog\xzj\Runtime\Cache\Admin\8d007e73c2feaaf336fe1ab98088ab09.php 第 39 行.
NOTIC: [8] Undefined variable: numPerPage E:\env\wamp\www\blog\xzj\Runtime\Cache\Admin\8d007e73c2feaaf336fe1ab98088ab09.php 第 79 行.
NOTIC: [8] Undefined variable: numPerPage E:\env\wamp\www\blog\xzj\Runtime\Cache\Admin\8d007e73c2feaaf336fe1ab98088ab09.php 第 80 行.
NOTIC: [8] Undefined variable: numPerPage E:\env\wamp\www\blog\xzj\Runtime\Cache\Admin\8d007e73c2feaaf336fe1ab98088ab09.php 第 81 行.
NOTIC: [8] Undefined variable: numPerPage E:\env\wamp\www\blog\xzj\Runtime\Cache\Admin\8d007e73c2feaaf336fe1ab98088ab09.php 第 82 行.
NOTIC: [8] Undefined variable: numPerPage E:\env\wamp\www\blog\xzj\Runtime\Cache\Admin\8d007e73c2feaaf336fe1ab98088ab09.php 第 83 行.
NOTIC: [8] Undefined variable: totalCount E:\env\wamp\www\blog\xzj\Runtime\Cache\Admin\8d007e73c2feaaf336fe1ab98088ab09.php 第 85 行.
NOTIC: [8] Undefined variable: totalCount E:\env\wamp\www\blog\xzj\Runtime\Cache\Admin\8d007e73c2feaaf336fe1ab98088ab09.php 第 90 行.
NOTIC: [8] Undefined variable: numPerPage E:\env\wamp\www\blog\xzj\Runtime\Cache\Admin\8d007e73c2feaaf336fe1ab98088ab09.php 第 90 行.
NOTIC: [8] Undefined variable: currentPage E:\env\wamp\www\blog\xzj\Runtime\Cache\Admin\8d007e73c2feaaf336fe1ab98088ab09.php 第 90 行.
INFO: Run Behavior\ParseTemplateBehavior [ RunTime:0.037002s ]
INFO: [ view_parse ] --END-- [ RunTime:0.037002s ]
INFO: [ view_filter ] --START--
INFO: Run Behavior\WriteHtmlCacheBehavior [ RunTime:0.001000s ]
INFO: [ view_filter ] --END-- [ RunTime:0.001000s ]
INFO: [ app_end ] --START--
INFO: Run Behavior\ShowPageTraceBehavior [ RunTime:0.002000s ]
INFO: [ app_end ] --END-- [ RunTime:0.002000s ]

[ 2015-03-10T16:38:51+08:00 ] 127.0.0.1 /blog/index.php/Admin/User/edit/id/1?_=1425976731462
INFO: [ app_begin ] --START--
INFO: Run Behavior\ReadHtmlCacheBehavior [ RunTime:0.002000s ]
INFO: [ app_begin ] --END-- [ RunTime:0.003000s ]
NOTIC: [2048] Declaration of Admin\Controller\UserController::edit() should be compatible with Admin\Controller\CommonController::edit() E:\env\wamp\www\blog\xzj\Admin\Controller\UserController.class.php 第 5 行.
NOTIC: [8192] mysql_connect(): The mysql extension is deprecated and will be removed in the future: use mysqli or PDO instead E:\env\wamp\www\blog\ThinkPHP\Library\Think\Db\Driver\Mysql.class.php 第 52 行.
SQL: SHOW COLUMNS FROM `xzj_user` [ RunTime:0.008000s ]
SQL: SELECT * FROM `xzj_user` WHERE ( id=1 ) LIMIT 1   [ RunTime:0.001000s ]
INFO: [ view_parse ] --START--
INFO: [ template_filter ] --START--
INFO: Run Behavior\ContentReplaceBehavior [ RunTime:0.001000s ]
INFO: [ template_filter ] --END-- [ RunTime:0.001000s ]
NOTIC: [8] Undefined variable: find E:\env\wamp\www\blog\xzj\Runtime\Cache\Admin\18f216a68d25233706ce98e858822222.php 第 4 行.
INFO: Run Behavior\ParseTemplateBehavior [ RunTime:0.026002s ]
INFO: [ view_parse ] --END-- [ RunTime:0.027002s ]
INFO: [ view_filter ] --START--
INFO: Run Behavior\WriteHtmlCacheBehavior [ RunTime:0.001000s ]
INFO: [ view_filter ] --END-- [ RunTime:0.002000s ]
INFO: [ app_end ] --START--
INFO: Run Behavior\ShowPageTraceBehavior [ RunTime:0.002000s ]
INFO: [ app_end ] --END-- [ RunTime:0.002000s ]

[ 2015-03-10T16:38:57+08:00 ] 127.0.0.1 /blog/index.php/Admin/User/update/navTabId/listuser/callbackType/closeCurrent
INFO: [ app_begin ] --START--
INFO: Run Behavior\ReadHtmlCacheBehavior [ RunTime:0.001000s ]
INFO: [ app_begin ] --END-- [ RunTime:0.002000s ]
NOTIC: [2048] Declaration of Admin\Controller\UserController::edit() should be compatible with Admin\Controller\CommonController::edit() E:\env\wamp\www\blog\xzj\Admin\Controller\UserController.class.php 第 5 行.
NOTIC: [8192] mysql_connect(): The mysql extension is deprecated and will be removed in the future: use mysqli or PDO instead E:\env\wamp\www\blog\ThinkPHP\Library\Think\Db\Driver\Mysql.class.php 第 52 行.
SQL: SHOW COLUMNS FROM `xzj_user` [ RunTime:0.007000s ]
SQL: UPDATE `xzj_user` SET `name`='徐忠杰',`gender`='1',`aihao`='玩电脑游戏，打篮球，听音乐，发呆',`zhiye`='大学生',`xianju`='河南-焦作',`singer`='林俊杰，周杰伦',`music`='&lt;手心的蔷薇&gt;，&lt;算什么男人&gt;，&lt;夜空中最亮的星&gt;',`hope`='每天能够悠闲的活者，不用为明天考虑。',`introduce`='我就是我是颜色不一样的烟火',`wangming`='黯淡1',`email`='461025412@qq.com' WHERE ( `id` = 0 ) [ RunTime:0.003000s ]
NOTIC: [8] Undefined index: forwardUrl E:\env\wamp\www\blog\ThinkPHP\Library\Think\Controller.class.php 第 220 行.

[ 2015-03-10T16:38:57+08:00 ] 127.0.0.1 /blog/index.php/Admin/User/index
INFO: [ app_begin ] --START--
INFO: Run Behavior\ReadHtmlCacheBehavior [ RunTime:0.002000s ]
INFO: [ app_begin ] --END-- [ RunTime:0.004001s ]
NOTIC: [2048] Declaration of Admin\Controller\UserController::edit() should be compatible with Admin\Controller\CommonController::edit() E:\env\wamp\www\blog\xzj\Admin\Controller\UserController.class.php 第 5 行.
NOTIC: [8192] mysql_connect(): The mysql extension is deprecated and will be removed in the future: use mysqli or PDO instead E:\env\wamp\www\blog\ThinkPHP\Library\Think\Db\Driver\Mysql.class.php 第 52 行.
SQL: SHOW COLUMNS FROM `xzj_user` [ RunTime:0.006001s ]
SQL: SELECT * FROM `xzj_user` WHERE ( id=1 ) LIMIT 1   [ RunTime:0.001000s ]
INFO: [ view_parse ] --START--
INFO: [ template_filter ] --START--
INFO: Run Behavior\ContentReplaceBehavior [ RunTime:0.000000s ]
INFO: [ template_filter ] --END-- [ RunTime:0.000000s ]
NOTIC: [8] Undefined variable: numPerPage E:\env\wamp\www\blog\xzj\Runtime\Cache\Admin\8d007e73c2feaaf336fe1ab98088ab09.php 第 4 行.
NOTIC: [8] Undefined variable: numPerPage E:\env\wamp\www\blog\xzj\Runtime\Cache\Admin\8d007e73c2feaaf336fe1ab98088ab09.php 第 10 行.
NOTIC: [8] Undefined index: username E:\env\wamp\www\blog\xzj\Runtime\Cache\Admin\8d007e73c2feaaf336fe1ab98088ab09.php 第 15 行.
NOTIC: [8] Undefined variable: numPerPage E:\env\wamp\www\blog\xzj\Runtime\Cache\Admin\8d007e73c2feaaf336fe1ab98088ab09.php 第 79 行.
NOTIC: [8] Undefined variable: numPerPage E:\env\wamp\www\blog\xzj\Runtime\Cache\Admin\8d007e73c2feaaf336fe1ab98088ab09.php 第 80 行.
NOTIC: [8] Undefined variable: numPerPage E:\env\wamp\www\blog\xzj\Runtime\Cache\Admin\8d007e73c2feaaf336fe1ab98088ab09.php 第 81 行.
NOTIC: [8] Undefined variable: numPerPage E:\env\wamp\www\blog\xzj\Runtime\Cache\Admin\8d007e73c2feaaf336fe1ab98088ab09.php 第 82 行.
NOTIC: [8] Undefined variable: numPerPage E:\env\wamp\www\blog\xzj\Runtime\Cache\Admin\8d007e73c2feaaf336fe1ab98088ab09.php 第 83 行.
NOTIC: [8] Undefined variable: totalCount E:\env\wamp\www\blog\xzj\Runtime\Cache\Admin\8d007e73c2feaaf336fe1ab98088ab09.php 第 85 行.
NOTIC: [8] Undefined variable: totalCount E:\env\wamp\www\blog\xzj\Runtime\Cache\Admin\8d007e73c2feaaf336fe1ab98088ab09.php 第 90 行.
NOTIC: [8] Undefined variable: numPerPage E:\env\wamp\www\blog\xzj\Runtime\Cache\Admin\8d007e73c2feaaf336fe1ab98088ab09.php 第 90 行.
NOTIC: [8] Undefined variable: currentPage E:\env\wamp\www\blog\xzj\Runtime\Cache\Admin\8d007e73c2feaaf336fe1ab98088ab09.php 第 90 行.
INFO: Run Behavior\ParseTemplateBehavior [ RunTime:0.044002s ]
INFO: [ view_parse ] --END-- [ RunTime:0.044002s ]
INFO: [ view_filter ] --START--
INFO: Run Behavior\WriteHtmlCacheBehavior [ RunTime:0.001000s ]
INFO: [ view_filter ] --END-- [ RunTime:0.002001s ]
INFO: [ app_end ] --START--
INFO: Run Behavior\ShowPageTraceBehavior [ RunTime:0.002000s ]
INFO: [ app_end ] --END-- [ RunTime:0.002000s ]

[ 2015-03-10T16:40:55+08:00 ] 127.0.0.1 /blog/index.php/Admin/User/update/navTabId/listuser/callbackType/closeCurrent
INFO: [ app_begin ] --START--
INFO: Run Behavior\ReadHtmlCacheBehavior [ RunTime:0.002001s ]
INFO: [ app_begin ] --END-- [ RunTime:0.003001s ]
NOTIC: [2048] Declaration of Admin\Controller\UserController::edit() should be compatible with Admin\Controller\CommonController::edit() E:\env\wamp\www\blog\xzj\Admin\Controller\UserController.class.php 第 5 行.
NOTIC: [8192] mysql_connect(): The mysql extension is deprecated and will be removed in the future: use mysqli or PDO instead E:\env\wamp\www\blog\ThinkPHP\Library\Think\Db\Driver\Mysql.class.php 第 52 行.
SQL: SHOW COLUMNS FROM `xzj_user` [ RunTime:0.096006s ]
SQL: UPDATE `xzj_user` SET `name`='徐忠杰',`gender`='1',`aihao`='玩电脑游戏，打篮球，听音乐，发呆',`zhiye`='大学生',`xianju`='河南-焦作',`singer`='林俊杰，周杰伦',`music`='&lt;手心的蔷薇&gt;，&lt;算什么男人&gt;，&lt;夜空中最亮的星&gt;',`hope`='每天能够悠闲的活者，不用为明天考虑。',`introduce`='我就是我是颜色不一样的烟火',`wangming`='黯淡1',`email`='461025412@qq.com' WHERE ( `id` = 0 ) [ RunTime:0.002000s ]
NOTIC: [8] Undefined index: forwardUrl E:\env\wamp\www\blog\ThinkPHP\Library\Think\Controller.class.php 第 220 行.

[ 2015-03-10T16:40:56+08:00 ] 127.0.0.1 /blog/index.php/Admin/User/index
INFO: [ app_begin ] --START--
INFO: Run Behavior\ReadHtmlCacheBehavior [ RunTime:0.002001s ]
INFO: [ app_begin ] --END-- [ RunTime:0.003001s ]
NOTIC: [2048] Declaration of Admin\Controller\UserController::edit() should be compatible with Admin\Controller\CommonController::edit() E:\env\wamp\www\blog\xzj\Admin\Controller\UserController.class.php 第 5 行.
NOTIC: [8192] mysql_connect(): The mysql extension is deprecated and will be removed in the future: use mysqli or PDO instead E:\env\wamp\www\blog\ThinkPHP\Library\Think\Db\Driver\Mysql.class.php 第 52 行.
SQL: SHOW COLUMNS FROM `xzj_user` [ RunTime:0.006001s ]
SQL: SELECT * FROM `xzj_user` WHERE ( id=1 ) LIMIT 1   [ RunTime:0.001000s ]
INFO: [ view_parse ] --START--
INFO: [ template_filter ] --START--
INFO: Run Behavior\ContentReplaceBehavior [ RunTime:0.001000s ]
INFO: [ template_filter ] --END-- [ RunTime:0.001000s ]
NOTIC: [8] Undefined variable: numPerPage E:\env\wamp\www\blog\xzj\Runtime\Cache\Admin\8d007e73c2feaaf336fe1ab98088ab09.php 第 4 行.
NOTIC: [8] Undefined variable: numPerPage E:\env\wamp\www\blog\xzj\Runtime\Cache\Admin\8d007e73c2feaaf336fe1ab98088ab09.php 第 10 行.
NOTIC: [8] Undefined index: username E:\env\wamp\www\blog\xzj\Runtime\Cache\Admin\8d007e73c2feaaf336fe1ab98088ab09.php 第 15 行.
NOTIC: [8] Undefined variable: numPerPage E:\env\wamp\www\blog\xzj\Runtime\Cache\Admin\8d007e73c2feaaf336fe1ab98088ab09.php 第 79 行.
NOTIC: [8] Undefined variable: numPerPage E:\env\wamp\www\blog\xzj\Runtime\Cache\Admin\8d007e73c2feaaf336fe1ab98088ab09.php 第 80 行.
NOTIC: [8] Undefined variable: numPerPage E:\env\wamp\www\blog\xzj\Runtime\Cache\Admin\8d007e73c2feaaf336fe1ab98088ab09.php 第 81 行.
NOTIC: [8] Undefined variable: numPerPage E:\env\wamp\www\blog\xzj\Runtime\Cache\Admin\8d007e73c2feaaf336fe1ab98088ab09.php 第 82 行.
NOTIC: [8] Undefined variable: numPerPage E:\env\wamp\www\blog\xzj\Runtime\Cache\Admin\8d007e73c2feaaf336fe1ab98088ab09.php 第 83 行.
NOTIC: [8] Undefined variable: totalCount E:\env\wamp\www\blog\xzj\Runtime\Cache\Admin\8d007e73c2feaaf336fe1ab98088ab09.php 第 85 行.
NOTIC: [8] Undefined variable: totalCount E:\env\wamp\www\blog\xzj\Runtime\Cache\Admin\8d007e73c2feaaf336fe1ab98088ab09.php 第 90 行.
NOTIC: [8] Undefined variable: numPerPage E:\env\wamp\www\blog\xzj\Runtime\Cache\Admin\8d007e73c2feaaf336fe1ab98088ab09.php 第 90 行.
NOTIC: [8] Undefined variable: currentPage E:\env\wamp\www\blog\xzj\Runtime\Cache\Admin\8d007e73c2feaaf336fe1ab98088ab09.php 第 90 行.
INFO: Run Behavior\ParseTemplateBehavior [ RunTime:0.028002s ]
INFO: [ view_parse ] --END-- [ RunTime:0.028002s ]
INFO: [ view_filter ] --START--
INFO: Run Behavior\WriteHtmlCacheBehavior [ RunTime:0.002000s ]
INFO: [ view_filter ] --END-- [ RunTime:0.002000s ]
INFO: [ app_end ] --START--
INFO: Run Behavior\ShowPageTraceBehavior [ RunTime:0.001000s ]
INFO: [ app_end ] --END-- [ RunTime:0.001000s ]

