[ 2015-03-12T13:24:41+08:00 ] 127.0.0.1 /blog/index.php/Home/Diray/index
ERR: 无法加载控制器:Diray

[ 2015-03-12T13:25:20+08:00 ] 127.0.0.1 /blog/index.php/Home/Diray/index
ERR: 无法加载控制器:Diray

[ 2015-03-12T13:25:23+08:00 ] 127.0.0.1 /blog/index.php/Home/Diray/index
ERR: 无法加载控制器:Diray

[ 2015-03-12T13:25:26+08:00 ] 127.0.0.1 /blog/index.php/Home/Diary/index
ERR: 无法加载控制器:Diary

[ 2015-03-12T13:25:28+08:00 ] 127.0.0.1 /blog/index.php/Home/Diary/index
ERR: 无法加载控制器:Diary

[ 2015-03-12T13:25:57+08:00 ] 127.0.0.1 /blog/index.php/Home/Diary/js/silder.js
ERR: 非法操作:js

[ 2015-03-12T13:25:57+08:00 ] 127.0.0.1 /blog/index.php/Home/Diary/css/style.css
ERR: 非法操作:css

[ 2015-03-12T13:25:57+08:00 ] 127.0.0.1 /blog/index.php/Home/Diary/css/base.css
ERR: 非法操作:css

[ 2015-03-12T13:25:57+08:00 ] 127.0.0.1 /blog/index.php/Home/Diary/css/media.css
ERR: 非法操作:css

[ 2015-03-12T13:26:26+08:00 ] 127.0.0.1 /blog/index.php/Home/Diary/css/base.css
ERR: 非法操作:css

[ 2015-03-12T13:26:26+08:00 ] 127.0.0.1 /blog/index.php/Home/Diary/css/media.css
ERR: 非法操作:css

[ 2015-03-12T13:26:26+08:00 ] 127.0.0.1 /blog/index.php/Home/Diary/js/silder.js
ERR: 非法操作:js

[ 2015-03-12T13:26:26+08:00 ] 127.0.0.1 /blog/index.php/Home/Diary/css/style.css
ERR: 非法操作:css

[ 2015-03-12T13:27:04+08:00 ] 127.0.0.1 /blog/index.php/Home/Diary/js/silder.js
ERR: 非法操作:js

[ 2015-03-12T13:32:33+08:00 ] 127.0.0.1 /blog/index.php/Home/Diary/js/silder.js
ERR: 非法操作:js

[ 2015-03-12T13:32:45+08:00 ] 127.0.0.1 /blog/index.php/js/silder.js
ERR: 无法加载控制器:Js

[ 2015-03-12T13:32:46+08:00 ] 127.0.0.1 /blog/index.php/Home/Diary/js/silder.js
ERR: 非法操作:js

[ 2015-03-12T13:33:21+08:00 ] 127.0.0.1 /blog/index.php/Home/Diary/js/silder.js
ERR: 非法操作:js

[ 2015-03-12T13:33:23+08:00 ] 127.0.0.1 /blog/index.php/Home/Diary/js/silder.js
ERR: 非法操作:js

[ 2015-03-12T13:33:34+08:00 ] 127.0.0.1 /blog/index.php/Home/Diary/js/silder.js
ERR: 非法操作:js

[ 2015-03-12T13:35:08+08:00 ] 127.0.0.1 /blog/index.php/js/silder.js
ERR: 无法加载控制器:Js

[ 2015-03-12T13:35:09+08:00 ] 127.0.0.1 /blog/index.php/Home/Diary/js/silder.js
ERR: 非法操作:js

[ 2015-03-12T13:36:27+08:00 ] 127.0.0.1 /blog/index.php/Home/Diary/js/silder.js
ERR: 非法操作:js

[ 2015-03-12T13:43:27+08:00 ] 127.0.0.1 /blog/index.php/Home/Diary/js/silder.js
ERR: 非法操作:js

[ 2015-03-12T13:43:30+08:00 ] 127.0.0.1 /blog/index.php/Home/Diary/js/silder.js
ERR: 非法操作:js

[ 2015-03-12T13:43:58+08:00 ] 127.0.0.1 /blog/index.php/Home/Diary/js/silder.js
ERR: 非法操作:js

[ 2015-03-12T13:44:23+08:00 ] 127.0.0.1 /blog/index.php/Home/Diary/js/silder.js
ERR: 非法操作:js

[ 2015-03-12T13:44:24+08:00 ] 127.0.0.1 /blog/index.php/Home/Diary/js/silder.js
ERR: 非法操作:js

[ 2015-03-12T13:44:24+08:00 ] 127.0.0.1 /blog/index.php/Home/Diary/js/silder.js
ERR: 非法操作:js

[ 2015-03-12T13:45:09+08:00 ] 127.0.0.1 /blog/index.php/Home/Diary/js/silder.js
ERR: 非法操作:js

[ 2015-03-12T13:45:15+08:00 ] 127.0.0.1 /blog/index.php/Home/Diary/js/silder.js
ERR: 非法操作:js

[ 2015-03-12T13:46:02+08:00 ] 127.0.0.1 /blog/index.php/Home/Diary/js/silder.js
ERR: 非法操作:js

[ 2015-03-12T13:46:31+08:00 ] 127.0.0.1 /blog/index.php/Home/Diary/js/silder.js
ERR: 非法操作:js

[ 2015-03-12T13:46:52+08:00 ] 127.0.0.1 /blog/index.php/Home/Diary/js/silder.js
ERR: 非法操作:js

[ 2015-03-12T13:47:13+08:00 ] 127.0.0.1 /blog/index.php/Home/Diary/js/silder.js
ERR: 非法操作:js

[ 2015-03-12T13:47:49+08:00 ] 127.0.0.1 /blog/index.php/Home/Diary/js/silder.js
ERR: 非法操作:js

[ 2015-03-12T13:48:20+08:00 ] 127.0.0.1 /blog/index.php/Home/Diary/js/silder.js
ERR: 非法操作:js

[ 2015-03-12T13:49:06+08:00 ] 127.0.0.1 /blog/index.php/Home/Diary/js/silder.js
ERR: 非法操作:js

[ 2015-03-12T13:50:13+08:00 ] 127.0.0.1 /blog/index.php/Home/Diary/js/silder.js
ERR: 非法操作:js

[ 2015-03-12T13:53:09+08:00 ] 127.0.0.1 /blog/index.php/Home/Diary/js/silder.js
ERR: 非法操作:js

[ 2015-03-12T13:54:15+08:00 ] 127.0.0.1 /blog/index.php/Home/Diary/js/silder.js
ERR: 非法操作:js

[ 2015-03-12T13:54:36+08:00 ] 127.0.0.1 /blog/index.php/Home/Diary/js/silder.js
ERR: 非法操作:js

[ 2015-03-12T14:01:23+08:00 ] 127.0.0.1 /blog/index.php/Home/Diary/js/silder.js
ERR: 非法操作:js

[ 2015-03-12T14:02:12+08:00 ] 127.0.0.1 /blog/index.php/Home/Diary/js/silder.js
ERR: 非法操作:js

[ 2015-03-12T14:02:18+08:00 ] 127.0.0.1 /blog/index.php/Home/Diary/js/silder.js
ERR: 非法操作:js

[ 2015-03-12T18:57:34+08:00 ] 127.0.0.1 /blog/index.php/Home/Diary/js/silder.js
ERR: 非法操作:js

[ 2015-03-12T18:59:34+08:00 ] 127.0.0.1 /blog/index.php/Home/Diary/js/silder.js
ERR: 非法操作:js

[ 2015-03-12T18:59:37+08:00 ] 127.0.0.1 /blog/index.php/Home/Diary/js/silder.js
ERR: 非法操作:js

[ 2015-03-12T20:06:34+08:00 ] 127.0.0.1 /blog/index.php/Home/User/index
ERR: 无法加载控制器:User

[ 2015-03-12T20:06:57+08:00 ] 127.0.0.1 /blog/index.php/Home/User/js/silder.js
ERR: 非法操作:js

[ 2015-03-12T20:07:21+08:00 ] 127.0.0.1 /blog/index.php/Home/User/js/silder.js
ERR: 非法操作:js

[ 2015-03-12T20:08:02+08:00 ] 127.0.0.1 /blog/index.php/Home/User/js/silder.js
ERR: 非法操作:js

[ 2015-03-12T20:18:14+08:00 ] 127.0.0.1 /blog/index.php/Home/User/js/silder.js
ERR: 非法操作:js

[ 2015-03-12T20:18:54+08:00 ] 127.0.0.1 /blog/index.php/Home/User/js/silder.js
ERR: 非法操作:js

[ 2015-03-12T20:18:55+08:00 ] 127.0.0.1 /blog/index.php/Home/User/js/silder.js
ERR: 非法操作:js

[ 2015-03-12T20:19:08+08:00 ] 127.0.0.1 /blog/index.php/Home/User/js/silder.js
ERR: 非法操作:js

[ 2015-03-12T20:20:25+08:00 ] 127.0.0.1 /blog/index.php/Home/User/js/silder.js
ERR: 非法操作:js

[ 2015-03-12T20:25:38+08:00 ] 127.0.0.1 /blog/index.php/Home/User/js/silder.js
ERR: 非法操作:js

[ 2015-03-12T20:27:00+08:00 ] 127.0.0.1 /blog/index.php/Home/User/js/silder.js
ERR: 非法操作:js

[ 2015-03-12T20:27:12+08:00 ] 127.0.0.1 /blog/index.php/Home/User/js/silder.js
ERR: 非法操作:js

[ 2015-03-12T20:28:34+08:00 ] 127.0.0.1 /blog/index.php/Home/User/js/silder.js
ERR: 非法操作:js

[ 2015-03-12T20:28:37+08:00 ] 127.0.0.1 /blog/index.php/Home/Diary/js/silder.js
ERR: 非法操作:js

[ 2015-03-12T20:33:06+08:00 ] 127.0.0.1 /blog/index.php/Home/Diary/js/silder.js
ERR: 非法操作:js

[ 2015-03-12T20:33:46+08:00 ] 127.0.0.1 /blog/index.php/Home/Diary/js/silder.js
ERR: 非法操作:js

[ 2015-03-12T20:34:32+08:00 ] 127.0.0.1 /blog/index.php/Home/Diary/js/silder.js
ERR: 非法操作:js

[ 2015-03-12T20:34:33+08:00 ] 127.0.0.1 /blog/index.php/Home/Diary/js/silder.js
ERR: 非法操作:js

[ 2015-03-12T20:35:31+08:00 ] 127.0.0.1 /blog/index.php/Home/Diary/js/silder.js
ERR: 非法操作:js

[ 2015-03-12T20:35:32+08:00 ] 127.0.0.1 /blog/index.php/Home/Diary/js/silder.js
ERR: 非法操作:js

[ 2015-03-12T20:37:29+08:00 ] 127.0.0.1 /blog/index.php/Home/Diary/js/silder.js
ERR: 非法操作:js

[ 2015-03-12T20:38:47+08:00 ] 127.0.0.1 /blog/index.php/Home/Diary/js/silder.js
ERR: 非法操作:js

[ 2015-03-12T20:38:49+08:00 ] 127.0.0.1 /blog/index.php/Home/Diary/js/silder.js
ERR: 非法操作:js

[ 2015-03-12T20:39:41+08:00 ] 127.0.0.1 /blog/index.php/Home/Diary/js/silder.js
ERR: 非法操作:js

[ 2015-03-12T20:51:24+08:00 ] 127.0.0.1 /blog/index.php/Home/User/js/silder.js
ERR: 非法操作:js

[ 2015-03-12T20:51:30+08:00 ] 127.0.0.1 /blog/index.php/Home/Diary/js/silder.js
ERR: 非法操作:js

[ 2015-03-12T20:56:15+08:00 ] 127.0.0.1 /blog/index.php/Home/Diary/js/silder.js
ERR: 非法操作:js

[ 2015-03-12T21:02:35+08:00 ] 127.0.0.1 /blog/index.php/Admin/Photo/index?_=1426165355209
INFO: [ app_begin ] --START--
INFO: Run Behavior\ReadHtmlCacheBehavior [ RunTime:0.001000s ]
INFO: [ app_begin ] --END-- [ RunTime:0.003000s ]
NOTIC: [8192] mysql_connect(): The mysql extension is deprecated and will be removed in the future: use mysqli or PDO instead E:\env\wamp\www\blog\ThinkPHP\Library\Think\Db\Driver\Mysql.class.php 第 52 行.
SQL: SHOW COLUMNS FROM `xzj_photo` [ RunTime:0.006000s ]
SQL: SHOW COLUMNS FROM `xzj_photo` [ RunTime:0.009001s ]
SQL: SELECT COUNT(*) AS tp_count FROM `xzj_photo` LIMIT 1   [ RunTime:0.001000s ]
SQL: SELECT * FROM `xzj_photo` ORDER BY id desc LIMIT 0,10   [ RunTime:0.001000s ]
NOTIC: [8] Undefined variable: search E:\env\wamp\www\blog\xzj\Admin\Controller\CommonController.class.php 第 258 行.
NOTIC: [8] Undefined index: values E:\env\wamp\www\blog\xzj\Admin\Controller\CommonController.class.php 第 259 行.
INFO: [ view_parse ] --START--
INFO: [ template_filter ] --START--
INFO: Run Behavior\ContentReplaceBehavior [ RunTime:0.000000s ]
INFO: [ template_filter ] --END-- [ RunTime:0.001000s ]
NOTIC: [8] Undefined index: _order E:\env\wamp\www\blog\xzj\Runtime\Cache\Admin\171833ea2857301d8d8fde3e1925c4ad.php 第 5 行.
NOTIC: [8] Undefined index: _sort E:\env\wamp\www\blog\xzj\Runtime\Cache\Admin\171833ea2857301d8d8fde3e1925c4ad.php 第 6 行.
NOTIC: [8] Undefined index: username E:\env\wamp\www\blog\xzj\Runtime\Cache\Admin\171833ea2857301d8d8fde3e1925c4ad.php 第 15 行.
NOTIC: [8] Undefined index: _order E:\env\wamp\www\blog\xzj\Runtime\Cache\Admin\171833ea2857301d8d8fde3e1925c4ad.php 第 39 行.
NOTIC: [8] Undefined index: _order E:\env\wamp\www\blog\xzj\Runtime\Cache\Admin\171833ea2857301d8d8fde3e1925c4ad.php 第 40 行.
INFO: Run Behavior\ParseTemplateBehavior [ RunTime:0.056003s ]
INFO: [ view_parse ] --END-- [ RunTime:0.057003s ]
INFO: [ view_filter ] --START--
INFO: Run Behavior\WriteHtmlCacheBehavior [ RunTime:0.001000s ]
INFO: [ view_filter ] --END-- [ RunTime:0.001000s ]
INFO: [ app_end ] --START--
INFO: Run Behavior\ShowPageTraceBehavior [ RunTime:0.005000s ]
INFO: [ app_end ] --END-- [ RunTime:0.005000s ]

[ 2015-03-12T21:02:40+08:00 ] 127.0.0.1 /blog/index.php/Admin/Photo/del/id/12/navTabId/photo
INFO: [ app_begin ] --START--
INFO: Run Behavior\ReadHtmlCacheBehavior [ RunTime:0.003000s ]
INFO: [ app_begin ] --END-- [ RunTime:0.004001s ]
NOTIC: [8192] mysql_connect(): The mysql extension is deprecated and will be removed in the future: use mysqli or PDO instead E:\env\wamp\www\blog\ThinkPHP\Library\Think\Db\Driver\Mysql.class.php 第 52 行.
SQL: SHOW COLUMNS FROM `xzj_photo` [ RunTime:0.012001s ]
SQL: DELETE FROM `xzj_photo` WHERE ( `id` IN ('12') ) [ RunTime:0.121007s ]
NOTIC: [8] Undefined index: callbackType E:\env\wamp\www\blog\ThinkPHP\Library\Think\Controller.class.php 第 219 行.
NOTIC: [8] Undefined index: forwardUrl E:\env\wamp\www\blog\ThinkPHP\Library\Think\Controller.class.php 第 220 行.

[ 2015-03-12T21:02:40+08:00 ] 127.0.0.1 /blog/index.php/Admin/Photo/index?pageNum=1&numPerPage=10&_order=&_sort=&usename=&_=1426165360186
INFO: [ app_begin ] --START--
INFO: Run Behavior\ReadHtmlCacheBehavior [ RunTime:0.004000s ]
INFO: [ app_begin ] --END-- [ RunTime:0.007001s ]
NOTIC: [8192] mysql_connect(): The mysql extension is deprecated and will be removed in the future: use mysqli or PDO instead E:\env\wamp\www\blog\ThinkPHP\Library\Think\Db\Driver\Mysql.class.php 第 52 行.
SQL: SHOW COLUMNS FROM `xzj_photo` [ RunTime:0.007000s ]
SQL: SHOW COLUMNS FROM `xzj_photo` [ RunTime:0.007001s ]
SQL: SELECT COUNT(*) AS tp_count FROM `xzj_photo` LIMIT 1   [ RunTime:0.001000s ]
SQL: SELECT * FROM `xzj_photo` ORDER BY id desc LIMIT 0,10   [ RunTime:0.006001s ]
NOTIC: [8] Undefined variable: search E:\env\wamp\www\blog\xzj\Admin\Controller\CommonController.class.php 第 258 行.
NOTIC: [8] Undefined index: values E:\env\wamp\www\blog\xzj\Admin\Controller\CommonController.class.php 第 259 行.
INFO: [ view_parse ] --START--
INFO: [ template_filter ] --START--
INFO: Run Behavior\ContentReplaceBehavior [ RunTime:0.000000s ]
INFO: [ template_filter ] --END-- [ RunTime:0.000000s ]
NOTIC: [8] Undefined index: username E:\env\wamp\www\blog\xzj\Runtime\Cache\Admin\171833ea2857301d8d8fde3e1925c4ad.php 第 15 行.
INFO: Run Behavior\ParseTemplateBehavior [ RunTime:0.040002s ]
INFO: [ view_parse ] --END-- [ RunTime:0.044002s ]
INFO: [ view_filter ] --START--
INFO: Run Behavior\WriteHtmlCacheBehavior [ RunTime:0.002000s ]
INFO: [ view_filter ] --END-- [ RunTime:0.002000s ]
INFO: [ app_end ] --START--
INFO: Run Behavior\ShowPageTraceBehavior [ RunTime:0.001000s ]
INFO: [ app_end ] --END-- [ RunTime:0.002000s ]

[ 2015-03-12T21:02:44+08:00 ] 127.0.0.1 /blog/index.php/Admin/Photo/del/id/11/navTabId/photo
INFO: [ app_begin ] --START--
INFO: Run Behavior\ReadHtmlCacheBehavior [ RunTime:0.001000s ]
INFO: [ app_begin ] --END-- [ RunTime:0.007000s ]
NOTIC: [8192] mysql_connect(): The mysql extension is deprecated and will be removed in the future: use mysqli or PDO instead E:\env\wamp\www\blog\ThinkPHP\Library\Think\Db\Driver\Mysql.class.php 第 52 行.
SQL: SHOW COLUMNS FROM `xzj_photo` [ RunTime:0.007000s ]
SQL: DELETE FROM `xzj_photo` WHERE ( `id` IN ('11') ) [ RunTime:0.086005s ]
NOTIC: [8] Undefined index: callbackType E:\env\wamp\www\blog\ThinkPHP\Library\Think\Controller.class.php 第 219 行.
NOTIC: [8] Undefined index: forwardUrl E:\env\wamp\www\blog\ThinkPHP\Library\Think\Controller.class.php 第 220 行.

[ 2015-03-12T21:02:44+08:00 ] 127.0.0.1 /blog/index.php/Admin/Photo/index?pageNum=1&numPerPage=10&_order=&_sort=&usename=&_=1426165364111
INFO: [ app_begin ] --START--
INFO: Run Behavior\ReadHtmlCacheBehavior [ RunTime:0.001001s ]
INFO: [ app_begin ] --END-- [ RunTime:0.002001s ]
NOTIC: [8192] mysql_connect(): The mysql extension is deprecated and will be removed in the future: use mysqli or PDO instead E:\env\wamp\www\blog\ThinkPHP\Library\Think\Db\Driver\Mysql.class.php 第 52 行.
SQL: SHOW COLUMNS FROM `xzj_photo` [ RunTime:0.005000s ]
SQL: SHOW COLUMNS FROM `xzj_photo` [ RunTime:0.007000s ]
SQL: SELECT COUNT(*) AS tp_count FROM `xzj_photo` LIMIT 1   [ RunTime:0.001000s ]
SQL: SELECT * FROM `xzj_photo` ORDER BY id desc LIMIT 0,10   [ RunTime:0.002000s ]
NOTIC: [8] Undefined variable: search E:\env\wamp\www\blog\xzj\Admin\Controller\CommonController.class.php 第 258 行.
NOTIC: [8] Undefined index: values E:\env\wamp\www\blog\xzj\Admin\Controller\CommonController.class.php 第 259 行.
INFO: [ view_parse ] --START--
INFO: [ template_filter ] --START--
INFO: Run Behavior\ContentReplaceBehavior [ RunTime:0.004000s ]
INFO: [ template_filter ] --END-- [ RunTime:0.006000s ]
NOTIC: [8] Undefined index: username E:\env\wamp\www\blog\xzj\Runtime\Cache\Admin\171833ea2857301d8d8fde3e1925c4ad.php 第 15 行.
INFO: Run Behavior\ParseTemplateBehavior [ RunTime:0.057003s ]
INFO: [ view_parse ] --END-- [ RunTime:0.057003s ]
INFO: [ view_filter ] --START--
INFO: Run Behavior\WriteHtmlCacheBehavior [ RunTime:0.003000s ]
INFO: [ view_filter ] --END-- [ RunTime:0.004000s ]
INFO: [ app_end ] --START--
INFO: Run Behavior\ShowPageTraceBehavior [ RunTime:0.002000s ]
INFO: [ app_end ] --END-- [ RunTime:0.005000s ]

[ 2015-03-12T21:02:52+08:00 ] 127.0.0.1 /blog/index.php/Admin/Photo/del/id/10/navTabId/photo
INFO: [ app_begin ] --START--
INFO: Run Behavior\ReadHtmlCacheBehavior [ RunTime:0.001000s ]
INFO: [ app_begin ] --END-- [ RunTime:0.003000s ]
NOTIC: [8192] mysql_connect(): The mysql extension is deprecated and will be removed in the future: use mysqli or PDO instead E:\env\wamp\www\blog\ThinkPHP\Library\Think\Db\Driver\Mysql.class.php 第 52 行.
SQL: SHOW COLUMNS FROM `xzj_photo` [ RunTime:0.009001s ]
SQL: DELETE FROM `xzj_photo` WHERE ( `id` IN ('10') ) [ RunTime:0.080004s ]
NOTIC: [8] Undefined index: callbackType E:\env\wamp\www\blog\ThinkPHP\Library\Think\Controller.class.php 第 219 行.
NOTIC: [8] Undefined index: forwardUrl E:\env\wamp\www\blog\ThinkPHP\Library\Think\Controller.class.php 第 220 行.

[ 2015-03-12T21:02:52+08:00 ] 127.0.0.1 /blog/index.php/Admin/Photo/index?pageNum=1&numPerPage=10&_order=&_sort=&usename=&_=1426165372254
INFO: [ app_begin ] --START--
INFO: Run Behavior\ReadHtmlCacheBehavior [ RunTime:0.002000s ]
INFO: [ app_begin ] --END-- [ RunTime:0.007000s ]
NOTIC: [8192] mysql_connect(): The mysql extension is deprecated and will be removed in the future: use mysqli or PDO instead E:\env\wamp\www\blog\ThinkPHP\Library\Think\Db\Driver\Mysql.class.php 第 52 行.
SQL: SHOW COLUMNS FROM `xzj_photo` [ RunTime:0.006001s ]
SQL: SHOW COLUMNS FROM `xzj_photo` [ RunTime:0.014001s ]
SQL: SELECT COUNT(*) AS tp_count FROM `xzj_photo` LIMIT 1   [ RunTime:0.002000s ]
SQL: SELECT * FROM `xzj_photo` ORDER BY id desc LIMIT 0,10   [ RunTime:0.006000s ]
NOTIC: [8] Undefined variable: search E:\env\wamp\www\blog\xzj\Admin\Controller\CommonController.class.php 第 258 行.
NOTIC: [8] Undefined index: values E:\env\wamp\www\blog\xzj\Admin\Controller\CommonController.class.php 第 259 行.
INFO: [ view_parse ] --START--
INFO: [ template_filter ] --START--
INFO: Run Behavior\ContentReplaceBehavior [ RunTime:0.000000s ]
INFO: [ template_filter ] --END-- [ RunTime:0.001000s ]
NOTIC: [8] Undefined index: username E:\env\wamp\www\blog\xzj\Runtime\Cache\Admin\171833ea2857301d8d8fde3e1925c4ad.php 第 15 行.
INFO: Run Behavior\ParseTemplateBehavior [ RunTime:0.042003s ]
INFO: [ view_parse ] --END-- [ RunTime:0.042003s ]
INFO: [ view_filter ] --START--
INFO: Run Behavior\WriteHtmlCacheBehavior [ RunTime:0.004000s ]
INFO: [ view_filter ] --END-- [ RunTime:0.004000s ]
INFO: [ app_end ] --START--
INFO: Run Behavior\ShowPageTraceBehavior [ RunTime:0.001000s ]
INFO: [ app_end ] --END-- [ RunTime:0.002000s ]

[ 2015-03-12T21:02:55+08:00 ] 127.0.0.1 /blog/index.php/Admin/Photo/del/id/9/navTabId/photo
INFO: [ app_begin ] --START--
INFO: Run Behavior\ReadHtmlCacheBehavior [ RunTime:0.004000s ]
INFO: [ app_begin ] --END-- [ RunTime:0.006000s ]
NOTIC: [8192] mysql_connect(): The mysql extension is deprecated and will be removed in the future: use mysqli or PDO instead E:\env\wamp\www\blog\ThinkPHP\Library\Think\Db\Driver\Mysql.class.php 第 52 行.
SQL: SHOW COLUMNS FROM `xzj_photo` [ RunTime:0.005000s ]
SQL: DELETE FROM `xzj_photo` WHERE ( `id` IN ('9') ) [ RunTime:0.095005s ]
NOTIC: [8] Undefined index: callbackType E:\env\wamp\www\blog\ThinkPHP\Library\Think\Controller.class.php 第 219 行.
NOTIC: [8] Undefined index: forwardUrl E:\env\wamp\www\blog\ThinkPHP\Library\Think\Controller.class.php 第 220 行.

[ 2015-03-12T21:02:55+08:00 ] 127.0.0.1 /blog/index.php/Admin/Photo/index?pageNum=1&numPerPage=10&_order=&_sort=&usename=&_=1426165375432
INFO: [ app_begin ] --START--
INFO: Run Behavior\ReadHtmlCacheBehavior [ RunTime:0.001000s ]
INFO: [ app_begin ] --END-- [ RunTime:0.008000s ]
NOTIC: [8192] mysql_connect(): The mysql extension is deprecated and will be removed in the future: use mysqli or PDO instead E:\env\wamp\www\blog\ThinkPHP\Library\Think\Db\Driver\Mysql.class.php 第 52 行.
SQL: SHOW COLUMNS FROM `xzj_photo` [ RunTime:0.010001s ]
SQL: SHOW COLUMNS FROM `xzj_photo` [ RunTime:0.012001s ]
SQL: SELECT COUNT(*) AS tp_count FROM `xzj_photo` LIMIT 1   [ RunTime:0.002000s ]
SQL: SELECT * FROM `xzj_photo` ORDER BY id desc LIMIT 0,10   [ RunTime:0.001000s ]
NOTIC: [8] Undefined variable: search E:\env\wamp\www\blog\xzj\Admin\Controller\CommonController.class.php 第 258 行.
NOTIC: [8] Undefined index: values E:\env\wamp\www\blog\xzj\Admin\Controller\CommonController.class.php 第 259 行.
INFO: [ view_parse ] --START--
INFO: [ template_filter ] --START--
INFO: Run Behavior\ContentReplaceBehavior [ RunTime:0.000000s ]
INFO: [ template_filter ] --END-- [ RunTime:0.001000s ]
NOTIC: [8] Undefined index: username E:\env\wamp\www\blog\xzj\Runtime\Cache\Admin\171833ea2857301d8d8fde3e1925c4ad.php 第 15 行.
INFO: Run Behavior\ParseTemplateBehavior [ RunTime:0.054003s ]
INFO: [ view_parse ] --END-- [ RunTime:0.054003s ]
INFO: [ view_filter ] --START--
INFO: Run Behavior\WriteHtmlCacheBehavior [ RunTime:0.001000s ]
INFO: [ view_filter ] --END-- [ RunTime:0.002000s ]
INFO: [ app_end ] --START--
INFO: Run Behavior\ShowPageTraceBehavior [ RunTime:0.001000s ]
INFO: [ app_end ] --END-- [ RunTime:0.001000s ]

[ 2015-03-12T21:03:00+08:00 ] 127.0.0.1 /blog/index.php/Admin/Photo/del/id/8/navTabId/photo
INFO: [ app_begin ] --START--
INFO: Run Behavior\ReadHtmlCacheBehavior [ RunTime:0.002001s ]
INFO: [ app_begin ] --END-- [ RunTime:0.003001s ]
NOTIC: [8192] mysql_connect(): The mysql extension is deprecated and will be removed in the future: use mysqli or PDO instead E:\env\wamp\www\blog\ThinkPHP\Library\Think\Db\Driver\Mysql.class.php 第 52 行.
SQL: SHOW COLUMNS FROM `xzj_photo` [ RunTime:0.008000s ]
SQL: DELETE FROM `xzj_photo` WHERE ( `id` IN ('8') ) [ RunTime:0.075005s ]
NOTIC: [8] Undefined index: callbackType E:\env\wamp\www\blog\ThinkPHP\Library\Think\Controller.class.php 第 219 行.
NOTIC: [8] Undefined index: forwardUrl E:\env\wamp\www\blog\ThinkPHP\Library\Think\Controller.class.php 第 220 行.

[ 2015-03-12T21:03:00+08:00 ] 127.0.0.1 /blog/index.php/Admin/Photo/index?pageNum=1&numPerPage=10&_order=&_sort=&usename=&_=1426165380308
INFO: [ app_begin ] --START--
INFO: Run Behavior\ReadHtmlCacheBehavior [ RunTime:0.002000s ]
INFO: [ app_begin ] --END-- [ RunTime:0.019001s ]
NOTIC: [8192] mysql_connect(): The mysql extension is deprecated and will be removed in the future: use mysqli or PDO instead E:\env\wamp\www\blog\ThinkPHP\Library\Think\Db\Driver\Mysql.class.php 第 52 行.
SQL: SHOW COLUMNS FROM `xzj_photo` [ RunTime:0.011001s ]
SQL: SHOW COLUMNS FROM `xzj_photo` [ RunTime:0.010001s ]
SQL: SELECT COUNT(*) AS tp_count FROM `xzj_photo` LIMIT 1   [ RunTime:0.003000s ]
SQL: SELECT * FROM `xzj_photo` ORDER BY id desc LIMIT 0,10   [ RunTime:0.001000s ]
NOTIC: [8] Undefined variable: search E:\env\wamp\www\blog\xzj\Admin\Controller\CommonController.class.php 第 258 行.
NOTIC: [8] Undefined index: values E:\env\wamp\www\blog\xzj\Admin\Controller\CommonController.class.php 第 259 行.
INFO: [ view_parse ] --START--
INFO: [ template_filter ] --START--
INFO: Run Behavior\ContentReplaceBehavior [ RunTime:0.001000s ]
INFO: [ template_filter ] --END-- [ RunTime:0.001000s ]
NOTIC: [8] Undefined index: username E:\env\wamp\www\blog\xzj\Runtime\Cache\Admin\171833ea2857301d8d8fde3e1925c4ad.php 第 15 行.
INFO: Run Behavior\ParseTemplateBehavior [ RunTime:0.066004s ]
INFO: [ view_parse ] --END-- [ RunTime:0.067004s ]
INFO: [ view_filter ] --START--
INFO: Run Behavior\WriteHtmlCacheBehavior [ RunTime:0.001000s ]
INFO: [ view_filter ] --END-- [ RunTime:0.002000s ]
INFO: [ app_end ] --START--
INFO: Run Behavior\ShowPageTraceBehavior [ RunTime:0.003000s ]
INFO: [ app_end ] --END-- [ RunTime:0.003000s ]

[ 2015-03-12T21:03:03+08:00 ] 127.0.0.1 /blog/index.php/Admin/Photo/del/id/7/navTabId/photo
INFO: [ app_begin ] --START--
INFO: Run Behavior\ReadHtmlCacheBehavior [ RunTime:0.003000s ]
INFO: [ app_begin ] --END-- [ RunTime:0.004000s ]
NOTIC: [8192] mysql_connect(): The mysql extension is deprecated and will be removed in the future: use mysqli or PDO instead E:\env\wamp\www\blog\ThinkPHP\Library\Think\Db\Driver\Mysql.class.php 第 52 行.
SQL: SHOW COLUMNS FROM `xzj_photo` [ RunTime:0.005000s ]
SQL: DELETE FROM `xzj_photo` WHERE ( `id` IN ('7') ) [ RunTime:0.050002s ]
NOTIC: [8] Undefined index: callbackType E:\env\wamp\www\blog\ThinkPHP\Library\Think\Controller.class.php 第 219 行.
NOTIC: [8] Undefined index: forwardUrl E:\env\wamp\www\blog\ThinkPHP\Library\Think\Controller.class.php 第 220 行.

[ 2015-03-12T21:03:03+08:00 ] 127.0.0.1 /blog/index.php/Admin/Photo/index?pageNum=1&numPerPage=10&_order=&_sort=&usename=&_=1426165383697
INFO: [ app_begin ] --START--
INFO: Run Behavior\ReadHtmlCacheBehavior [ RunTime:0.001000s ]
INFO: [ app_begin ] --END-- [ RunTime:0.003000s ]
NOTIC: [8192] mysql_connect(): The mysql extension is deprecated and will be removed in the future: use mysqli or PDO instead E:\env\wamp\www\blog\ThinkPHP\Library\Think\Db\Driver\Mysql.class.php 第 52 行.
SQL: SHOW COLUMNS FROM `xzj_photo` [ RunTime:0.009000s ]
SQL: SHOW COLUMNS FROM `xzj_photo` [ RunTime:0.008001s ]
SQL: SELECT COUNT(*) AS tp_count FROM `xzj_photo` LIMIT 1   [ RunTime:0.002000s ]
SQL: SELECT * FROM `xzj_photo` ORDER BY id desc LIMIT 0,10   [ RunTime:0.001000s ]
NOTIC: [8] Undefined variable: search E:\env\wamp\www\blog\xzj\Admin\Controller\CommonController.class.php 第 258 行.
NOTIC: [8] Undefined index: values E:\env\wamp\www\blog\xzj\Admin\Controller\CommonController.class.php 第 259 行.
INFO: [ view_parse ] --START--
INFO: [ template_filter ] --START--
INFO: Run Behavior\ContentReplaceBehavior [ RunTime:0.001000s ]
INFO: [ template_filter ] --END-- [ RunTime:0.001000s ]
NOTIC: [8] Undefined index: username E:\env\wamp\www\blog\xzj\Runtime\Cache\Admin\171833ea2857301d8d8fde3e1925c4ad.php 第 15 行.
INFO: Run Behavior\ParseTemplateBehavior [ RunTime:0.058003s ]
INFO: [ view_parse ] --END-- [ RunTime:0.058003s ]
INFO: [ view_filter ] --START--
INFO: Run Behavior\WriteHtmlCacheBehavior [ RunTime:0.006000s ]
INFO: [ view_filter ] --END-- [ RunTime:0.006000s ]
INFO: [ app_end ] --START--
INFO: Run Behavior\ShowPageTraceBehavior [ RunTime:0.001000s ]
INFO: [ app_end ] --END-- [ RunTime:0.001000s ]

[ 2015-03-12T21:03:06+08:00 ] 127.0.0.1 /blog/index.php/Admin/Photo/del/id/6/navTabId/photo
INFO: [ app_begin ] --START--
INFO: Run Behavior\ReadHtmlCacheBehavior [ RunTime:0.001000s ]
INFO: [ app_begin ] --END-- [ RunTime:0.003001s ]
NOTIC: [8192] mysql_connect(): The mysql extension is deprecated and will be removed in the future: use mysqli or PDO instead E:\env\wamp\www\blog\ThinkPHP\Library\Think\Db\Driver\Mysql.class.php 第 52 行.
SQL: SHOW COLUMNS FROM `xzj_photo` [ RunTime:0.006000s ]
SQL: DELETE FROM `xzj_photo` WHERE ( `id` IN ('6') ) [ RunTime:0.086005s ]
NOTIC: [8] Undefined index: callbackType E:\env\wamp\www\blog\ThinkPHP\Library\Think\Controller.class.php 第 219 行.
NOTIC: [8] Undefined index: forwardUrl E:\env\wamp\www\blog\ThinkPHP\Library\Think\Controller.class.php 第 220 行.

[ 2015-03-12T21:03:07+08:00 ] 127.0.0.1 /blog/index.php/Admin/Photo/index?pageNum=1&numPerPage=10&_order=&_sort=&usename=&_=1426165386899
INFO: [ app_begin ] --START--
INFO: Run Behavior\ReadHtmlCacheBehavior [ RunTime:0.001000s ]
INFO: [ app_begin ] --END-- [ RunTime:0.005000s ]
NOTIC: [8192] mysql_connect(): The mysql extension is deprecated and will be removed in the future: use mysqli or PDO instead E:\env\wamp\www\blog\ThinkPHP\Library\Think\Db\Driver\Mysql.class.php 第 52 行.
SQL: SHOW COLUMNS FROM `xzj_photo` [ RunTime:0.007001s ]
SQL: SHOW COLUMNS FROM `xzj_photo` [ RunTime:0.007000s ]
SQL: SELECT COUNT(*) AS tp_count FROM `xzj_photo` LIMIT 1   [ RunTime:0.001001s ]
SQL: SELECT * FROM `xzj_photo` ORDER BY id desc LIMIT 0,10   [ RunTime:0.001000s ]
NOTIC: [8] Undefined variable: search E:\env\wamp\www\blog\xzj\Admin\Controller\CommonController.class.php 第 258 行.
NOTIC: [8] Undefined index: values E:\env\wamp\www\blog\xzj\Admin\Controller\CommonController.class.php 第 259 行.
INFO: [ view_parse ] --START--
INFO: [ template_filter ] --START--
INFO: Run Behavior\ContentReplaceBehavior [ RunTime:0.001000s ]
INFO: [ template_filter ] --END-- [ RunTime:0.001000s ]
NOTIC: [8] Undefined index: username E:\env\wamp\www\blog\xzj\Runtime\Cache\Admin\171833ea2857301d8d8fde3e1925c4ad.php 第 15 行.
INFO: Run Behavior\ParseTemplateBehavior [ RunTime:0.054003s ]
INFO: [ view_parse ] --END-- [ RunTime:0.054003s ]
INFO: [ view_filter ] --START--
INFO: Run Behavior\WriteHtmlCacheBehavior [ RunTime:0.003000s ]
INFO: [ view_filter ] --END-- [ RunTime:0.004000s ]
INFO: [ app_end ] --START--
INFO: Run Behavior\ShowPageTraceBehavior [ RunTime:0.004000s ]
INFO: [ app_end ] --END-- [ RunTime:0.010001s ]

[ 2015-03-12T21:03:14+08:00 ] 127.0.0.1 /blog/index.php/Admin/Photo/index
INFO: [ app_begin ] --START--
INFO: Run Behavior\ReadHtmlCacheBehavior [ RunTime:0.001000s ]
INFO: [ app_begin ] --END-- [ RunTime:0.002000s ]
NOTIC: [8192] mysql_connect(): The mysql extension is deprecated and will be removed in the future: use mysqli or PDO instead E:\env\wamp\www\blog\ThinkPHP\Library\Think\Db\Driver\Mysql.class.php 第 52 行.
SQL: SHOW COLUMNS FROM `xzj_photo` [ RunTime:0.005000s ]
SQL: SHOW COLUMNS FROM `xzj_photo` [ RunTime:0.005001s ]
SQL: SELECT COUNT(*) AS tp_count FROM `xzj_photo` LIMIT 1   [ RunTime:0.001000s ]
SQL: SELECT * FROM `xzj_photo` ORDER BY id asc LIMIT 0,10   [ RunTime:0.001000s ]
NOTIC: [8] Undefined variable: search E:\env\wamp\www\blog\xzj\Admin\Controller\CommonController.class.php 第 258 行.
NOTIC: [8] Undefined index: values E:\env\wamp\www\blog\xzj\Admin\Controller\CommonController.class.php 第 259 行.
INFO: [ view_parse ] --START--
INFO: [ template_filter ] --START--
INFO: Run Behavior\ContentReplaceBehavior [ RunTime:0.000000s ]
INFO: [ template_filter ] --END-- [ RunTime:0.001000s ]
NOTIC: [8] Undefined index: username E:\env\wamp\www\blog\xzj\Runtime\Cache\Admin\171833ea2857301d8d8fde3e1925c4ad.php 第 15 行.
INFO: Run Behavior\ParseTemplateBehavior [ RunTime:0.030002s ]
INFO: [ view_parse ] --END-- [ RunTime:0.030002s ]
INFO: [ view_filter ] --START--
INFO: Run Behavior\WriteHtmlCacheBehavior [ RunTime:0.001000s ]
INFO: [ view_filter ] --END-- [ RunTime:0.001000s ]
INFO: [ app_end ] --START--
INFO: Run Behavior\ShowPageTraceBehavior [ RunTime:0.001000s ]
INFO: [ app_end ] --END-- [ RunTime:0.001000s ]

[ 2015-03-12T21:03:18+08:00 ] 127.0.0.1 /blog/index.php/Admin/Photo/del/id/5/navTabId/photo
INFO: [ app_begin ] --START--
INFO: Run Behavior\ReadHtmlCacheBehavior [ RunTime:0.005000s ]
INFO: [ app_begin ] --END-- [ RunTime:0.009000s ]
NOTIC: [8192] mysql_connect(): The mysql extension is deprecated and will be removed in the future: use mysqli or PDO instead E:\env\wamp\www\blog\ThinkPHP\Library\Think\Db\Driver\Mysql.class.php 第 52 行.
SQL: SHOW COLUMNS FROM `xzj_photo` [ RunTime:0.019001s ]
SQL: DELETE FROM `xzj_photo` WHERE ( `id` IN ('5') ) [ RunTime:0.075004s ]
NOTIC: [8] Undefined index: callbackType E:\env\wamp\www\blog\ThinkPHP\Library\Think\Controller.class.php 第 219 行.
NOTIC: [8] Undefined index: forwardUrl E:\env\wamp\www\blog\ThinkPHP\Library\Think\Controller.class.php 第 220 行.

[ 2015-03-12T21:03:18+08:00 ] 127.0.0.1 /blog/index.php/Admin/Photo/index?pageNum=1&numPerPage=10&_order=id&_sort=asc&usename=&_=1426165398576
INFO: [ app_begin ] --START--
INFO: Run Behavior\ReadHtmlCacheBehavior [ RunTime:0.001000s ]
INFO: [ app_begin ] --END-- [ RunTime:0.003000s ]
NOTIC: [8192] mysql_connect(): The mysql extension is deprecated and will be removed in the future: use mysqli or PDO instead E:\env\wamp\www\blog\ThinkPHP\Library\Think\Db\Driver\Mysql.class.php 第 52 行.
SQL: SHOW COLUMNS FROM `xzj_photo` [ RunTime:0.005000s ]
SQL: SHOW COLUMNS FROM `xzj_photo` [ RunTime:0.007001s ]
SQL: SELECT COUNT(*) AS tp_count FROM `xzj_photo` LIMIT 1   [ RunTime:0.001000s ]
SQL: SELECT * FROM `xzj_photo` ORDER BY id asc LIMIT 0,10   [ RunTime:0.002000s ]
NOTIC: [8] Undefined variable: search E:\env\wamp\www\blog\xzj\Admin\Controller\CommonController.class.php 第 258 行.
NOTIC: [8] Undefined index: values E:\env\wamp\www\blog\xzj\Admin\Controller\CommonController.class.php 第 259 行.
INFO: [ view_parse ] --START--
INFO: [ template_filter ] --START--
INFO: Run Behavior\ContentReplaceBehavior [ RunTime:0.005000s ]
INFO: [ template_filter ] --END-- [ RunTime:0.005000s ]
NOTIC: [8] Undefined index: username E:\env\wamp\www\blog\xzj\Runtime\Cache\Admin\171833ea2857301d8d8fde3e1925c4ad.php 第 15 行.
INFO: Run Behavior\ParseTemplateBehavior [ RunTime:0.060004s ]
INFO: [ view_parse ] --END-- [ RunTime:0.061004s ]
INFO: [ view_filter ] --START--
INFO: Run Behavior\WriteHtmlCacheBehavior [ RunTime:0.001000s ]
INFO: [ view_filter ] --END-- [ RunTime:0.002000s ]
INFO: [ app_end ] --START--
INFO: Run Behavior\ShowPageTraceBehavior [ RunTime:0.008001s ]
INFO: [ app_end ] --END-- [ RunTime:0.008001s ]

[ 2015-03-12T21:03:24+08:00 ] 127.0.0.1 /blog/index.php/Admin/Photo/add?_=1426165404350
INFO: [ app_begin ] --START--
INFO: Run Behavior\ReadHtmlCacheBehavior [ RunTime:0.002000s ]
INFO: [ app_begin ] --END-- [ RunTime:0.003000s ]
INFO: [ view_parse ] --START--
INFO: [ template_filter ] --START--
INFO: Run Behavior\ContentReplaceBehavior [ RunTime:0.001000s ]
INFO: [ template_filter ] --END-- [ RunTime:0.001000s ]
INFO: Run Behavior\ParseTemplateBehavior [ RunTime:0.044002s ]
INFO: [ view_parse ] --END-- [ RunTime:0.044002s ]
INFO: [ view_filter ] --START--
INFO: Run Behavior\WriteHtmlCacheBehavior [ RunTime:0.000000s ]
INFO: [ view_filter ] --END-- [ RunTime:0.002000s ]
INFO: [ app_end ] --START--
INFO: Run Behavior\ShowPageTraceBehavior [ RunTime:0.001000s ]
INFO: [ app_end ] --END-- [ RunTime:0.001000s ]

[ 2015-03-12T21:03:48+08:00 ] 127.0.0.1 /blog/index.php/Admin/Photo/insert/navTabId/photoadd/callbackType/closeCurrent
INFO: [ app_begin ] --START--
INFO: Run Behavior\ReadHtmlCacheBehavior [ RunTime:0.002000s ]
INFO: [ app_begin ] --END-- [ RunTime:0.004000s ]
NOTIC: [8192] mysql_connect(): The mysql extension is deprecated and will be removed in the future: use mysqli or PDO instead E:\env\wamp\www\blog\ThinkPHP\Library\Think\Db\Driver\Mysql.class.php 第 52 行.
SQL: SHOW COLUMNS FROM `xzj_photo` [ RunTime:0.006000s ]
NOTIC: [8] Undefined index: password E:\env\wamp\www\blog\xzj\Admin\Controller\CommonController.class.php 第 49 行.
SQL: INSERT INTO `xzj_photo` (`name`,`url`,`comment`,`view`) VALUES ('5555','003.jpg','555555',1) [ RunTime:0.085005s ]
NOTIC: [8] Undefined index: forwardUrl E:\env\wamp\www\blog\ThinkPHP\Library\Think\Controller.class.php 第 220 行.

[ 2015-03-12T21:03:52+08:00 ] 127.0.0.1 /blog/index.php/Admin/Photo/add?_=1426165432772
INFO: [ app_begin ] --START--
INFO: Run Behavior\ReadHtmlCacheBehavior [ RunTime:0.001000s ]
INFO: [ app_begin ] --END-- [ RunTime:0.003000s ]
INFO: [ view_parse ] --START--
INFO: [ template_filter ] --START--
INFO: Run Behavior\ContentReplaceBehavior [ RunTime:0.001000s ]
INFO: [ template_filter ] --END-- [ RunTime:0.001000s ]
INFO: Run Behavior\ParseTemplateBehavior [ RunTime:0.029001s ]
INFO: [ view_parse ] --END-- [ RunTime:0.029001s ]
INFO: [ view_filter ] --START--
INFO: Run Behavior\WriteHtmlCacheBehavior [ RunTime:0.010001s ]
INFO: [ view_filter ] --END-- [ RunTime:0.010001s ]
INFO: [ app_end ] --START--
INFO: Run Behavior\ShowPageTraceBehavior [ RunTime:0.002000s ]
INFO: [ app_end ] --END-- [ RunTime:0.002000s ]

[ 2015-03-12T21:04:05+08:00 ] 127.0.0.1 /blog/index.php/Admin/Photo/index
INFO: [ app_begin ] --START--
INFO: Run Behavior\ReadHtmlCacheBehavior [ RunTime:0.002000s ]
INFO: [ app_begin ] --END-- [ RunTime:0.003000s ]
NOTIC: [8192] mysql_connect(): The mysql extension is deprecated and will be removed in the future: use mysqli or PDO instead E:\env\wamp\www\blog\ThinkPHP\Library\Think\Db\Driver\Mysql.class.php 第 52 行.
SQL: SHOW COLUMNS FROM `xzj_photo` [ RunTime:0.006001s ]
SQL: SHOW COLUMNS FROM `xzj_photo` [ RunTime:0.005000s ]
SQL: SELECT COUNT(*) AS tp_count FROM `xzj_photo` LIMIT 1   [ RunTime:0.000000s ]
SQL: SELECT * FROM `xzj_photo` ORDER BY id asc LIMIT 0,10   [ RunTime:0.001000s ]
NOTIC: [8] Undefined variable: search E:\env\wamp\www\blog\xzj\Admin\Controller\CommonController.class.php 第 258 行.
NOTIC: [8] Undefined index: values E:\env\wamp\www\blog\xzj\Admin\Controller\CommonController.class.php 第 259 行.
INFO: [ view_parse ] --START--
INFO: [ template_filter ] --START--
INFO: Run Behavior\ContentReplaceBehavior [ RunTime:0.001000s ]
INFO: [ template_filter ] --END-- [ RunTime:0.001000s ]
NOTIC: [8] Undefined index: username E:\env\wamp\www\blog\xzj\Runtime\Cache\Admin\171833ea2857301d8d8fde3e1925c4ad.php 第 15 行.
INFO: Run Behavior\ParseTemplateBehavior [ RunTime:0.031002s ]
INFO: [ view_parse ] --END-- [ RunTime:0.032002s ]
INFO: [ view_filter ] --START--
INFO: Run Behavior\WriteHtmlCacheBehavior [ RunTime:0.001000s ]
INFO: [ view_filter ] --END-- [ RunTime:0.001000s ]
INFO: [ app_end ] --START--
INFO: Run Behavior\ShowPageTraceBehavior [ RunTime:0.001000s ]
INFO: [ app_end ] --END-- [ RunTime:0.004000s ]

[ 2015-03-12T21:04:24+08:00 ] 127.0.0.1 /blog/index.php/Admin/Photo/insert/navTabId/photoadd/callbackType/closeCurrent
INFO: [ app_begin ] --START--
INFO: Run Behavior\ReadHtmlCacheBehavior [ RunTime:0.001000s ]
INFO: [ app_begin ] --END-- [ RunTime:0.002000s ]
NOTIC: [8192] mysql_connect(): The mysql extension is deprecated and will be removed in the future: use mysqli or PDO instead E:\env\wamp\www\blog\ThinkPHP\Library\Think\Db\Driver\Mysql.class.php 第 52 行.
SQL: SHOW COLUMNS FROM `xzj_photo` [ RunTime:0.006001s ]
NOTIC: [8] Undefined index: password E:\env\wamp\www\blog\xzj\Admin\Controller\CommonController.class.php 第 49 行.
SQL: INSERT INTO `xzj_photo` (`name`,`url`,`comment`,`view`) VALUES ('6666','03.jpg','6666',1) [ RunTime:0.088005s ]
NOTIC: [8] Undefined index: forwardUrl E:\env\wamp\www\blog\ThinkPHP\Library\Think\Controller.class.php 第 220 行.

[ 2015-03-12T21:04:28+08:00 ] 127.0.0.1 /blog/index.php/Admin/Photo/add?_=1426165468814
INFO: [ app_begin ] --START--
INFO: Run Behavior\ReadHtmlCacheBehavior [ RunTime:0.002000s ]
INFO: [ app_begin ] --END-- [ RunTime:0.003000s ]
INFO: [ view_parse ] --START--
INFO: [ template_filter ] --START--
INFO: Run Behavior\ContentReplaceBehavior [ RunTime:0.001000s ]
INFO: [ template_filter ] --END-- [ RunTime:0.001000s ]
INFO: Run Behavior\ParseTemplateBehavior [ RunTime:0.028002s ]
INFO: [ view_parse ] --END-- [ RunTime:0.032002s ]
INFO: [ view_filter ] --START--
INFO: Run Behavior\WriteHtmlCacheBehavior [ RunTime:0.003000s ]
INFO: [ view_filter ] --END-- [ RunTime:0.003000s ]
INFO: [ app_end ] --START--
INFO: Run Behavior\ShowPageTraceBehavior [ RunTime:0.003000s ]
INFO: [ app_end ] --END-- [ RunTime:0.004000s ]

[ 2015-03-12T21:04:47+08:00 ] 127.0.0.1 /blog/index.php/Admin/Photo/insert/navTabId/photoadd/callbackType/closeCurrent
INFO: [ app_begin ] --START--
INFO: Run Behavior\ReadHtmlCacheBehavior [ RunTime:0.001000s ]
INFO: [ app_begin ] --END-- [ RunTime:0.002000s ]
NOTIC: [8192] mysql_connect(): The mysql extension is deprecated and will be removed in the future: use mysqli or PDO instead E:\env\wamp\www\blog\ThinkPHP\Library\Think\Db\Driver\Mysql.class.php 第 52 行.
SQL: SHOW COLUMNS FROM `xzj_photo` [ RunTime:0.004001s ]
NOTIC: [8] Undefined index: password E:\env\wamp\www\blog\xzj\Admin\Controller\CommonController.class.php 第 49 行.
SQL: INSERT INTO `xzj_photo` (`name`,`url`,`comment`,`view`) VALUES ('dewvvr','04.jpg','555555',1) [ RunTime:0.073004s ]
NOTIC: [8] Undefined index: forwardUrl E:\env\wamp\www\blog\ThinkPHP\Library\Think\Controller.class.php 第 220 行.

[ 2015-03-12T21:04:50+08:00 ] 127.0.0.1 /blog/index.php/Admin/Photo/add?_=1426165489889
INFO: [ app_begin ] --START--
INFO: Run Behavior\ReadHtmlCacheBehavior [ RunTime:0.013000s ]
INFO: [ app_begin ] --END-- [ RunTime:0.021001s ]
INFO: [ view_parse ] --START--
INFO: [ template_filter ] --START--
INFO: Run Behavior\ContentReplaceBehavior [ RunTime:0.000000s ]
INFO: [ template_filter ] --END-- [ RunTime:0.001000s ]
INFO: Run Behavior\ParseTemplateBehavior [ RunTime:0.038002s ]
INFO: [ view_parse ] --END-- [ RunTime:0.038002s ]
INFO: [ view_filter ] --START--
INFO: Run Behavior\WriteHtmlCacheBehavior [ RunTime:0.004001s ]
INFO: [ view_filter ] --END-- [ RunTime:0.004001s ]
INFO: [ app_end ] --START--
INFO: Run Behavior\ShowPageTraceBehavior [ RunTime:0.002000s ]
INFO: [ app_end ] --END-- [ RunTime:0.003000s ]

[ 2015-03-12T21:04:52+08:00 ] 127.0.0.1 /blog/index.php/Admin/Photo/index
INFO: [ app_begin ] --START--
INFO: Run Behavior\ReadHtmlCacheBehavior [ RunTime:0.001000s ]
INFO: [ app_begin ] --END-- [ RunTime:0.003000s ]
NOTIC: [8192] mysql_connect(): The mysql extension is deprecated and will be removed in the future: use mysqli or PDO instead E:\env\wamp\www\blog\ThinkPHP\Library\Think\Db\Driver\Mysql.class.php 第 52 行.
SQL: SHOW COLUMNS FROM `xzj_photo` [ RunTime:0.007001s ]
SQL: SHOW COLUMNS FROM `xzj_photo` [ RunTime:0.008000s ]
SQL: SELECT COUNT(*) AS tp_count FROM `xzj_photo` LIMIT 1   [ RunTime:0.002000s ]
SQL: SELECT * FROM `xzj_photo` ORDER BY id asc LIMIT 0,10   [ RunTime:0.001000s ]
NOTIC: [8] Undefined variable: search E:\env\wamp\www\blog\xzj\Admin\Controller\CommonController.class.php 第 258 行.
NOTIC: [8] Undefined index: values E:\env\wamp\www\blog\xzj\Admin\Controller\CommonController.class.php 第 259 行.
INFO: [ view_parse ] --START--
INFO: [ template_filter ] --START--
INFO: Run Behavior\ContentReplaceBehavior [ RunTime:0.000000s ]
INFO: [ template_filter ] --END-- [ RunTime:0.000000s ]
NOTIC: [8] Undefined index: username E:\env\wamp\www\blog\xzj\Runtime\Cache\Admin\171833ea2857301d8d8fde3e1925c4ad.php 第 15 行.
INFO: Run Behavior\ParseTemplateBehavior [ RunTime:0.031002s ]
INFO: [ view_parse ] --END-- [ RunTime:0.031002s ]
INFO: [ view_filter ] --START--
INFO: Run Behavior\WriteHtmlCacheBehavior [ RunTime:0.001000s ]
INFO: [ view_filter ] --END-- [ RunTime:0.001000s ]
INFO: [ app_end ] --START--
INFO: Run Behavior\ShowPageTraceBehavior [ RunTime:0.001000s ]
INFO: [ app_end ] --END-- [ RunTime:0.002000s ]

[ 2015-03-12T21:05:12+08:00 ] 127.0.0.1 /blog/index.php/Admin/Photo/insert/navTabId/photoadd/callbackType/closeCurrent
INFO: [ app_begin ] --START--
INFO: Run Behavior\ReadHtmlCacheBehavior [ RunTime:0.001000s ]
INFO: [ app_begin ] --END-- [ RunTime:0.002000s ]
NOTIC: [8192] mysql_connect(): The mysql extension is deprecated and will be removed in the future: use mysqli or PDO instead E:\env\wamp\www\blog\ThinkPHP\Library\Think\Db\Driver\Mysql.class.php 第 52 行.
SQL: SHOW COLUMNS FROM `xzj_photo` [ RunTime:0.005000s ]
NOTIC: [8] Undefined index: password E:\env\wamp\www\blog\xzj\Admin\Controller\CommonController.class.php 第 49 行.
SQL: INSERT INTO `xzj_photo` (`name`,`url`,`comment`,`view`) VALUES ('777','004.jpg','777',777) [ RunTime:0.115007s ]
NOTIC: [8] Undefined index: forwardUrl E:\env\wamp\www\blog\ThinkPHP\Library\Think\Controller.class.php 第 220 行.

[ 2015-03-12T21:05:16+08:00 ] 127.0.0.1 /blog/index.php/Admin/Photo/add?_=1426165516117
INFO: [ app_begin ] --START--
INFO: Run Behavior\ReadHtmlCacheBehavior [ RunTime:0.002000s ]
INFO: [ app_begin ] --END-- [ RunTime:0.003000s ]
INFO: [ view_parse ] --START--
INFO: [ template_filter ] --START--
INFO: Run Behavior\ContentReplaceBehavior [ RunTime:0.001000s ]
INFO: [ template_filter ] --END-- [ RunTime:0.001000s ]
INFO: Run Behavior\ParseTemplateBehavior [ RunTime:0.016001s ]
INFO: [ view_parse ] --END-- [ RunTime:0.016001s ]
INFO: [ view_filter ] --START--
INFO: Run Behavior\WriteHtmlCacheBehavior [ RunTime:0.001000s ]
INFO: [ view_filter ] --END-- [ RunTime:0.001000s ]
INFO: [ app_end ] --START--
INFO: Run Behavior\ShowPageTraceBehavior [ RunTime:0.001000s ]
INFO: [ app_end ] --END-- [ RunTime:0.002000s ]

[ 2015-03-12T21:05:21+08:00 ] 127.0.0.1 /blog/index.php/Admin/Photo/index
INFO: [ app_begin ] --START--
INFO: Run Behavior\ReadHtmlCacheBehavior [ RunTime:0.001000s ]
INFO: [ app_begin ] --END-- [ RunTime:0.002000s ]
NOTIC: [8192] mysql_connect(): The mysql extension is deprecated and will be removed in the future: use mysqli or PDO instead E:\env\wamp\www\blog\ThinkPHP\Library\Think\Db\Driver\Mysql.class.php 第 52 行.
SQL: SHOW COLUMNS FROM `xzj_photo` [ RunTime:0.005000s ]
SQL: SHOW COLUMNS FROM `xzj_photo` [ RunTime:0.005001s ]
SQL: SELECT COUNT(*) AS tp_count FROM `xzj_photo` LIMIT 1   [ RunTime:0.001000s ]
SQL: SELECT * FROM `xzj_photo` ORDER BY id asc LIMIT 0,10   [ RunTime:0.001000s ]
NOTIC: [8] Undefined variable: search E:\env\wamp\www\blog\xzj\Admin\Controller\CommonController.class.php 第 258 行.
NOTIC: [8] Undefined index: values E:\env\wamp\www\blog\xzj\Admin\Controller\CommonController.class.php 第 259 行.
INFO: [ view_parse ] --START--
INFO: [ template_filter ] --START--
INFO: Run Behavior\ContentReplaceBehavior [ RunTime:0.000000s ]
INFO: [ template_filter ] --END-- [ RunTime:0.001000s ]
NOTIC: [8] Undefined index: username E:\env\wamp\www\blog\xzj\Runtime\Cache\Admin\171833ea2857301d8d8fde3e1925c4ad.php 第 15 行.
INFO: Run Behavior\ParseTemplateBehavior [ RunTime:0.028002s ]
INFO: [ view_parse ] --END-- [ RunTime:0.029002s ]
INFO: [ view_filter ] --START--
INFO: Run Behavior\WriteHtmlCacheBehavior [ RunTime:0.001000s ]
INFO: [ view_filter ] --END-- [ RunTime:0.001000s ]
INFO: [ app_end ] --START--
INFO: Run Behavior\ShowPageTraceBehavior [ RunTime:0.001000s ]
INFO: [ app_end ] --END-- [ RunTime:0.002000s ]

[ 2015-03-12T21:05:39+08:00 ] 127.0.0.1 /blog/index.php/Admin/Photo/insert/navTabId/photoadd/callbackType/closeCurrent
INFO: [ app_begin ] --START--
INFO: Run Behavior\ReadHtmlCacheBehavior [ RunTime:0.001000s ]
INFO: [ app_begin ] --END-- [ RunTime:0.002000s ]
NOTIC: [8192] mysql_connect(): The mysql extension is deprecated and will be removed in the future: use mysqli or PDO instead E:\env\wamp\www\blog\ThinkPHP\Library\Think\Db\Driver\Mysql.class.php 第 52 行.
SQL: SHOW COLUMNS FROM `xzj_photo` [ RunTime:0.005000s ]
NOTIC: [8] Undefined index: password E:\env\wamp\www\blog\xzj\Admin\Controller\CommonController.class.php 第 49 行.
SQL: INSERT INTO `xzj_photo` (`name`,`url`,`comment`,`view`) VALUES ('888','005.jpg','888',888) [ RunTime:0.062004s ]
NOTIC: [8] Undefined index: forwardUrl E:\env\wamp\www\blog\ThinkPHP\Library\Think\Controller.class.php 第 220 行.

[ 2015-03-12T21:05:44+08:00 ] 127.0.0.1 /blog/index.php/Admin/Photo/add?_=1426165544412
INFO: [ app_begin ] --START--
INFO: Run Behavior\ReadHtmlCacheBehavior [ RunTime:0.002000s ]
INFO: [ app_begin ] --END-- [ RunTime:0.003000s ]
INFO: [ view_parse ] --START--
INFO: [ template_filter ] --START--
INFO: Run Behavior\ContentReplaceBehavior [ RunTime:0.000000s ]
INFO: [ template_filter ] --END-- [ RunTime:0.001000s ]
INFO: Run Behavior\ParseTemplateBehavior [ RunTime:0.031002s ]
INFO: [ view_parse ] --END-- [ RunTime:0.034002s ]
INFO: [ view_filter ] --START--
INFO: Run Behavior\WriteHtmlCacheBehavior [ RunTime:0.002000s ]
INFO: [ view_filter ] --END-- [ RunTime:0.002000s ]
INFO: [ app_end ] --START--
INFO: Run Behavior\ShowPageTraceBehavior [ RunTime:0.006000s ]
INFO: [ app_end ] --END-- [ RunTime:0.006000s ]

[ 2015-03-12T21:05:48+08:00 ] 127.0.0.1 /blog/index.php/Admin/Photo/index
INFO: [ app_begin ] --START--
INFO: Run Behavior\ReadHtmlCacheBehavior [ RunTime:0.001000s ]
INFO: [ app_begin ] --END-- [ RunTime:0.002000s ]
NOTIC: [8192] mysql_connect(): The mysql extension is deprecated and will be removed in the future: use mysqli or PDO instead E:\env\wamp\www\blog\ThinkPHP\Library\Think\Db\Driver\Mysql.class.php 第 52 行.
SQL: SHOW COLUMNS FROM `xzj_photo` [ RunTime:0.005000s ]
SQL: SHOW COLUMNS FROM `xzj_photo` [ RunTime:0.007001s ]
SQL: SELECT COUNT(*) AS tp_count FROM `xzj_photo` LIMIT 1   [ RunTime:0.001000s ]
SQL: SELECT * FROM `xzj_photo` ORDER BY id asc LIMIT 0,10   [ RunTime:0.001000s ]
NOTIC: [8] Undefined variable: search E:\env\wamp\www\blog\xzj\Admin\Controller\CommonController.class.php 第 258 行.
NOTIC: [8] Undefined index: values E:\env\wamp\www\blog\xzj\Admin\Controller\CommonController.class.php 第 259 行.
INFO: [ view_parse ] --START--
INFO: [ template_filter ] --START--
INFO: Run Behavior\ContentReplaceBehavior [ RunTime:0.000000s ]
INFO: [ template_filter ] --END-- [ RunTime:0.001000s ]
NOTIC: [8] Undefined index: username E:\env\wamp\www\blog\xzj\Runtime\Cache\Admin\171833ea2857301d8d8fde3e1925c4ad.php 第 15 行.
INFO: Run Behavior\ParseTemplateBehavior [ RunTime:0.037002s ]
INFO: [ view_parse ] --END-- [ RunTime:0.038002s ]
INFO: [ view_filter ] --START--
INFO: Run Behavior\WriteHtmlCacheBehavior [ RunTime:0.001000s ]
INFO: [ view_filter ] --END-- [ RunTime:0.001000s ]
INFO: [ app_end ] --START--
INFO: Run Behavior\ShowPageTraceBehavior [ RunTime:0.001000s ]
INFO: [ app_end ] --END-- [ RunTime:0.001000s ]

[ 2015-03-12T21:06:04+08:00 ] 127.0.0.1 /blog/index.php/Admin/Photo/insert/navTabId/photoadd/callbackType/closeCurrent
INFO: [ app_begin ] --START--
INFO: Run Behavior\ReadHtmlCacheBehavior [ RunTime:0.001000s ]
INFO: [ app_begin ] --END-- [ RunTime:0.002000s ]
NOTIC: [8192] mysql_connect(): The mysql extension is deprecated and will be removed in the future: use mysqli or PDO instead E:\env\wamp\www\blog\ThinkPHP\Library\Think\Db\Driver\Mysql.class.php 第 52 行.
SQL: SHOW COLUMNS FROM `xzj_photo` [ RunTime:0.006000s ]
NOTIC: [8] Undefined index: password E:\env\wamp\www\blog\xzj\Admin\Controller\CommonController.class.php 第 49 行.
SQL: INSERT INTO `xzj_photo` (`name`,`url`,`comment`,`view`) VALUES ('dewvvr','05.jpg','6666',11) [ RunTime:0.048002s ]
NOTIC: [8] Undefined index: forwardUrl E:\env\wamp\www\blog\ThinkPHP\Library\Think\Controller.class.php 第 220 行.

