[ 2015-05-05T09:16:57+08:00 ] 127.0.0.1 /blog1/index.php/Admin/photo/add?_=1430788617457
INFO: [ app_begin ] --START--
INFO: Run Behavior\ReadHtmlCacheBehavior [ RunTime:0.001000s ]
INFO: [ app_begin ] --END-- [ RunTime:0.001000s ]

[ 2015-05-05T09:17:09+08:00 ] 127.0.0.1 /blog1/index.php/Admin/photo/add?_=1430788629674
INFO: [ app_begin ] --START--
INFO: Run Behavior\ReadHtmlCacheBehavior [ RunTime:0.001000s ]
INFO: [ app_begin ] --END-- [ RunTime:0.001000s ]

[ 2015-05-05T09:18:04+08:00 ] 127.0.0.1 /blog1/index.php/Admin/photo/add?_=1430788684093
INFO: [ app_begin ] --START--
INFO: Run Behavior\ReadHtmlCacheBehavior [ RunTime:0.001000s ]
INFO: [ app_begin ] --END-- [ RunTime:0.001000s ]
INFO: [ view_parse ] --START--
INFO: [ template_filter ] --START--
INFO: Run Behavior\ContentReplaceBehavior [ RunTime:0.000000s ]
INFO: [ template_filter ] --END-- [ RunTime:0.000000s ]
NOTIC: [8] Undefined variable: vo E:\phpstudy\blog1\xzj\Runtime\Cache\Admin\6e3d490c1048af86f2f562a6cf327908.php 第 4 行.
NOTIC: [8] Undefined variable: vo E:\phpstudy\blog1\xzj\Runtime\Cache\Admin\6e3d490c1048af86f2f562a6cf327908.php 第 14 行.
NOTIC: [8] Undefined variable: vo E:\phpstudy\blog1\xzj\Runtime\Cache\Admin\6e3d490c1048af86f2f562a6cf327908.php 第 19 行.
INFO: Run Behavior\ParseTemplateBehavior [ RunTime:0.010000s ]
INFO: [ view_parse ] --END-- [ RunTime:0.010000s ]
INFO: [ view_filter ] --START--
INFO: Run Behavior\WriteHtmlCacheBehavior [ RunTime:0.000000s ]
INFO: [ view_filter ] --END-- [ RunTime:0.000000s ]
INFO: [ app_end ] --START--
INFO: Run Behavior\ShowPageTraceBehavior [ RunTime:0.001000s ]
INFO: [ app_end ] --END-- [ RunTime:0.001000s ]

[ 2015-05-05T09:18:19+08:00 ] 127.0.0.1 /blog1/index.php/Admin/Photo/add/navTabId/%E5%9B%BE%E7%89%87%E5%88%97%E8%A1%A8/callbackType/closeCurrent
INFO: [ app_begin ] --START--
INFO: Run Behavior\ReadHtmlCacheBehavior [ RunTime:0.001000s ]
INFO: [ app_begin ] --END-- [ RunTime:0.001000s ]
NOTIC: [8] Use of undefined constant Photo - assumed 'Photo' E:\phpstudy\blog1\xzj\Admin\Controller\PhotoController.class.php 第 140 行.
NOTIC: [8192] mysql_connect(): The mysql extension is deprecated and will be removed in the future: use mysqli or PDO instead E:\phpstudy\blog1\ThinkPHP\Library\Think\Db\Driver\Mysql.class.php 第 52 行.
SQL: SHOW COLUMNS FROM `xzj_photo` [ RunTime:0.030002s ]
NOTIC: [8] Undefined index: myFile E:\phpstudy\blog1\xzj\Admin\Org\upload.class.php 第 29 行.

[ 2015-05-05T09:19:57+08:00 ] 127.0.0.1 /blog1/index.php/Admin/Photo/add/navTabId/%E5%9B%BE%E7%89%87%E5%88%97%E8%A1%A8/callbackType/closeCurrent
INFO: [ app_begin ] --START--
INFO: Run Behavior\ReadHtmlCacheBehavior [ RunTime:0.000000s ]
INFO: [ app_begin ] --END-- [ RunTime:0.000000s ]
NOTIC: [8] Use of undefined constant Photo - assumed 'Photo' E:\phpstudy\blog1\xzj\Admin\Controller\PhotoController.class.php 第 140 行.
NOTIC: [8192] mysql_connect(): The mysql extension is deprecated and will be removed in the future: use mysqli or PDO instead E:\phpstudy\blog1\ThinkPHP\Library\Think\Db\Driver\Mysql.class.php 第 52 行.
SQL: SHOW COLUMNS FROM `xzj_photo` [ RunTime:0.007000s ]

[ 2015-05-05T09:21:31+08:00 ] 127.0.0.1 /blog1/index.php/Admin/photo/add?_=1430788891723
INFO: [ app_begin ] --START--
INFO: Run Behavior\ReadHtmlCacheBehavior [ RunTime:0.001000s ]
INFO: [ app_begin ] --END-- [ RunTime:0.001000s ]
INFO: [ view_parse ] --START--
INFO: [ template_filter ] --START--
INFO: Run Behavior\ContentReplaceBehavior [ RunTime:0.001000s ]
INFO: [ template_filter ] --END-- [ RunTime:0.001000s ]
NOTIC: [8] Undefined variable: vo E:\phpstudy\blog1\xzj\Runtime\Cache\Admin\6e3d490c1048af86f2f562a6cf327908.php 第 4 行.
NOTIC: [8] Undefined variable: vo E:\phpstudy\blog1\xzj\Runtime\Cache\Admin\6e3d490c1048af86f2f562a6cf327908.php 第 14 行.
NOTIC: [8] Undefined variable: vo E:\phpstudy\blog1\xzj\Runtime\Cache\Admin\6e3d490c1048af86f2f562a6cf327908.php 第 19 行.
INFO: Run Behavior\ParseTemplateBehavior [ RunTime:0.009001s ]
INFO: [ view_parse ] --END-- [ RunTime:0.009001s ]
INFO: [ view_filter ] --START--
INFO: Run Behavior\WriteHtmlCacheBehavior [ RunTime:0.000000s ]
INFO: [ view_filter ] --END-- [ RunTime:0.000000s ]
INFO: [ app_end ] --START--
INFO: Run Behavior\ShowPageTraceBehavior [ RunTime:0.001000s ]
INFO: [ app_end ] --END-- [ RunTime:0.001000s ]

[ 2015-05-05T09:21:39+08:00 ] 127.0.0.1 /blog1/index.php/Admin/Photo/add/navTabId/%E5%9B%BE%E7%89%87%E5%88%97%E8%A1%A8/callbackType/closeCurrent
INFO: [ app_begin ] --START--
INFO: Run Behavior\ReadHtmlCacheBehavior [ RunTime:0.001000s ]
INFO: [ app_begin ] --END-- [ RunTime:0.001000s ]
NOTIC: [8] Use of undefined constant Photo - assumed 'Photo' E:\phpstudy\blog1\xzj\Admin\Controller\PhotoController.class.php 第 140 行.
NOTIC: [8192] mysql_connect(): The mysql extension is deprecated and will be removed in the future: use mysqli or PDO instead E:\phpstudy\blog1\ThinkPHP\Library\Think\Db\Driver\Mysql.class.php 第 52 行.
SQL: SHOW COLUMNS FROM `xzj_photo` [ RunTime:0.007001s ]

[ 2015-05-05T09:38:42+08:00 ] 127.0.0.1 /blog1/index.php/Admin/photo/add?_=1430789922303
INFO: [ app_begin ] --START--
INFO: Run Behavior\ReadHtmlCacheBehavior [ RunTime:0.001000s ]
INFO: [ app_begin ] --END-- [ RunTime:0.001000s ]
NOTIC: [8] Use of undefined constant hello - assumed 'hello' E:\phpstudy\blog1\xzj\Common\Common\function.php 第 4 行.

[ 2015-05-05T09:40:13+08:00 ] 127.0.0.1 /blog1/index.php/Admin/photo/add?_=1430790012969
INFO: [ app_begin ] --START--
INFO: Run Behavior\ReadHtmlCacheBehavior [ RunTime:0.001000s ]
INFO: [ app_begin ] --END-- [ RunTime:0.001000s ]
INFO: [ view_parse ] --START--
INFO: [ template_filter ] --START--
INFO: Run Behavior\ContentReplaceBehavior [ RunTime:0.001000s ]
INFO: [ template_filter ] --END-- [ RunTime:0.001000s ]
NOTIC: [8] Undefined variable: vo E:\phpstudy\blog1\xzj\Runtime\Cache\Admin\6e3d490c1048af86f2f562a6cf327908.php 第 4 行.
NOTIC: [8] Undefined variable: vo E:\phpstudy\blog1\xzj\Runtime\Cache\Admin\6e3d490c1048af86f2f562a6cf327908.php 第 14 行.
NOTIC: [8] Undefined variable: vo E:\phpstudy\blog1\xzj\Runtime\Cache\Admin\6e3d490c1048af86f2f562a6cf327908.php 第 19 行.
INFO: Run Behavior\ParseTemplateBehavior [ RunTime:0.024001s ]
INFO: [ view_parse ] --END-- [ RunTime:0.024001s ]
INFO: [ view_filter ] --START--
INFO: Run Behavior\WriteHtmlCacheBehavior [ RunTime:0.000000s ]
INFO: [ view_filter ] --END-- [ RunTime:0.000000s ]
INFO: [ app_end ] --START--
INFO: Run Behavior\ShowPageTraceBehavior [ RunTime:0.000000s ]
INFO: [ app_end ] --END-- [ RunTime:0.000000s ]

[ 2015-05-05T09:40:22+08:00 ] 127.0.0.1 /blog1/index.php/Admin/Photo/add/navTabId/%E5%9B%BE%E7%89%87%E5%88%97%E8%A1%A8/callbackType/closeCurrent
INFO: [ app_begin ] --START--
INFO: Run Behavior\ReadHtmlCacheBehavior [ RunTime:0.003000s ]
INFO: [ app_begin ] --END-- [ RunTime:0.003000s ]
NOTIC: [8] Use of undefined constant Photo - assumed 'Photo' E:\phpstudy\blog1\xzj\Admin\Controller\PhotoController.class.php 第 141 行.
NOTIC: [8192] mysql_connect(): The mysql extension is deprecated and will be removed in the future: use mysqli or PDO instead E:\phpstudy\blog1\ThinkPHP\Library\Think\Db\Driver\Mysql.class.php 第 52 行.
SQL: SHOW COLUMNS FROM `xzj_photo` [ RunTime:0.009000s ]

[ 2015-05-05T09:40:56+08:00 ] 127.0.0.1 /blog1/index.php/Admin/photo/add?_=1430790056569
INFO: [ app_begin ] --START--
INFO: Run Behavior\ReadHtmlCacheBehavior [ RunTime:0.001000s ]
INFO: [ app_begin ] --END-- [ RunTime:0.001000s ]
INFO: [ view_parse ] --START--
INFO: [ template_filter ] --START--
INFO: Run Behavior\ContentReplaceBehavior [ RunTime:0.000000s ]
INFO: [ template_filter ] --END-- [ RunTime:0.000000s ]
NOTIC: [8] Undefined variable: vo E:\phpstudy\blog1\xzj\Runtime\Cache\Admin\6e3d490c1048af86f2f562a6cf327908.php 第 4 行.
NOTIC: [8] Undefined variable: vo E:\phpstudy\blog1\xzj\Runtime\Cache\Admin\6e3d490c1048af86f2f562a6cf327908.php 第 14 行.
NOTIC: [8] Undefined variable: vo E:\phpstudy\blog1\xzj\Runtime\Cache\Admin\6e3d490c1048af86f2f562a6cf327908.php 第 19 行.
INFO: Run Behavior\ParseTemplateBehavior [ RunTime:0.012001s ]
INFO: [ view_parse ] --END-- [ RunTime:0.012001s ]
INFO: [ view_filter ] --START--
INFO: Run Behavior\WriteHtmlCacheBehavior [ RunTime:0.000000s ]
INFO: [ view_filter ] --END-- [ RunTime:0.000000s ]
INFO: [ app_end ] --START--
INFO: Run Behavior\ShowPageTraceBehavior [ RunTime:0.001000s ]
INFO: [ app_end ] --END-- [ RunTime:0.001000s ]

[ 2015-05-05T09:41:04+08:00 ] 127.0.0.1 /blog1/index.php/Admin/Photo/add/navTabId/%E5%9B%BE%E7%89%87%E5%88%97%E8%A1%A8/callbackType/closeCurrent
INFO: [ app_begin ] --START--
INFO: Run Behavior\ReadHtmlCacheBehavior [ RunTime:0.001000s ]
INFO: [ app_begin ] --END-- [ RunTime:0.001000s ]
NOTIC: [8] Use of undefined constant Photo - assumed 'Photo' E:\phpstudy\blog1\xzj\Admin\Controller\PhotoController.class.php 第 141 行.
NOTIC: [8192] mysql_connect(): The mysql extension is deprecated and will be removed in the future: use mysqli or PDO instead E:\phpstudy\blog1\ThinkPHP\Library\Think\Db\Driver\Mysql.class.php 第 52 行.
SQL: SHOW COLUMNS FROM `xzj_photo` [ RunTime:0.007001s ]

[ 2015-05-05T09:42:32+08:00 ] 127.0.0.1 /blog1/index.php/Admin/Photo/add/navTabId/%E5%9B%BE%E7%89%87%E5%88%97%E8%A1%A8/callbackType/closeCurrent
INFO: [ app_begin ] --START--
INFO: Run Behavior\ReadHtmlCacheBehavior [ RunTime:0.001000s ]
INFO: [ app_begin ] --END-- [ RunTime:0.001000s ]
NOTIC: [8] Use of undefined constant Photo - assumed 'Photo' E:\phpstudy\blog1\xzj\Admin\Controller\PhotoController.class.php 第 141 行.
NOTIC: [8192] mysql_connect(): The mysql extension is deprecated and will be removed in the future: use mysqli or PDO instead E:\phpstudy\blog1\ThinkPHP\Library\Think\Db\Driver\Mysql.class.php 第 52 行.
SQL: SHOW COLUMNS FROM `xzj_photo` [ RunTime:0.006000s ]

[ 2015-05-05T09:44:32+08:00 ] 127.0.0.1 /blog1/index.php/Admin/Photo/add/navTabId/%E5%9B%BE%E7%89%87%E5%88%97%E8%A1%A8/callbackType/closeCurrent
INFO: [ app_begin ] --START--
INFO: Run Behavior\ReadHtmlCacheBehavior [ RunTime:0.001000s ]
INFO: [ app_begin ] --END-- [ RunTime:0.001000s ]
NOTIC: [8] Use of undefined constant Photo - assumed 'Photo' E:\phpstudy\blog1\xzj\Admin\Controller\PhotoController.class.php 第 141 行.
NOTIC: [8192] mysql_connect(): The mysql extension is deprecated and will be removed in the future: use mysqli or PDO instead E:\phpstudy\blog1\ThinkPHP\Library\Think\Db\Driver\Mysql.class.php 第 52 行.
SQL: SHOW COLUMNS FROM `xzj_photo` [ RunTime:0.010000s ]
NOTIC: [8] Undefined variable: res E:\phpstudy\blog1\xzj\Common\Common\function.php 第 62 行.

[ 2015-05-05T09:46:16+08:00 ] 127.0.0.1 /blog1/index.php/Admin/Photo/add/navTabId/%E5%9B%BE%E7%89%87%E5%88%97%E8%A1%A8/callbackType/closeCurrent
INFO: [ app_begin ] --START--
INFO: Run Behavior\ReadHtmlCacheBehavior [ RunTime:0.002000s ]
INFO: [ app_begin ] --END-- [ RunTime:0.002000s ]
NOTIC: [8] Use of undefined constant Photo - assumed 'Photo' E:\phpstudy\blog1\xzj\Admin\Controller\PhotoController.class.php 第 141 行.
NOTIC: [8192] mysql_connect(): The mysql extension is deprecated and will be removed in the future: use mysqli or PDO instead E:\phpstudy\blog1\ThinkPHP\Library\Think\Db\Driver\Mysql.class.php 第 52 行.
SQL: SHOW COLUMNS FROM `xzj_photo` [ RunTime:0.010001s ]
NOTIC: [8] Undefined variable: res E:\phpstudy\blog1\xzj\Common\Common\function.php 第 72 行.
NOTIC: [8] Undefined variable: res E:\phpstudy\blog1\xzj\Common\Common\function.php 第 72 行.
SQL: INSERT INTO `xzj_photo` (`id`,`name`,`miaoshu`,`time`) VALUES (0,'','',1430790376) [ RunTime:0.122007s ]
NOTIC: [8] Undefined index: forwardUrl E:\phpstudy\blog1\ThinkPHP\Library\Think\Controller.class.php 第 220 行.

[ 2015-05-05T09:48:12+08:00 ] 127.0.0.1 /blog1/index.php/Admin/Photo/add/navTabId/%E5%9B%BE%E7%89%87%E5%88%97%E8%A1%A8/callbackType/closeCurrent
INFO: [ app_begin ] --START--
INFO: Run Behavior\ReadHtmlCacheBehavior [ RunTime:0.001000s ]
INFO: [ app_begin ] --END-- [ RunTime:0.001000s ]
NOTIC: [8] Use of undefined constant Photo - assumed 'Photo' E:\phpstudy\blog1\xzj\Admin\Controller\PhotoController.class.php 第 141 行.
NOTIC: [8192] mysql_connect(): The mysql extension is deprecated and will be removed in the future: use mysqli or PDO instead E:\phpstudy\blog1\ThinkPHP\Library\Think\Db\Driver\Mysql.class.php 第 52 行.
SQL: SHOW COLUMNS FROM `xzj_photo` [ RunTime:0.010000s ]
NOTIC: [8] Undefined variable: res E:\phpstudy\blog1\xzj\Common\Common\function.php 第 72 行.
NOTIC: [8] Undefined variable: res E:\phpstudy\blog1\xzj\Common\Common\function.php 第 72 行.
SQL: INSERT INTO `xzj_photo` (`id`,`name`,`miaoshu`,`time`) VALUES (0,'','',1430790492) [ RunTime:0.106006s ]
NOTIC: [8] Undefined index: forwardUrl E:\phpstudy\blog1\ThinkPHP\Library\Think\Controller.class.php 第 220 行.

[ 2015-05-05T09:49:07+08:00 ] 127.0.0.1 /blog1/index.php/Admin/Photo/add/navTabId/%E5%9B%BE%E7%89%87%E5%88%97%E8%A1%A8/callbackType/closeCurrent
INFO: [ app_begin ] --START--
INFO: Run Behavior\ReadHtmlCacheBehavior [ RunTime:0.001000s ]
INFO: [ app_begin ] --END-- [ RunTime:0.001000s ]
NOTIC: [8] Use of undefined constant Photo - assumed 'Photo' E:\phpstudy\blog1\xzj\Admin\Controller\PhotoController.class.php 第 141 行.
NOTIC: [8192] mysql_connect(): The mysql extension is deprecated and will be removed in the future: use mysqli or PDO instead E:\phpstudy\blog1\ThinkPHP\Library\Think\Db\Driver\Mysql.class.php 第 52 行.
SQL: SHOW COLUMNS FROM `xzj_photo` [ RunTime:0.008001s ]
NOTIC: [8] Undefined variable: res E:\phpstudy\blog1\xzj\Common\Common\function.php 第 72 行.
NOTIC: [8] Undefined variable: res E:\phpstudy\blog1\xzj\Common\Common\function.php 第 72 行.
SQL: INSERT INTO `xzj_photo` (`id`,`name`,`miaoshu`,`time`) VALUES (0,'','',1430790547) [ RunTime:0.054003s ]
NOTIC: [8] Undefined index: forwardUrl E:\phpstudy\blog1\ThinkPHP\Library\Think\Controller.class.php 第 220 行.

[ 2015-05-05T09:50:35+08:00 ] 127.0.0.1 /blog1/index.php/Admin/Photo/add/navTabId/%E5%9B%BE%E7%89%87%E5%88%97%E8%A1%A8/callbackType/closeCurrent
INFO: [ app_begin ] --START--
INFO: Run Behavior\ReadHtmlCacheBehavior [ RunTime:0.000000s ]
INFO: [ app_begin ] --END-- [ RunTime:0.000000s ]
NOTIC: [8] Use of undefined constant Photo - assumed 'Photo' E:\phpstudy\blog1\xzj\Admin\Controller\PhotoController.class.php 第 141 行.
NOTIC: [8192] mysql_connect(): The mysql extension is deprecated and will be removed in the future: use mysqli or PDO instead E:\phpstudy\blog1\ThinkPHP\Library\Think\Db\Driver\Mysql.class.php 第 52 行.
SQL: SHOW COLUMNS FROM `xzj_photo` [ RunTime:0.007000s ]
NOTIC: [8] Undefined variable: res E:\phpstudy\blog1\xzj\Common\Common\function.php 第 72 行.
NOTIC: [8] Undefined variable: res E:\phpstudy\blog1\xzj\Common\Common\function.php 第 72 行.
SQL: INSERT INTO `xzj_photo` (`id`,`name`,`miaoshu`,`time`) VALUES (0,'','',1430790635) [ RunTime:0.054004s ]
NOTIC: [8] Undefined index: forwardUrl E:\phpstudy\blog1\ThinkPHP\Library\Think\Controller.class.php 第 220 行.

[ 2015-05-05T09:51:43+08:00 ] 127.0.0.1 /blog1/index.php/Admin/Photo/add/navTabId/%E5%9B%BE%E7%89%87%E5%88%97%E8%A1%A8/callbackType/closeCurrent
INFO: [ app_begin ] --START--
INFO: Run Behavior\ReadHtmlCacheBehavior [ RunTime:0.002000s ]
INFO: [ app_begin ] --END-- [ RunTime:0.003000s ]
NOTIC: [8] Use of undefined constant Photo - assumed 'Photo' E:\phpstudy\blog1\xzj\Admin\Controller\PhotoController.class.php 第 141 行.
NOTIC: [8192] mysql_connect(): The mysql extension is deprecated and will be removed in the future: use mysqli or PDO instead E:\phpstudy\blog1\ThinkPHP\Library\Think\Db\Driver\Mysql.class.php 第 52 行.
SQL: SHOW COLUMNS FROM `xzj_photo` [ RunTime:0.006001s ]
NOTIC: [8] Undefined variable: res E:\phpstudy\blog1\xzj\Common\Common\function.php 第 72 行.
NOTIC: [8] Undefined variable: res E:\phpstudy\blog1\xzj\Common\Common\function.php 第 72 行.
NOTIC: [2] Illegal string offset 'mes' E:\phpstudy\blog1\xzj\Admin\Controller\PhotoController.class.php 第 149 行.
SQL: INSERT INTO `xzj_photo` (`id`,`name`,`miaoshu`,`time`) VALUES (0,'','',1430790702) [ RunTime:0.149009s ]
NOTIC: [8] Undefined index: forwardUrl E:\phpstudy\blog1\ThinkPHP\Library\Think\Controller.class.php 第 220 行.

[ 2015-05-05T09:54:40+08:00 ] 127.0.0.1 /blog1/index.php/Admin/Photo/add/navTabId/%E5%9B%BE%E7%89%87%E5%88%97%E8%A1%A8/callbackType/closeCurrent
INFO: [ app_begin ] --START--
INFO: Run Behavior\ReadHtmlCacheBehavior [ RunTime:0.001000s ]
INFO: [ app_begin ] --END-- [ RunTime:0.002000s ]
NOTIC: [8] Use of undefined constant Photo - assumed 'Photo' E:\phpstudy\blog1\xzj\Admin\Controller\PhotoController.class.php 第 141 行.
NOTIC: [8192] mysql_connect(): The mysql extension is deprecated and will be removed in the future: use mysqli or PDO instead E:\phpstudy\blog1\ThinkPHP\Library\Think\Db\Driver\Mysql.class.php 第 52 行.
SQL: SHOW COLUMNS FROM `xzj_photo` [ RunTime:0.006000s ]
NOTIC: [8] Use of undefined constant __PUBLIC__ - assumed '__PUBLIC__' E:\phpstudy\blog1\xzj\Admin\Controller\PhotoController.class.php 第 144 行.
NOTIC: [8] Undefined variable: res E:\phpstudy\blog1\xzj\Common\Common\function.php 第 72 行.
NOTIC: [8] Use of undefined constant __PUBLIC__ - assumed '__PUBLIC__' E:\phpstudy\blog1\xzj\Admin\Controller\PhotoController.class.php 第 144 行.
NOTIC: [8] Undefined variable: res E:\phpstudy\blog1\xzj\Common\Common\function.php 第 72 行.
SQL: INSERT INTO `xzj_photo` (`id`,`name`,`miaoshu`,`time`) VALUES (0,'','',1430790880) [ RunTime:0.044002s ]
NOTIC: [8] Undefined index: forwardUrl E:\phpstudy\blog1\ThinkPHP\Library\Think\Controller.class.php 第 220 行.

[ 2015-05-05T09:55:29+08:00 ] 127.0.0.1 /blog1/index.php/Admin/Photo/add/navTabId/%E5%9B%BE%E7%89%87%E5%88%97%E8%A1%A8/callbackType/closeCurrent
INFO: [ app_begin ] --START--
INFO: Run Behavior\ReadHtmlCacheBehavior [ RunTime:0.001000s ]
INFO: [ app_begin ] --END-- [ RunTime:0.001000s ]
NOTIC: [8] Use of undefined constant Photo - assumed 'Photo' E:\phpstudy\blog1\xzj\Admin\Controller\PhotoController.class.php 第 141 行.
NOTIC: [8192] mysql_connect(): The mysql extension is deprecated and will be removed in the future: use mysqli or PDO instead E:\phpstudy\blog1\ThinkPHP\Library\Think\Db\Driver\Mysql.class.php 第 52 行.
SQL: SHOW COLUMNS FROM `xzj_photo` [ RunTime:0.011001s ]
NOTIC: [8] Undefined variable: res E:\phpstudy\blog1\xzj\Common\Common\function.php 第 72 行.
NOTIC: [8] Undefined variable: res E:\phpstudy\blog1\xzj\Common\Common\function.php 第 72 行.
SQL: INSERT INTO `xzj_photo` (`id`,`name`,`miaoshu`,`time`) VALUES (0,'','',1430790929) [ RunTime:0.043002s ]
NOTIC: [8] Undefined index: forwardUrl E:\phpstudy\blog1\ThinkPHP\Library\Think\Controller.class.php 第 220 行.

[ 2015-05-05T09:57:23+08:00 ] 127.0.0.1 /blog1/index.php/Admin/photo/add?_=1430791043070
INFO: [ app_begin ] --START--
INFO: Run Behavior\ReadHtmlCacheBehavior [ RunTime:0.002000s ]
INFO: [ app_begin ] --END-- [ RunTime:0.002000s ]

[ 2015-05-05T10:10:04+08:00 ] 127.0.0.1 /blog1/index.php/Admin/photo/add?_=1430791803793
INFO: [ app_begin ] --START--
INFO: Run Behavior\ReadHtmlCacheBehavior [ RunTime:0.000000s ]
INFO: [ app_begin ] --END-- [ RunTime:0.001000s ]
INFO: [ view_parse ] --START--
INFO: [ template_filter ] --START--
INFO: Run Behavior\ContentReplaceBehavior [ RunTime:0.000000s ]
INFO: [ template_filter ] --END-- [ RunTime:0.000000s ]
NOTIC: [8] Undefined variable: vo E:\phpstudy\blog1\xzj\Runtime\Cache\Admin\6e3d490c1048af86f2f562a6cf327908.php 第 4 行.
NOTIC: [8] Undefined variable: vo E:\phpstudy\blog1\xzj\Runtime\Cache\Admin\6e3d490c1048af86f2f562a6cf327908.php 第 14 行.
NOTIC: [8] Undefined variable: vo E:\phpstudy\blog1\xzj\Runtime\Cache\Admin\6e3d490c1048af86f2f562a6cf327908.php 第 19 行.
INFO: Run Behavior\ParseTemplateBehavior [ RunTime:0.042002s ]
INFO: [ view_parse ] --END-- [ RunTime:0.042002s ]
INFO: [ view_filter ] --START--
INFO: Run Behavior\WriteHtmlCacheBehavior [ RunTime:0.000000s ]
INFO: [ view_filter ] --END-- [ RunTime:0.000000s ]
INFO: [ app_end ] --START--
INFO: Run Behavior\ShowPageTraceBehavior [ RunTime:0.001000s ]
INFO: [ app_end ] --END-- [ RunTime:0.001000s ]

[ 2015-05-05T10:10:13+08:00 ] 127.0.0.1 /blog1/index.php/Admin/Photo/add/navTabId/%E5%9B%BE%E7%89%87%E5%88%97%E8%A1%A8/callbackType/closeCurrent
INFO: [ app_begin ] --START--
INFO: Run Behavior\ReadHtmlCacheBehavior [ RunTime:0.000000s ]
INFO: [ app_begin ] --END-- [ RunTime:0.000000s ]
NOTIC: [8] Use of undefined constant Photo - assumed 'Photo' E:\phpstudy\blog1\xzj\Admin\Controller\PhotoController.class.php 第 143 行.
NOTIC: [8192] mysql_connect(): The mysql extension is deprecated and will be removed in the future: use mysqli or PDO instead E:\phpstudy\blog1\ThinkPHP\Library\Think\Db\Driver\Mysql.class.php 第 52 行.
SQL: SHOW COLUMNS FROM `xzj_photo` [ RunTime:0.006000s ]
NOTIC: [8] Undefined variable: res E:\phpstudy\blog1\xzj\Common\Common\function.php 第 72 行.
NOTIC: [8] Undefined variable: res E:\phpstudy\blog1\xzj\Common\Common\function.php 第 72 行.
SQL: INSERT INTO `xzj_photo` (`id`,`name`,`miaoshu`,`time`) VALUES (0,'','',1430791813) [ RunTime:0.045002s ]
NOTIC: [8] Undefined index: forwardUrl E:\phpstudy\blog1\ThinkPHP\Library\Think\Controller.class.php 第 220 行.

[ 2015-05-05T10:16:49+08:00 ] 127.0.0.1 /blog1/index.php/Admin/Photo/add/navTabId/%E5%9B%BE%E7%89%87%E5%88%97%E8%A1%A8/callbackType/closeCurrent
INFO: [ app_begin ] --START--
INFO: Run Behavior\ReadHtmlCacheBehavior [ RunTime:0.001000s ]
INFO: [ app_begin ] --END-- [ RunTime:0.001000s ]
NOTIC: [8] Use of undefined constant Photo - assumed 'Photo' E:\phpstudy\blog1\xzj\Admin\Controller\PhotoController.class.php 第 143 行.
NOTIC: [8192] mysql_connect(): The mysql extension is deprecated and will be removed in the future: use mysqli or PDO instead E:\phpstudy\blog1\ThinkPHP\Library\Think\Db\Driver\Mysql.class.php 第 52 行.
SQL: SHOW COLUMNS FROM `xzj_photo` [ RunTime:0.012001s ]
NOTIC: [8] Undefined variable: res E:\phpstudy\blog1\xzj\Common\Common\function.php 第 72 行.
NOTIC: [8] Undefined variable: res E:\phpstudy\blog1\xzj\Common\Common\function.php 第 72 行.
NOTIC: [2048] Only variables should be passed by reference E:\phpstudy\blog1\xzj\Admin\Controller\PhotoController.class.php 第 160 行.
NOTIC: [2048] Only variables should be passed by reference E:\phpstudy\blog1\xzj\Admin\Controller\PhotoController.class.php 第 160 行.
SQL: INSERT INTO `xzj_photo` (`id`,`name`,`miaoshu`,`time`) VALUES (0,'','',1430792209) [ RunTime:0.056003s ]
NOTIC: [8] Undefined index: forwardUrl E:\phpstudy\blog1\ThinkPHP\Library\Think\Controller.class.php 第 220 行.

[ 2015-05-05T10:17:15+08:00 ] 127.0.0.1 /blog1/index.php/Admin/photo/add?_=1430792235263
INFO: [ app_begin ] --START--
INFO: Run Behavior\ReadHtmlCacheBehavior [ RunTime:0.001000s ]
INFO: [ app_begin ] --END-- [ RunTime:0.001000s ]
INFO: [ view_parse ] --START--
INFO: [ template_filter ] --START--
INFO: Run Behavior\ContentReplaceBehavior [ RunTime:0.000000s ]
INFO: [ template_filter ] --END-- [ RunTime:0.000000s ]
NOTIC: [8] Undefined variable: vo E:\phpstudy\blog1\xzj\Runtime\Cache\Admin\6e3d490c1048af86f2f562a6cf327908.php 第 4 行.
NOTIC: [8] Undefined variable: vo E:\phpstudy\blog1\xzj\Runtime\Cache\Admin\6e3d490c1048af86f2f562a6cf327908.php 第 14 行.
NOTIC: [8] Undefined variable: vo E:\phpstudy\blog1\xzj\Runtime\Cache\Admin\6e3d490c1048af86f2f562a6cf327908.php 第 19 行.
INFO: Run Behavior\ParseTemplateBehavior [ RunTime:0.029001s ]
INFO: [ view_parse ] --END-- [ RunTime:0.029001s ]
INFO: [ view_filter ] --START--
INFO: Run Behavior\WriteHtmlCacheBehavior [ RunTime:0.000000s ]
INFO: [ view_filter ] --END-- [ RunTime:0.000000s ]
INFO: [ app_end ] --START--
INFO: Run Behavior\ShowPageTraceBehavior [ RunTime:0.001000s ]
INFO: [ app_end ] --END-- [ RunTime:0.001000s ]

[ 2015-05-05T10:17:42+08:00 ] 127.0.0.1 /blog1/index.php/Admin/Photo/add/navTabId/%E5%9B%BE%E7%89%87%E5%88%97%E8%A1%A8/callbackType/closeCurrent
INFO: [ app_begin ] --START--
INFO: Run Behavior\ReadHtmlCacheBehavior [ RunTime:0.001000s ]
INFO: [ app_begin ] --END-- [ RunTime:0.001000s ]
NOTIC: [8] Use of undefined constant Photo - assumed 'Photo' E:\phpstudy\blog1\xzj\Admin\Controller\PhotoController.class.php 第 143 行.
NOTIC: [8192] mysql_connect(): The mysql extension is deprecated and will be removed in the future: use mysqli or PDO instead E:\phpstudy\blog1\ThinkPHP\Library\Think\Db\Driver\Mysql.class.php 第 52 行.
SQL: SHOW COLUMNS FROM `xzj_photo` [ RunTime:0.007001s ]
NOTIC: [8] Undefined variable: res E:\phpstudy\blog1\xzj\Common\Common\function.php 第 72 行.
NOTIC: [8] Undefined index: dest E:\phpstudy\blog1\xzj\Admin\Controller\PhotoController.class.php 第 155 行.
NOTIC: [2048] Only variables should be passed by reference E:\phpstudy\blog1\xzj\Admin\Controller\PhotoController.class.php 第 160 行.
ERR: 不存在的图像文件

[ 2015-05-05T10:18:00+08:00 ] 127.0.0.1 /blog1/index.php/Admin/Photo/add/navTabId/%E5%9B%BE%E7%89%87%E5%88%97%E8%A1%A8/callbackType/closeCurrent
INFO: [ app_begin ] --START--
INFO: Run Behavior\ReadHtmlCacheBehavior [ RunTime:0.001000s ]
INFO: [ app_begin ] --END-- [ RunTime:0.001000s ]
NOTIC: [8] Use of undefined constant Photo - assumed 'Photo' E:\phpstudy\blog1\xzj\Admin\Controller\PhotoController.class.php 第 143 行.
NOTIC: [8192] mysql_connect(): The mysql extension is deprecated and will be removed in the future: use mysqli or PDO instead E:\phpstudy\blog1\ThinkPHP\Library\Think\Db\Driver\Mysql.class.php 第 52 行.
SQL: SHOW COLUMNS FROM `xzj_photo` [ RunTime:0.007001s ]
NOTIC: [8] Undefined variable: res E:\phpstudy\blog1\xzj\Common\Common\function.php 第 72 行.
NOTIC: [8] Undefined variable: res E:\phpstudy\blog1\xzj\Common\Common\function.php 第 72 行.
NOTIC: [2048] Only variables should be passed by reference E:\phpstudy\blog1\xzj\Admin\Controller\PhotoController.class.php 第 160 行.
NOTIC: [2048] Only variables should be passed by reference E:\phpstudy\blog1\xzj\Admin\Controller\PhotoController.class.php 第 160 行.
SQL: INSERT INTO `xzj_photo` (`id`,`name`,`miaoshu`,`time`) VALUES (0,'','',1430792280) [ RunTime:0.059003s ]
NOTIC: [8] Undefined index: forwardUrl E:\phpstudy\blog1\ThinkPHP\Library\Think\Controller.class.php 第 220 行.

[ 2015-05-05T10:18:22+08:00 ] 127.0.0.1 /blog1/index.php/Admin/photo/add?_=1430792302674
INFO: [ app_begin ] --START--
INFO: Run Behavior\ReadHtmlCacheBehavior [ RunTime:0.000000s ]
INFO: [ app_begin ] --END-- [ RunTime:0.000000s ]
INFO: [ view_parse ] --START--
INFO: [ template_filter ] --START--
INFO: Run Behavior\ContentReplaceBehavior [ RunTime:0.001000s ]
INFO: [ template_filter ] --END-- [ RunTime:0.001000s ]
NOTIC: [8] Undefined variable: vo E:\phpstudy\blog1\xzj\Runtime\Cache\Admin\6e3d490c1048af86f2f562a6cf327908.php 第 4 行.
NOTIC: [8] Undefined variable: vo E:\phpstudy\blog1\xzj\Runtime\Cache\Admin\6e3d490c1048af86f2f562a6cf327908.php 第 14 行.
NOTIC: [8] Undefined variable: vo E:\phpstudy\blog1\xzj\Runtime\Cache\Admin\6e3d490c1048af86f2f562a6cf327908.php 第 19 行.
INFO: Run Behavior\ParseTemplateBehavior [ RunTime:0.011001s ]
INFO: [ view_parse ] --END-- [ RunTime:0.011001s ]
INFO: [ view_filter ] --START--
INFO: Run Behavior\WriteHtmlCacheBehavior [ RunTime:0.000000s ]
INFO: [ view_filter ] --END-- [ RunTime:0.000000s ]
INFO: [ app_end ] --START--
INFO: Run Behavior\ShowPageTraceBehavior [ RunTime:0.001000s ]
INFO: [ app_end ] --END-- [ RunTime:0.001000s ]

[ 2015-05-05T10:19:14+08:00 ] 127.0.0.1 /blog1/index.php/Admin/Photo/add/navTabId/%E5%9B%BE%E7%89%87%E5%88%97%E8%A1%A8/callbackType/closeCurrent
INFO: [ app_begin ] --START--
INFO: Run Behavior\ReadHtmlCacheBehavior [ RunTime:0.001000s ]
INFO: [ app_begin ] --END-- [ RunTime:0.001000s ]
NOTIC: [8] Use of undefined constant Photo - assumed 'Photo' E:\phpstudy\blog1\xzj\Admin\Controller\PhotoController.class.php 第 143 行.
NOTIC: [8192] mysql_connect(): The mysql extension is deprecated and will be removed in the future: use mysqli or PDO instead E:\phpstudy\blog1\ThinkPHP\Library\Think\Db\Driver\Mysql.class.php 第 52 行.
SQL: SHOW COLUMNS FROM `xzj_photo` [ RunTime:0.006001s ]
NOTIC: [8] Undefined variable: res E:\phpstudy\blog1\xzj\Common\Common\function.php 第 72 行.
NOTIC: [8] Undefined variable: res E:\phpstudy\blog1\xzj\Common\Common\function.php 第 72 行.
NOTIC: [2048] Only variables should be passed by reference E:\phpstudy\blog1\xzj\Admin\Controller\PhotoController.class.php 第 160 行.
NOTIC: [2048] Only variables should be passed by reference E:\phpstudy\blog1\xzj\Admin\Controller\PhotoController.class.php 第 160 行.
SQL: INSERT INTO `xzj_photo` (`id`,`name`,`miaoshu`,`time`) VALUES (0,'','',1430792354) [ RunTime:0.055003s ]
NOTIC: [8] Undefined index: forwardUrl E:\phpstudy\blog1\ThinkPHP\Library\Think\Controller.class.php 第 220 行.

[ 2015-05-05T10:21:03+08:00 ] 127.0.0.1 /blog1/index.php/Admin/photo/add?_=1430792463753
INFO: [ app_begin ] --START--
INFO: Run Behavior\ReadHtmlCacheBehavior [ RunTime:0.001000s ]
INFO: [ app_begin ] --END-- [ RunTime:0.001000s ]
INFO: [ view_parse ] --START--
INFO: [ template_filter ] --START--
INFO: Run Behavior\ContentReplaceBehavior [ RunTime:0.000000s ]
INFO: [ template_filter ] --END-- [ RunTime:0.001000s ]
NOTIC: [8] Undefined variable: vo E:\phpstudy\blog1\xzj\Runtime\Cache\Admin\6e3d490c1048af86f2f562a6cf327908.php 第 4 行.
NOTIC: [8] Undefined variable: vo E:\phpstudy\blog1\xzj\Runtime\Cache\Admin\6e3d490c1048af86f2f562a6cf327908.php 第 14 行.
NOTIC: [8] Undefined variable: vo E:\phpstudy\blog1\xzj\Runtime\Cache\Admin\6e3d490c1048af86f2f562a6cf327908.php 第 19 行.
INFO: Run Behavior\ParseTemplateBehavior [ RunTime:0.010000s ]
INFO: [ view_parse ] --END-- [ RunTime:0.010000s ]
INFO: [ view_filter ] --START--
INFO: Run Behavior\WriteHtmlCacheBehavior [ RunTime:0.001000s ]
INFO: [ view_filter ] --END-- [ RunTime:0.001000s ]
INFO: [ app_end ] --START--
INFO: Run Behavior\ShowPageTraceBehavior [ RunTime:0.001000s ]
INFO: [ app_end ] --END-- [ RunTime:0.001000s ]

[ 2015-05-05T10:21:07+08:00 ] 127.0.0.1 /blog1/index.php/Admin/Photo/add/navTabId/%E5%9B%BE%E7%89%87%E5%88%97%E8%A1%A8/callbackType/closeCurrent
INFO: [ app_begin ] --START--
INFO: Run Behavior\ReadHtmlCacheBehavior [ RunTime:0.001000s ]
INFO: [ app_begin ] --END-- [ RunTime:0.001000s ]
NOTIC: [8] Use of undefined constant Photo - assumed 'Photo' E:\phpstudy\blog1\xzj\Admin\Controller\PhotoController.class.php 第 143 行.
NOTIC: [8192] mysql_connect(): The mysql extension is deprecated and will be removed in the future: use mysqli or PDO instead E:\phpstudy\blog1\ThinkPHP\Library\Think\Db\Driver\Mysql.class.php 第 52 行.
SQL: SHOW COLUMNS FROM `xzj_photo` [ RunTime:0.006001s ]
NOTIC: [8] Undefined variable: res E:\phpstudy\blog1\xzj\Common\Common\function.php 第 72 行.
NOTIC: [8] Undefined index: dest E:\phpstudy\blog1\xzj\Admin\Controller\PhotoController.class.php 第 155 行.
NOTIC: [2048] Only variables should be passed by reference E:\phpstudy\blog1\xzj\Admin\Controller\PhotoController.class.php 第 161 行.
SQL: INSERT INTO `xzj_photo` (`id`,`name`,`miaoshu`,`time`) VALUES (0,'','',1430792467) [ RunTime:0.038003s ]
NOTIC: [8] Undefined index: forwardUrl E:\phpstudy\blog1\ThinkPHP\Library\Think\Controller.class.php 第 220 行.

[ 2015-05-05T10:21:10+08:00 ] 127.0.0.1 /blog1/index.php/Admin/Photo/add/navTabId/%E5%9B%BE%E7%89%87%E5%88%97%E8%A1%A8/callbackType/closeCurrent
INFO: [ app_begin ] --START--
INFO: Run Behavior\ReadHtmlCacheBehavior [ RunTime:0.001000s ]
INFO: [ app_begin ] --END-- [ RunTime:0.001000s ]
NOTIC: [8] Use of undefined constant Photo - assumed 'Photo' E:\phpstudy\blog1\xzj\Admin\Controller\PhotoController.class.php 第 143 行.
NOTIC: [8192] mysql_connect(): The mysql extension is deprecated and will be removed in the future: use mysqli or PDO instead E:\phpstudy\blog1\ThinkPHP\Library\Think\Db\Driver\Mysql.class.php 第 52 行.
SQL: SHOW COLUMNS FROM `xzj_photo` [ RunTime:0.006000s ]
NOTIC: [8] Undefined variable: res E:\phpstudy\blog1\xzj\Common\Common\function.php 第 72 行.
NOTIC: [8] Undefined index: dest E:\phpstudy\blog1\xzj\Admin\Controller\PhotoController.class.php 第 155 行.
NOTIC: [2048] Only variables should be passed by reference E:\phpstudy\blog1\xzj\Admin\Controller\PhotoController.class.php 第 161 行.
SQL: INSERT INTO `xzj_photo` (`id`,`name`,`miaoshu`,`time`) VALUES (0,'','',1430792470) [ RunTime:0.051003s ]
NOTIC: [8] Undefined index: forwardUrl E:\phpstudy\blog1\ThinkPHP\Library\Think\Controller.class.php 第 220 行.

[ 2015-05-05T10:22:09+08:00 ] 127.0.0.1 /blog1/index.php/Admin/Photo/add/navTabId/%E5%9B%BE%E7%89%87%E5%88%97%E8%A1%A8/callbackType/closeCurrent
INFO: [ app_begin ] --START--
INFO: Run Behavior\ReadHtmlCacheBehavior [ RunTime:0.001000s ]
INFO: [ app_begin ] --END-- [ RunTime:0.001000s ]
NOTIC: [8] Use of undefined constant Photo - assumed 'Photo' E:\phpstudy\blog1\xzj\Admin\Controller\PhotoController.class.php 第 143 行.
NOTIC: [8192] mysql_connect(): The mysql extension is deprecated and will be removed in the future: use mysqli or PDO instead E:\phpstudy\blog1\ThinkPHP\Library\Think\Db\Driver\Mysql.class.php 第 52 行.
SQL: SHOW COLUMNS FROM `xzj_photo` [ RunTime:0.015001s ]
NOTIC: [8] Undefined variable: res E:\phpstudy\blog1\xzj\Common\Common\function.php 第 72 行.
NOTIC: [8] Undefined index: dest E:\phpstudy\blog1\xzj\Admin\Controller\PhotoController.class.php 第 155 行.
NOTIC: [2048] Only variables should be passed by reference E:\phpstudy\blog1\xzj\Admin\Controller\PhotoController.class.php 第 161 行.
SQL: INSERT INTO `xzj_photo` (`id`,`name`,`miaoshu`,`time`) VALUES (0,'','',1430792529) [ RunTime:0.044003s ]
NOTIC: [8] Undefined index: forwardUrl E:\phpstudy\blog1\ThinkPHP\Library\Think\Controller.class.php 第 220 行.

[ 2015-05-05T10:22:20+08:00 ] 127.0.0.1 /blog1/index.php/Admin/Photo/add/navTabId/%E5%9B%BE%E7%89%87%E5%88%97%E8%A1%A8/callbackType/closeCurrent
INFO: [ app_begin ] --START--
INFO: Run Behavior\ReadHtmlCacheBehavior [ RunTime:0.001000s ]
INFO: [ app_begin ] --END-- [ RunTime:0.001000s ]
NOTIC: [8] Use of undefined constant Photo - assumed 'Photo' E:\phpstudy\blog1\xzj\Admin\Controller\PhotoController.class.php 第 143 行.
NOTIC: [8192] mysql_connect(): The mysql extension is deprecated and will be removed in the future: use mysqli or PDO instead E:\phpstudy\blog1\ThinkPHP\Library\Think\Db\Driver\Mysql.class.php 第 52 行.
SQL: SHOW COLUMNS FROM `xzj_photo` [ RunTime:0.006000s ]
NOTIC: [8] Undefined variable: res E:\phpstudy\blog1\xzj\Common\Common\function.php 第 72 行.
NOTIC: [8] Undefined index: dest E:\phpstudy\blog1\xzj\Admin\Controller\PhotoController.class.php 第 155 行.
NOTIC: [2048] Only variables should be passed by reference E:\phpstudy\blog1\xzj\Admin\Controller\PhotoController.class.php 第 161 行.
SQL: INSERT INTO `xzj_photo` (`id`,`name`,`miaoshu`,`time`) VALUES (0,'','',1430792540) [ RunTime:0.085005s ]
NOTIC: [8] Undefined index: forwardUrl E:\phpstudy\blog1\ThinkPHP\Library\Think\Controller.class.php 第 220 行.

[ 2015-05-05T10:23:07+08:00 ] 127.0.0.1 /blog1/index.php/Admin/Photo/add/navTabId/%E5%9B%BE%E7%89%87%E5%88%97%E8%A1%A8/callbackType/closeCurrent
INFO: [ app_begin ] --START--
INFO: Run Behavior\ReadHtmlCacheBehavior [ RunTime:0.000000s ]
INFO: [ app_begin ] --END-- [ RunTime:0.000000s ]
NOTIC: [8] Use of undefined constant Photo - assumed 'Photo' E:\phpstudy\blog1\xzj\Admin\Controller\PhotoController.class.php 第 143 行.
NOTIC: [8192] mysql_connect(): The mysql extension is deprecated and will be removed in the future: use mysqli or PDO instead E:\phpstudy\blog1\ThinkPHP\Library\Think\Db\Driver\Mysql.class.php 第 52 行.
SQL: SHOW COLUMNS FROM `xzj_photo` [ RunTime:0.014001s ]
NOTIC: [8] Undefined variable: res E:\phpstudy\blog1\xzj\Common\Common\function.php 第 72 行.
NOTIC: [8] Undefined index: dest E:\phpstudy\blog1\xzj\Admin\Controller\PhotoController.class.php 第 155 行.
NOTIC: [2048] Only variables should be passed by reference E:\phpstudy\blog1\xzj\Admin\Controller\PhotoController.class.php 第 161 行.
SQL: INSERT INTO `xzj_photo` (`id`,`name`,`miaoshu`,`time`) VALUES (0,'','',1430792587) [ RunTime:0.057004s ]
NOTIC: [8] Undefined index: forwardUrl E:\phpstudy\blog1\ThinkPHP\Library\Think\Controller.class.php 第 220 行.

[ 2015-05-05T10:23:48+08:00 ] 127.0.0.1 /blog1/index.php/Admin/Photo/add/navTabId/%E5%9B%BE%E7%89%87%E5%88%97%E8%A1%A8/callbackType/closeCurrent
INFO: [ app_begin ] --START--
INFO: Run Behavior\ReadHtmlCacheBehavior [ RunTime:0.001000s ]
INFO: [ app_begin ] --END-- [ RunTime:0.001000s ]
NOTIC: [8] Use of undefined constant Photo - assumed 'Photo' E:\phpstudy\blog1\xzj\Admin\Controller\PhotoController.class.php 第 143 行.
NOTIC: [8192] mysql_connect(): The mysql extension is deprecated and will be removed in the future: use mysqli or PDO instead E:\phpstudy\blog1\ThinkPHP\Library\Think\Db\Driver\Mysql.class.php 第 52 行.
SQL: SHOW COLUMNS FROM `xzj_photo` [ RunTime:0.007000s ]
NOTIC: [8] Undefined variable: res E:\phpstudy\blog1\xzj\Common\Common\function.php 第 72 行.
NOTIC: [8] Undefined index: dest E:\phpstudy\blog1\xzj\Admin\Controller\PhotoController.class.php 第 155 行.
SQL: INSERT INTO `xzj_photo` (`id`,`name`,`miaoshu`,`time`) VALUES (0,'','',1430792628) [ RunTime:0.043003s ]
NOTIC: [8] Undefined index: forwardUrl E:\phpstudy\blog1\ThinkPHP\Library\Think\Controller.class.php 第 220 行.

[ 2015-05-05T10:24:25+08:00 ] 127.0.0.1 /blog1/index.php/Admin/Photo/add/navTabId/%E5%9B%BE%E7%89%87%E5%88%97%E8%A1%A8/callbackType/closeCurrent
INFO: [ app_begin ] --START--
INFO: Run Behavior\ReadHtmlCacheBehavior [ RunTime:0.000000s ]
INFO: [ app_begin ] --END-- [ RunTime:0.000000s ]
NOTIC: [8] Use of undefined constant Photo - assumed 'Photo' E:\phpstudy\blog1\xzj\Admin\Controller\PhotoController.class.php 第 143 行.
NOTIC: [8192] mysql_connect(): The mysql extension is deprecated and will be removed in the future: use mysqli or PDO instead E:\phpstudy\blog1\ThinkPHP\Library\Think\Db\Driver\Mysql.class.php 第 52 行.
SQL: SHOW COLUMNS FROM `xzj_photo` [ RunTime:0.014001s ]
NOTIC: [8] Undefined variable: res E:\phpstudy\blog1\xzj\Common\Common\function.php 第 72 行.
NOTIC: [8] Undefined index: dest E:\phpstudy\blog1\xzj\Admin\Controller\PhotoController.class.php 第 155 行.
SQL: INSERT INTO `xzj_photo` (`id`,`name`,`miaoshu`,`time`) VALUES (0,'','',1430792664) [ RunTime:0.092005s ]
NOTIC: [8] Undefined index: forwardUrl E:\phpstudy\blog1\ThinkPHP\Library\Think\Controller.class.php 第 220 行.

[ 2015-05-05T10:24:46+08:00 ] 127.0.0.1 /blog1/index.php/Admin/photo/add?_=1430792686122
INFO: [ app_begin ] --START--
INFO: Run Behavior\ReadHtmlCacheBehavior [ RunTime:0.001000s ]
INFO: [ app_begin ] --END-- [ RunTime:0.001000s ]
INFO: [ view_parse ] --START--
INFO: [ template_filter ] --START--
INFO: Run Behavior\ContentReplaceBehavior [ RunTime:0.000000s ]
INFO: [ template_filter ] --END-- [ RunTime:0.000000s ]
NOTIC: [8] Undefined variable: vo E:\phpstudy\blog1\xzj\Runtime\Cache\Admin\6e3d490c1048af86f2f562a6cf327908.php 第 4 行.
NOTIC: [8] Undefined variable: vo E:\phpstudy\blog1\xzj\Runtime\Cache\Admin\6e3d490c1048af86f2f562a6cf327908.php 第 14 行.
NOTIC: [8] Undefined variable: vo E:\phpstudy\blog1\xzj\Runtime\Cache\Admin\6e3d490c1048af86f2f562a6cf327908.php 第 19 行.
INFO: Run Behavior\ParseTemplateBehavior [ RunTime:0.028001s ]
INFO: [ view_parse ] --END-- [ RunTime:0.028001s ]
INFO: [ view_filter ] --START--
INFO: Run Behavior\WriteHtmlCacheBehavior [ RunTime:0.000000s ]
INFO: [ view_filter ] --END-- [ RunTime:0.000000s ]
INFO: [ app_end ] --START--
INFO: Run Behavior\ShowPageTraceBehavior [ RunTime:0.000000s ]
INFO: [ app_end ] --END-- [ RunTime:0.001000s ]

[ 2015-05-05T10:24:58+08:00 ] 127.0.0.1 /blog1/index.php/Admin/Photo/add/navTabId/%E5%9B%BE%E7%89%87%E5%88%97%E8%A1%A8/callbackType/closeCurrent
INFO: [ app_begin ] --START--
INFO: Run Behavior\ReadHtmlCacheBehavior [ RunTime:0.001000s ]
INFO: [ app_begin ] --END-- [ RunTime:0.001000s ]
NOTIC: [8] Use of undefined constant Photo - assumed 'Photo' E:\phpstudy\blog1\xzj\Admin\Controller\PhotoController.class.php 第 143 行.
NOTIC: [8192] mysql_connect(): The mysql extension is deprecated and will be removed in the future: use mysqli or PDO instead E:\phpstudy\blog1\ThinkPHP\Library\Think\Db\Driver\Mysql.class.php 第 52 行.
SQL: SHOW COLUMNS FROM `xzj_photo` [ RunTime:0.011001s ]
NOTIC: [8] Undefined variable: res E:\phpstudy\blog1\xzj\Common\Common\function.php 第 72 行.
NOTIC: [8] Undefined variable: res E:\phpstudy\blog1\xzj\Common\Common\function.php 第 72 行.
SQL: INSERT INTO `xzj_photo` (`id`,`name`,`miaoshu`,`time`) VALUES (0,'','',1430792698) [ RunTime:0.047003s ]
NOTIC: [8] Undefined index: forwardUrl E:\phpstudy\blog1\ThinkPHP\Library\Think\Controller.class.php 第 220 行.

[ 2015-05-05T10:26:07+08:00 ] 127.0.0.1 /blog1/index.php/Admin/photo/add?_=1430792766995
INFO: [ app_begin ] --START--
INFO: Run Behavior\ReadHtmlCacheBehavior [ RunTime:0.001000s ]
INFO: [ app_begin ] --END-- [ RunTime:0.001000s ]
INFO: [ view_parse ] --START--
INFO: [ template_filter ] --START--
INFO: Run Behavior\ContentReplaceBehavior [ RunTime:0.000000s ]
INFO: [ template_filter ] --END-- [ RunTime:0.001000s ]
NOTIC: [8] Undefined variable: vo E:\phpstudy\blog1\xzj\Runtime\Cache\Admin\6e3d490c1048af86f2f562a6cf327908.php 第 4 行.
NOTIC: [8] Undefined variable: vo E:\phpstudy\blog1\xzj\Runtime\Cache\Admin\6e3d490c1048af86f2f562a6cf327908.php 第 14 行.
NOTIC: [8] Undefined variable: vo E:\phpstudy\blog1\xzj\Runtime\Cache\Admin\6e3d490c1048af86f2f562a6cf327908.php 第 19 行.
INFO: Run Behavior\ParseTemplateBehavior [ RunTime:0.009000s ]
INFO: [ view_parse ] --END-- [ RunTime:0.009000s ]
INFO: [ view_filter ] --START--
INFO: Run Behavior\WriteHtmlCacheBehavior [ RunTime:0.001000s ]
INFO: [ view_filter ] --END-- [ RunTime:0.001000s ]
INFO: [ app_end ] --START--
INFO: Run Behavior\ShowPageTraceBehavior [ RunTime:0.001000s ]
INFO: [ app_end ] --END-- [ RunTime:0.001000s ]

[ 2015-05-05T10:26:23+08:00 ] 127.0.0.1 /blog1/index.php/Admin/Photo/add/navTabId/%E5%9B%BE%E7%89%87%E5%88%97%E8%A1%A8/callbackType/closeCurrent
INFO: [ app_begin ] --START--
INFO: Run Behavior\ReadHtmlCacheBehavior [ RunTime:0.001000s ]
INFO: [ app_begin ] --END-- [ RunTime:0.001000s ]
NOTIC: [8] Use of undefined constant Photo - assumed 'Photo' E:\phpstudy\blog1\xzj\Admin\Controller\PhotoController.class.php 第 143 行.
NOTIC: [8192] mysql_connect(): The mysql extension is deprecated and will be removed in the future: use mysqli or PDO instead E:\phpstudy\blog1\ThinkPHP\Library\Think\Db\Driver\Mysql.class.php 第 52 行.
SQL: SHOW COLUMNS FROM `xzj_photo` [ RunTime:0.005000s ]
NOTIC: [8] Undefined index: dest E:\phpstudy\blog1\xzj\Admin\Controller\PhotoController.class.php 第 155 行.
NOTIC: [8] Undefined index: dest E:\phpstudy\blog1\xzj\Admin\Controller\PhotoController.class.php 第 155 行.
SQL: INSERT INTO `xzj_photo` (`id`,`name`,`miaoshu`,`time`) VALUES (0,'','',1430792783) [ RunTime:0.059003s ]
NOTIC: [8] Undefined index: forwardUrl E:\phpstudy\blog1\ThinkPHP\Library\Think\Controller.class.php 第 220 行.

[ 2015-05-05T10:29:26+08:00 ] 127.0.0.1 /blog1/index.php/Admin/photo/add?_=1430792966333
INFO: [ app_begin ] --START--
INFO: Run Behavior\ReadHtmlCacheBehavior [ RunTime:0.001000s ]
INFO: [ app_begin ] --END-- [ RunTime:0.001000s ]
INFO: [ view_parse ] --START--
INFO: [ template_filter ] --START--
INFO: Run Behavior\ContentReplaceBehavior [ RunTime:0.000000s ]
INFO: [ template_filter ] --END-- [ RunTime:0.000000s ]
NOTIC: [8] Undefined variable: vo E:\phpstudy\blog1\xzj\Runtime\Cache\Admin\6e3d490c1048af86f2f562a6cf327908.php 第 4 行.
NOTIC: [8] Undefined variable: vo E:\phpstudy\blog1\xzj\Runtime\Cache\Admin\6e3d490c1048af86f2f562a6cf327908.php 第 14 行.
NOTIC: [8] Undefined variable: vo E:\phpstudy\blog1\xzj\Runtime\Cache\Admin\6e3d490c1048af86f2f562a6cf327908.php 第 19 行.
INFO: Run Behavior\ParseTemplateBehavior [ RunTime:0.019001s ]
INFO: [ view_parse ] --END-- [ RunTime:0.019001s ]
INFO: [ view_filter ] --START--
INFO: Run Behavior\WriteHtmlCacheBehavior [ RunTime:0.001000s ]
INFO: [ view_filter ] --END-- [ RunTime:0.001000s ]
INFO: [ app_end ] --START--
INFO: Run Behavior\ShowPageTraceBehavior [ RunTime:0.001000s ]
INFO: [ app_end ] --END-- [ RunTime:0.001000s ]

[ 2015-05-05T10:35:55+08:00 ] 127.0.0.1 /blog1/index.php/Admin/photo/add?_=1430793355580
INFO: [ app_begin ] --START--
INFO: Run Behavior\ReadHtmlCacheBehavior [ RunTime:0.001000s ]
INFO: [ app_begin ] --END-- [ RunTime:0.001000s ]
INFO: [ view_parse ] --START--
INFO: [ template_filter ] --START--
INFO: Run Behavior\ContentReplaceBehavior [ RunTime:0.000000s ]
INFO: [ template_filter ] --END-- [ RunTime:0.000000s ]
NOTIC: [8] Undefined variable: vo E:\phpstudy\blog1\xzj\Runtime\Cache\Admin\6e3d490c1048af86f2f562a6cf327908.php 第 4 行.
NOTIC: [8] Undefined variable: vo E:\phpstudy\blog1\xzj\Runtime\Cache\Admin\6e3d490c1048af86f2f562a6cf327908.php 第 14 行.
NOTIC: [8] Undefined variable: vo E:\phpstudy\blog1\xzj\Runtime\Cache\Admin\6e3d490c1048af86f2f562a6cf327908.php 第 19 行.
INFO: Run Behavior\ParseTemplateBehavior [ RunTime:0.007000s ]
INFO: [ view_parse ] --END-- [ RunTime:0.007000s ]
INFO: [ view_filter ] --START--
INFO: Run Behavior\WriteHtmlCacheBehavior [ RunTime:0.001000s ]
INFO: [ view_filter ] --END-- [ RunTime:0.001000s ]
INFO: [ app_end ] --START--
INFO: Run Behavior\ShowPageTraceBehavior [ RunTime:0.000000s ]
INFO: [ app_end ] --END-- [ RunTime:0.000000s ]

[ 2015-05-05T10:36:11+08:00 ] 127.0.0.1 /blog1/index.php/Admin/Photo/add/navTabId/%E5%9B%BE%E7%89%87%E5%88%97%E8%A1%A8/callbackType/closeCurrent
INFO: [ app_begin ] --START--
INFO: Run Behavior\ReadHtmlCacheBehavior [ RunTime:0.001001s ]
INFO: [ app_begin ] --END-- [ RunTime:0.001001s ]
NOTIC: [8] Use of undefined constant Photo - assumed 'Photo' E:\phpstudy\blog1\xzj\Admin\Controller\PhotoController.class.php 第 143 行.
NOTIC: [8192] mysql_connect(): The mysql extension is deprecated and will be removed in the future: use mysqli or PDO instead E:\phpstudy\blog1\ThinkPHP\Library\Think\Db\Driver\Mysql.class.php 第 52 行.
SQL: SHOW COLUMNS FROM `xzj_photo` [ RunTime:0.006000s ]
NOTIC: [8] Undefined index: dest E:\phpstudy\blog1\xzj\Admin\Controller\PhotoController.class.php 第 155 行.
NOTIC: [8] Undefined variable: res E:\phpstudy\blog1\xzj\Common\Common\function.php 第 72 行.
SQL: INSERT INTO `xzj_photo` (`id`,`name`,`miaoshu`,`time`) VALUES (0,'','',1430793371) [ RunTime:0.142008s ]
NOTIC: [8] Undefined index: forwardUrl E:\phpstudy\blog1\ThinkPHP\Library\Think\Controller.class.php 第 220 行.

[ 2015-05-05T10:37:08+08:00 ] 127.0.0.1 /blog1/index.php/Admin/photo/add?_=1430793428597
INFO: [ app_begin ] --START--
INFO: Run Behavior\ReadHtmlCacheBehavior [ RunTime:0.001000s ]
INFO: [ app_begin ] --END-- [ RunTime:0.001000s ]
INFO: [ view_parse ] --START--
INFO: [ template_filter ] --START--
INFO: Run Behavior\ContentReplaceBehavior [ RunTime:0.001000s ]
INFO: [ template_filter ] --END-- [ RunTime:0.001000s ]
NOTIC: [8] Undefined variable: vo E:\phpstudy\blog1\xzj\Runtime\Cache\Admin\6e3d490c1048af86f2f562a6cf327908.php 第 4 行.
NOTIC: [8] Undefined variable: vo E:\phpstudy\blog1\xzj\Runtime\Cache\Admin\6e3d490c1048af86f2f562a6cf327908.php 第 14 行.
NOTIC: [8] Undefined variable: vo E:\phpstudy\blog1\xzj\Runtime\Cache\Admin\6e3d490c1048af86f2f562a6cf327908.php 第 19 行.
INFO: Run Behavior\ParseTemplateBehavior [ RunTime:0.008000s ]
INFO: [ view_parse ] --END-- [ RunTime:0.008000s ]
INFO: [ view_filter ] --START--
INFO: Run Behavior\WriteHtmlCacheBehavior [ RunTime:0.001000s ]
INFO: [ view_filter ] --END-- [ RunTime:0.001000s ]
INFO: [ app_end ] --START--
INFO: Run Behavior\ShowPageTraceBehavior [ RunTime:0.001000s ]
INFO: [ app_end ] --END-- [ RunTime:0.001000s ]

[ 2015-05-05T10:37:36+08:00 ] 127.0.0.1 /blog1/index.php/Admin/Photo/add/navTabId/%E5%9B%BE%E7%89%87%E5%88%97%E8%A1%A8/callbackType/closeCurrent
INFO: [ app_begin ] --START--
INFO: Run Behavior\ReadHtmlCacheBehavior [ RunTime:0.001000s ]
INFO: [ app_begin ] --END-- [ RunTime:0.001000s ]
NOTIC: [8] Use of undefined constant Photo - assumed 'Photo' E:\phpstudy\blog1\xzj\Admin\Controller\PhotoController.class.php 第 143 行.
NOTIC: [8192] mysql_connect(): The mysql extension is deprecated and will be removed in the future: use mysqli or PDO instead E:\phpstudy\blog1\ThinkPHP\Library\Think\Db\Driver\Mysql.class.php 第 52 行.
SQL: SHOW COLUMNS FROM `xzj_photo` [ RunTime:0.008001s ]
NOTIC: [8] Undefined index: dest E:\phpstudy\blog1\xzj\Admin\Controller\PhotoController.class.php 第 155 行.
NOTIC: [8] Undefined index: dest E:\phpstudy\blog1\xzj\Admin\Controller\PhotoController.class.php 第 155 行.
SQL: INSERT INTO `xzj_photo` (`id`,`name`,`miaoshu`,`time`) VALUES (0,'','',1430793456) [ RunTime:0.058003s ]
NOTIC: [8] Undefined index: forwardUrl E:\phpstudy\blog1\ThinkPHP\Library\Think\Controller.class.php 第 220 行.

[ 2015-05-05T10:40:49+08:00 ] 127.0.0.1 /blog1/index.php/Admin/photo/add?_=1430793649132
INFO: [ app_begin ] --START--
INFO: Run Behavior\ReadHtmlCacheBehavior [ RunTime:0.001000s ]
INFO: [ app_begin ] --END-- [ RunTime:0.001000s ]
INFO: [ view_parse ] --START--
INFO: [ template_filter ] --START--
INFO: Run Behavior\ContentReplaceBehavior [ RunTime:0.000000s ]
INFO: [ template_filter ] --END-- [ RunTime:0.000000s ]
NOTIC: [8] Undefined variable: vo E:\phpstudy\blog1\xzj\Runtime\Cache\Admin\6e3d490c1048af86f2f562a6cf327908.php 第 4 行.
NOTIC: [8] Undefined variable: vo E:\phpstudy\blog1\xzj\Runtime\Cache\Admin\6e3d490c1048af86f2f562a6cf327908.php 第 14 行.
NOTIC: [8] Undefined variable: vo E:\phpstudy\blog1\xzj\Runtime\Cache\Admin\6e3d490c1048af86f2f562a6cf327908.php 第 19 行.
INFO: Run Behavior\ParseTemplateBehavior [ RunTime:0.011001s ]
INFO: [ view_parse ] --END-- [ RunTime:0.011001s ]
INFO: [ view_filter ] --START--
INFO: Run Behavior\WriteHtmlCacheBehavior [ RunTime:0.001000s ]
INFO: [ view_filter ] --END-- [ RunTime:0.001000s ]
INFO: [ app_end ] --START--
INFO: Run Behavior\ShowPageTraceBehavior [ RunTime:0.002000s ]
INFO: [ app_end ] --END-- [ RunTime:0.002000s ]

[ 2015-05-05T10:40:57+08:00 ] 127.0.0.1 /blog1/index.php/Admin/Photo/add/navTabId/%E5%9B%BE%E7%89%87%E5%88%97%E8%A1%A8/callbackType/closeCurrent
INFO: [ app_begin ] --START--
INFO: Run Behavior\ReadHtmlCacheBehavior [ RunTime:0.001000s ]
INFO: [ app_begin ] --END-- [ RunTime:0.001000s ]
NOTIC: [8] Use of undefined constant Photo - assumed 'Photo' E:\phpstudy\blog1\xzj\Admin\Controller\PhotoController.class.php 第 143 行.
NOTIC: [8192] mysql_connect(): The mysql extension is deprecated and will be removed in the future: use mysqli or PDO instead E:\phpstudy\blog1\ThinkPHP\Library\Think\Db\Driver\Mysql.class.php 第 52 行.
SQL: SHOW COLUMNS FROM `xzj_photo` [ RunTime:0.006001s ]
NOTIC: [8] Undefined index: dest E:\phpstudy\blog1\xzj\Admin\Controller\PhotoController.class.php 第 155 行.
NOTIC: [8] Undefined index: dest E:\phpstudy\blog1\xzj\Admin\Controller\PhotoController.class.php 第 155 行.
SQL: INSERT INTO `xzj_photo` (`id`,`name`,`miaoshu`,`time`) VALUES (0,'','',1430793657) [ RunTime:0.058003s ]
NOTIC: [8] Undefined index: forwardUrl E:\phpstudy\blog1\ThinkPHP\Library\Think\Controller.class.php 第 220 行.

[ 2015-05-05T10:41:23+08:00 ] 127.0.0.1 /blog1/index.php/Admin/Photo/add/navTabId/%E5%9B%BE%E7%89%87%E5%88%97%E8%A1%A8/callbackType/closeCurrent
INFO: [ app_begin ] --START--
INFO: Run Behavior\ReadHtmlCacheBehavior [ RunTime:0.000000s ]
INFO: [ app_begin ] --END-- [ RunTime:0.001000s ]
NOTIC: [8] Use of undefined constant Photo - assumed 'Photo' E:\phpstudy\blog1\xzj\Admin\Controller\PhotoController.class.php 第 143 行.
NOTIC: [8192] mysql_connect(): The mysql extension is deprecated and will be removed in the future: use mysqli or PDO instead E:\phpstudy\blog1\ThinkPHP\Library\Think\Db\Driver\Mysql.class.php 第 52 行.
SQL: SHOW COLUMNS FROM `xzj_photo` [ RunTime:0.007000s ]
NOTIC: [8] Undefined index: dest E:\phpstudy\blog1\xzj\Admin\Controller\PhotoController.class.php 第 155 行.
NOTIC: [8] Undefined index: dest E:\phpstudy\blog1\xzj\Admin\Controller\PhotoController.class.php 第 155 行.
SQL: INSERT INTO `xzj_photo` (`id`,`name`,`miaoshu`,`time`) VALUES (0,'','',1430793683) [ RunTime:0.042002s ]
NOTIC: [8] Undefined index: forwardUrl E:\phpstudy\blog1\ThinkPHP\Library\Think\Controller.class.php 第 220 行.

[ 2015-05-05T10:43:49+08:00 ] 127.0.0.1 /blog1/index.php/Admin/photo/add?_=1430793829460
INFO: [ app_begin ] --START--
INFO: Run Behavior\ReadHtmlCacheBehavior [ RunTime:0.001000s ]
INFO: [ app_begin ] --END-- [ RunTime:0.002000s ]

[ 2015-05-05T10:45:02+08:00 ] 127.0.0.1 /blog1/index.php/Admin/Diary/add?_=1430793902354
INFO: [ app_begin ] --START--
INFO: Run Behavior\ReadHtmlCacheBehavior [ RunTime:0.001000s ]
INFO: [ app_begin ] --END-- [ RunTime:0.001000s ]
INFO: [ view_parse ] --START--
INFO: [ template_filter ] --START--
INFO: Run Behavior\ContentReplaceBehavior [ RunTime:0.000000s ]
INFO: [ template_filter ] --END-- [ RunTime:0.000000s ]
NOTIC: [8] Undefined variable: find E:\phpstudy\blog1\xzj\Runtime\Cache\Admin\0ca0d22c21c35da4a4cbf9ce12b4c58e.php 第 4 行.
INFO: Run Behavior\ParseTemplateBehavior [ RunTime:0.027001s ]
INFO: [ view_parse ] --END-- [ RunTime:0.028002s ]
INFO: [ view_filter ] --START--
INFO: Run Behavior\WriteHtmlCacheBehavior [ RunTime:0.000000s ]
INFO: [ view_filter ] --END-- [ RunTime:0.000000s ]
INFO: [ app_end ] --START--
INFO: Run Behavior\ShowPageTraceBehavior [ RunTime:0.001000s ]
INFO: [ app_end ] --END-- [ RunTime:0.002000s ]

[ 2015-05-05T10:45:07+08:00 ] 127.0.0.1 /blog1/index.php/Admin/photo/add?_=1430793907025
INFO: [ app_begin ] --START--
INFO: Run Behavior\ReadHtmlCacheBehavior [ RunTime:0.001000s ]
INFO: [ app_begin ] --END-- [ RunTime:0.001000s ]
INFO: [ view_parse ] --START--
INFO: [ template_filter ] --START--
INFO: Run Behavior\ContentReplaceBehavior [ RunTime:0.000000s ]
INFO: [ template_filter ] --END-- [ RunTime:0.000000s ]
NOTIC: [8] Undefined variable: vo E:\phpstudy\blog1\xzj\Runtime\Cache\Admin\6e3d490c1048af86f2f562a6cf327908.php 第 4 行.
NOTIC: [8] Undefined variable: vo E:\phpstudy\blog1\xzj\Runtime\Cache\Admin\6e3d490c1048af86f2f562a6cf327908.php 第 14 行.
NOTIC: [8] Undefined variable: vo E:\phpstudy\blog1\xzj\Runtime\Cache\Admin\6e3d490c1048af86f2f562a6cf327908.php 第 19 行.
INFO: Run Behavior\ParseTemplateBehavior [ RunTime:0.014001s ]
INFO: [ view_parse ] --END-- [ RunTime:0.014001s ]
INFO: [ view_filter ] --START--
INFO: Run Behavior\WriteHtmlCacheBehavior [ RunTime:0.001000s ]
INFO: [ view_filter ] --END-- [ RunTime:0.001000s ]
INFO: [ app_end ] --START--
INFO: Run Behavior\ShowPageTraceBehavior [ RunTime:0.003000s ]
INFO: [ app_end ] --END-- [ RunTime:0.003000s ]

[ 2015-05-05T10:45:15+08:00 ] 127.0.0.1 /blog1/index.php/Admin/Photo/add/navTabId/%E5%9B%BE%E7%89%87%E5%88%97%E8%A1%A8/callbackType/closeCurrent
INFO: [ app_begin ] --START--
INFO: Run Behavior\ReadHtmlCacheBehavior [ RunTime:0.001000s ]
INFO: [ app_begin ] --END-- [ RunTime:0.001000s ]
NOTIC: [8] Use of undefined constant Photo - assumed 'Photo' E:\phpstudy\blog1\xzj\Admin\Controller\PhotoController.class.php 第 143 行.
NOTIC: [8192] mysql_connect(): The mysql extension is deprecated and will be removed in the future: use mysqli or PDO instead E:\phpstudy\blog1\ThinkPHP\Library\Think\Db\Driver\Mysql.class.php 第 52 行.
SQL: SHOW COLUMNS FROM `xzj_photo` [ RunTime:0.006000s ]

[ 2015-05-05T10:45:53+08:00 ] 127.0.0.1 /blog1/index.php/Admin/Photo/add/navTabId/%E5%9B%BE%E7%89%87%E5%88%97%E8%A1%A8/callbackType/closeCurrent
INFO: [ app_begin ] --START--
INFO: Run Behavior\ReadHtmlCacheBehavior [ RunTime:0.001000s ]
INFO: [ app_begin ] --END-- [ RunTime:0.001000s ]
NOTIC: [8] Use of undefined constant Photo - assumed 'Photo' E:\phpstudy\blog1\xzj\Admin\Controller\PhotoController.class.php 第 143 行.
NOTIC: [8192] mysql_connect(): The mysql extension is deprecated and will be removed in the future: use mysqli or PDO instead E:\phpstudy\blog1\ThinkPHP\Library\Think\Db\Driver\Mysql.class.php 第 52 行.
SQL: SHOW COLUMNS FROM `xzj_photo` [ RunTime:0.009001s ]
NOTIC: [2] call_user_func() expects parameter 1 to be a valid callback, no array or string given E:\phpstudy\blog1\ThinkPHP\Library\Think\Upload.class.php 第 169 行.

[ 2015-05-05T10:46:17+08:00 ] 127.0.0.1 /blog1/index.php/Admin/Photo/add/navTabId/%E5%9B%BE%E7%89%87%E5%88%97%E8%A1%A8/callbackType/closeCurrent
INFO: [ app_begin ] --START--
INFO: Run Behavior\ReadHtmlCacheBehavior [ RunTime:0.001001s ]
INFO: [ app_begin ] --END-- [ RunTime:0.001001s ]
NOTIC: [8] Use of undefined constant Photo - assumed 'Photo' E:\phpstudy\blog1\xzj\Admin\Controller\PhotoController.class.php 第 143 行.
NOTIC: [8192] mysql_connect(): The mysql extension is deprecated and will be removed in the future: use mysqli or PDO instead E:\phpstudy\blog1\ThinkPHP\Library\Think\Db\Driver\Mysql.class.php 第 52 行.
SQL: SHOW COLUMNS FROM `xzj_photo` [ RunTime:0.009000s ]

[ 2015-05-05T10:54:18+08:00 ] 127.0.0.1 /blog1/index.php/Admin/photo/add?_=1430794457549
INFO: [ app_begin ] --START--
INFO: Run Behavior\ReadHtmlCacheBehavior [ RunTime:0.001000s ]
INFO: [ app_begin ] --END-- [ RunTime:0.001000s ]
INFO: [ view_parse ] --START--
INFO: [ template_filter ] --START--
INFO: Run Behavior\ContentReplaceBehavior [ RunTime:0.000000s ]
INFO: [ template_filter ] --END-- [ RunTime:0.000000s ]
NOTIC: [8] Undefined variable: vo E:\phpstudy\blog1\xzj\Runtime\Cache\Admin\6e3d490c1048af86f2f562a6cf327908.php 第 4 行.
NOTIC: [8] Undefined variable: vo E:\phpstudy\blog1\xzj\Runtime\Cache\Admin\6e3d490c1048af86f2f562a6cf327908.php 第 14 行.
NOTIC: [8] Undefined variable: vo E:\phpstudy\blog1\xzj\Runtime\Cache\Admin\6e3d490c1048af86f2f562a6cf327908.php 第 19 行.
INFO: Run Behavior\ParseTemplateBehavior [ RunTime:0.027002s ]
INFO: [ view_parse ] --END-- [ RunTime:0.027002s ]
INFO: [ view_filter ] --START--
INFO: Run Behavior\WriteHtmlCacheBehavior [ RunTime:0.001000s ]
INFO: [ view_filter ] --END-- [ RunTime:0.001000s ]
INFO: [ app_end ] --START--
INFO: Run Behavior\ShowPageTraceBehavior [ RunTime:0.001000s ]
INFO: [ app_end ] --END-- [ RunTime:0.001000s ]

[ 2015-05-05T10:56:43+08:00 ] 127.0.0.1 /blog1/index.php/Admin/Photo/add/navTabId/%E5%9B%BE%E7%89%87%E5%88%97%E8%A1%A8/callbackType/closeCurrent
INFO: [ app_begin ] --START--
INFO: Run Behavior\ReadHtmlCacheBehavior [ RunTime:0.001000s ]
INFO: [ app_begin ] --END-- [ RunTime:0.001000s ]
NOTIC: [8] Use of undefined constant Photo - assumed 'Photo' E:\phpstudy\blog1\xzj\Admin\Controller\PhotoController.class.php 第 143 行.
NOTIC: [8192] mysql_connect(): The mysql extension is deprecated and will be removed in the future: use mysqli or PDO instead E:\phpstudy\blog1\ThinkPHP\Library\Think\Db\Driver\Mysql.class.php 第 52 行.
SQL: SHOW COLUMNS FROM `xzj_photo` [ RunTime:0.032002s ]
NOTIC: [8] Undefined variable: res E:\phpstudy\blog1\xzj\Common\Common\function.php 第 72 行.
ERR: 非法图像文件

[ 2015-05-05T10:57:19+08:00 ] 127.0.0.1 /blog1/index.php/Admin/Photo/add/navTabId/%E5%9B%BE%E7%89%87%E5%88%97%E8%A1%A8/callbackType/closeCurrent
INFO: [ app_begin ] --START--
INFO: Run Behavior\ReadHtmlCacheBehavior [ RunTime:0.000000s ]
INFO: [ app_begin ] --END-- [ RunTime:0.000000s ]
NOTIC: [8] Use of undefined constant Photo - assumed 'Photo' E:\phpstudy\blog1\xzj\Admin\Controller\PhotoController.class.php 第 143 行.
NOTIC: [8192] mysql_connect(): The mysql extension is deprecated and will be removed in the future: use mysqli or PDO instead E:\phpstudy\blog1\ThinkPHP\Library\Think\Db\Driver\Mysql.class.php 第 52 行.
SQL: SHOW COLUMNS FROM `xzj_photo` [ RunTime:0.006000s ]
NOTIC: [8] Undefined variable: res E:\phpstudy\blog1\xzj\Common\Common\function.php 第 72 行.
SQL: INSERT INTO `xzj_photo` (`id`,`name`,`miaoshu`,`time`) VALUES (0,'','',1430794638) [ RunTime:0.383022s ]
NOTIC: [8] Undefined index: forwardUrl E:\phpstudy\blog1\ThinkPHP\Library\Think\Controller.class.php 第 220 行.

[ 2015-05-05T11:00:10+08:00 ] 127.0.0.1 /blog1/index.php/Admin/photo/add?_=1430794810739
INFO: [ app_begin ] --START--
INFO: Run Behavior\ReadHtmlCacheBehavior [ RunTime:0.001000s ]
INFO: [ app_begin ] --END-- [ RunTime:0.001000s ]

[ 2015-05-05T11:00:22+08:00 ] 127.0.0.1 /blog1/index.php/Admin/photo/add?_=1430794822271
INFO: [ app_begin ] --START--
INFO: Run Behavior\ReadHtmlCacheBehavior [ RunTime:0.000000s ]
INFO: [ app_begin ] --END-- [ RunTime:0.001000s ]

[ 2015-05-05T11:00:48+08:00 ] 127.0.0.1 /blog1/index.php/Admin/photo/add?_=1430794848033
INFO: [ app_begin ] --START--
INFO: Run Behavior\ReadHtmlCacheBehavior [ RunTime:0.001000s ]
INFO: [ app_begin ] --END-- [ RunTime:0.001000s ]
INFO: [ view_parse ] --START--
INFO: [ template_filter ] --START--
INFO: Run Behavior\ContentReplaceBehavior [ RunTime:0.000000s ]
INFO: [ template_filter ] --END-- [ RunTime:0.000000s ]
NOTIC: [8] Undefined variable: vo E:\phpstudy\blog1\xzj\Runtime\Cache\Admin\6e3d490c1048af86f2f562a6cf327908.php 第 4 行.
NOTIC: [8] Undefined variable: vo E:\phpstudy\blog1\xzj\Runtime\Cache\Admin\6e3d490c1048af86f2f562a6cf327908.php 第 14 行.
NOTIC: [8] Undefined variable: vo E:\phpstudy\blog1\xzj\Runtime\Cache\Admin\6e3d490c1048af86f2f562a6cf327908.php 第 19 行.
INFO: Run Behavior\ParseTemplateBehavior [ RunTime:0.008000s ]
INFO: [ view_parse ] --END-- [ RunTime:0.008000s ]
INFO: [ view_filter ] --START--
INFO: Run Behavior\WriteHtmlCacheBehavior [ RunTime:0.000000s ]
INFO: [ view_filter ] --END-- [ RunTime:0.000000s ]
INFO: [ app_end ] --START--
INFO: Run Behavior\ShowPageTraceBehavior [ RunTime:0.001000s ]
INFO: [ app_end ] --END-- [ RunTime:0.001000s ]

[ 2015-05-05T11:02:54+08:00 ] 127.0.0.1 /blog1/index.php/Admin/photo/add?_=1430794974355
INFO: [ app_begin ] --START--
INFO: Run Behavior\ReadHtmlCacheBehavior [ RunTime:0.001001s ]
INFO: [ app_begin ] --END-- [ RunTime:0.001001s ]
INFO: [ view_parse ] --START--
INFO: [ template_filter ] --START--
INFO: Run Behavior\ContentReplaceBehavior [ RunTime:0.000000s ]
INFO: [ template_filter ] --END-- [ RunTime:0.000000s ]
NOTIC: [8] Undefined variable: vo E:\phpstudy\blog1\xzj\Runtime\Cache\Admin\6e3d490c1048af86f2f562a6cf327908.php 第 4 行.
NOTIC: [8] Undefined variable: vo E:\phpstudy\blog1\xzj\Runtime\Cache\Admin\6e3d490c1048af86f2f562a6cf327908.php 第 14 行.
NOTIC: [8] Undefined variable: vo E:\phpstudy\blog1\xzj\Runtime\Cache\Admin\6e3d490c1048af86f2f562a6cf327908.php 第 19 行.
INFO: Run Behavior\ParseTemplateBehavior [ RunTime:0.009000s ]
INFO: [ view_parse ] --END-- [ RunTime:0.009000s ]
INFO: [ view_filter ] --START--
INFO: Run Behavior\WriteHtmlCacheBehavior [ RunTime:0.001000s ]
INFO: [ view_filter ] --END-- [ RunTime:0.001000s ]
INFO: [ app_end ] --START--
INFO: Run Behavior\ShowPageTraceBehavior [ RunTime:0.001000s ]
INFO: [ app_end ] --END-- [ RunTime:0.001000s ]

